                              1 ;--------------------------------------------------------
                              2 ; File Created by SDCC : free open source ANSI-C Compiler
                              3 ; Version 3.1.1 #7100 (Apr  1 2013) (Linux)
                              4 ; This file was generated Tue Apr 23 09:41:31 2013
                              5 ;--------------------------------------------------------
                              6 	.module adc_sensor
                              7 	.optsdcc -mmcs51 --model-large
                              8 	
                              9 ;--------------------------------------------------------
                             10 ; Public variables in this module
                             11 ;--------------------------------------------------------
                             12 	.globl _adc_sensor
                             13 	.globl _n740_ser_par_get
                             14 	.globl _n740_ser_par_set
                             15 	.globl _IRCON2_P2IF
                             16 	.globl _IRCON2_UTX0IF
                             17 	.globl _IRCON2_UTX1IF
                             18 	.globl _IRCON2_P1IF
                             19 	.globl _IRCON2_WDTIF
                             20 	.globl _CY
                             21 	.globl _AC
                             22 	.globl _F0
                             23 	.globl _RS1
                             24 	.globl _RS0
                             25 	.globl _OV
                             26 	.globl _F1
                             27 	.globl _P
                             28 	.globl _IRCON_DMAIF
                             29 	.globl _IRCON_T1IF
                             30 	.globl _IRCON_T2IF
                             31 	.globl _IRCON_T3IF
                             32 	.globl _IRCON_T4IF
                             33 	.globl _IRCON_P0IF
                             34 	.globl _IRCON_STIF
                             35 	.globl _IEN1_DMAIE
                             36 	.globl _IEN1_T1IE
                             37 	.globl _IEN1_T2IE
                             38 	.globl _IEN1_T3IE
                             39 	.globl _IEN1_T4IE
                             40 	.globl _IEN1_P0IE
                             41 	.globl _IEN0_RFERRIE
                             42 	.globl _IEN0_ADCIE
                             43 	.globl _IEN0_URX0IE
                             44 	.globl _IEN0_URX1IE
                             45 	.globl _IEN0_ENCIE
                             46 	.globl _IEN0_STIE
                             47 	.globl _IEN0_EA
                             48 	.globl _EA
                             49 	.globl _P2_4
                             50 	.globl _P2_3
                             51 	.globl _P2_2
                             52 	.globl _P2_1
                             53 	.globl _P2_0
                             54 	.globl _S0CON_ENCIF_0
                             55 	.globl _S0CON_ENCIF_1
                             56 	.globl _P1_7
                             57 	.globl _P1_6
                             58 	.globl _P1_5
                             59 	.globl _P1_4
                             60 	.globl _P1_3
                             61 	.globl _P1_2
                             62 	.globl _P1_1
                             63 	.globl _P1_0
                             64 	.globl _TCON_IT0
                             65 	.globl _TCON_RFERRIF
                             66 	.globl _TCON_IT1
                             67 	.globl _TCON_URX0IF
                             68 	.globl _TCON_ADCIF
                             69 	.globl _TCON_URX1IF
                             70 	.globl _P0_0
                             71 	.globl _P0_1
                             72 	.globl _P0_2
                             73 	.globl _P0_3
                             74 	.globl _P0_4
                             75 	.globl _P0_5
                             76 	.globl _P0_6
                             77 	.globl _P0_7
                             78 	.globl _P2DIR
                             79 	.globl _P1DIR
                             80 	.globl _P0DIR
                             81 	.globl _U1GCR
                             82 	.globl _U1UCR
                             83 	.globl _U1BAUD
                             84 	.globl _U1BUF
                             85 	.globl _U1CSR
                             86 	.globl _P2INP
                             87 	.globl _P1INP
                             88 	.globl _P2SEL
                             89 	.globl _P1SEL
                             90 	.globl _P0SEL
                             91 	.globl _ADCCFG
                             92 	.globl _PERCFG
                             93 	.globl _B
                             94 	.globl _T4CC1
                             95 	.globl _T4CCTL1
                             96 	.globl _T4CC0
                             97 	.globl _T4CCTL0
                             98 	.globl _T4CTL
                             99 	.globl _T4CNT
                            100 	.globl _RFIF
                            101 	.globl _IRCON2
                            102 	.globl _T1CCTL2
                            103 	.globl _T1CCTL1
                            104 	.globl _T1CCTL0
                            105 	.globl _T1CTL
                            106 	.globl _T1CNTH
                            107 	.globl _T1CNTL
                            108 	.globl _RFST
                            109 	.globl _ACC
                            110 	.globl _T1CC2H
                            111 	.globl _T1CC2L
                            112 	.globl _T1CC1H
                            113 	.globl _T1CC1L
                            114 	.globl _T1CC0H
                            115 	.globl _T1CC0L
                            116 	.globl _RFD
                            117 	.globl _TIMIF
                            118 	.globl _DMAREQ
                            119 	.globl _DMAARM
                            120 	.globl _DMA0CFGH
                            121 	.globl _DMA0CFGL
                            122 	.globl _DMA1CFGH
                            123 	.globl _DMA1CFGL
                            124 	.globl _DMAIRQ
                            125 	.globl _PSW
                            126 	.globl _T3CC1
                            127 	.globl _T3CCTL1
                            128 	.globl _T3CC0
                            129 	.globl _T3CCTL0
                            130 	.globl _T3CTL
                            131 	.globl _T3CNT
                            132 	.globl _WDCTL
                            133 	.globl _T2CON
                            134 	.globl _MEMCTR
                            135 	.globl _CLKCON
                            136 	.globl _U0GCR
                            137 	.globl _U0UCR
                            138 	.globl _T2CNF
                            139 	.globl _U0BAUD
                            140 	.globl _U0BUF
                            141 	.globl _IRCON
                            142 	.globl _SLEEP
                            143 	.globl _RNDH
                            144 	.globl _RNDL
                            145 	.globl _ADCH
                            146 	.globl _ADCL
                            147 	.globl _IP1
                            148 	.globl _IEN1
                            149 	.globl _RCCTL
                            150 	.globl _ADCCON3
                            151 	.globl _ADCCON2
                            152 	.globl _ADCCON1
                            153 	.globl _ENCCS
                            154 	.globl _ENCDO
                            155 	.globl _ENCDI
                            156 	.globl _FWDATA
                            157 	.globl _FCTL
                            158 	.globl _FADDRH
                            159 	.globl _FADDRL
                            160 	.globl _FWT
                            161 	.globl _IP0
                            162 	.globl _IEN0
                            163 	.globl _IE
                            164 	.globl _T2THD
                            165 	.globl _T2TLD
                            166 	.globl _T2CAPHPH
                            167 	.globl _T2CAPLPL
                            168 	.globl _T2OF2
                            169 	.globl _T2OF1
                            170 	.globl _T2OF0
                            171 	.globl _P2
                            172 	.globl _PSBANK
                            173 	.globl _FMAP
                            174 	.globl _T2PEROF2
                            175 	.globl _T2PEROF1
                            176 	.globl _T2PEROF0
                            177 	.globl _S1CON
                            178 	.globl _IEN2
                            179 	.globl _HSRC
                            180 	.globl _S0CON
                            181 	.globl _ST2
                            182 	.globl _ST1
                            183 	.globl _ST0
                            184 	.globl _T2CMP
                            185 	.globl __XPAGE
                            186 	.globl _DPS
                            187 	.globl _RFIM
                            188 	.globl _P1
                            189 	.globl _P0INP
                            190 	.globl _P1IEN
                            191 	.globl _PICTL
                            192 	.globl _P2IFG
                            193 	.globl _P1IFG
                            194 	.globl _P0IFG
                            195 	.globl _TCON
                            196 	.globl _PCON
                            197 	.globl _U0CSR
                            198 	.globl _DPH1
                            199 	.globl _DPL1
                            200 	.globl _DPH0
                            201 	.globl _DPL0
                            202 	.globl _SP
                            203 	.globl _P0
                            204 	.globl _ADC_SHADOW
                            205 	.globl _U1BUF_SHADOW
                            206 	.globl _RFD_SHADOW
                            207 	.globl _U0BUF_SHADOW
                            208 	.globl _RFSTATUS
                            209 	.globl _CHIPID
                            210 	.globl _CHVER
                            211 	.globl _FSMTC1
                            212 	.globl _RXFIFOCNT
                            213 	.globl _IOCFG3
                            214 	.globl _IOCFG2
                            215 	.globl _IOCFG1
                            216 	.globl _IOCFG0
                            217 	.globl _SHORTADDRL
                            218 	.globl _SHORTADDRH
                            219 	.globl _PANIDL
                            220 	.globl _PANIDH
                            221 	.globl _IEEE_ADDR7
                            222 	.globl _IEEE_ADDR6
                            223 	.globl _IEEE_ADDR5
                            224 	.globl _IEEE_ADDR4
                            225 	.globl _IEEE_ADDR3
                            226 	.globl _IEEE_ADDR2
                            227 	.globl _IEEE_ADDR1
                            228 	.globl _IEEE_ADDR0
                            229 	.globl _DACTSTL
                            230 	.globl _DACTSTH
                            231 	.globl _ADCTSTL
                            232 	.globl _ADCTSTH
                            233 	.globl _FSMSTATE
                            234 	.globl _AGCCTRLL
                            235 	.globl _AGCCTRLH
                            236 	.globl _MANORL
                            237 	.globl _MANORH
                            238 	.globl _MANANDL
                            239 	.globl _MANANDH
                            240 	.globl _FSMTCL
                            241 	.globl _FSMTCH
                            242 	.globl _RFPWR
                            243 	.globl _CSPT
                            244 	.globl _CSPCTRL
                            245 	.globl _CSPZ
                            246 	.globl _CSPY
                            247 	.globl _CSPX
                            248 	.globl _FSCTRLL
                            249 	.globl _FSCTRLH
                            250 	.globl _RXCTRL1L
                            251 	.globl _RXCTRL1H
                            252 	.globl _RXCTRL0L
                            253 	.globl _RXCTRL0H
                            254 	.globl _TXCTRLL
                            255 	.globl _TXCTRLH
                            256 	.globl _SYNCWORDL
                            257 	.globl _SYNCWORDH
                            258 	.globl _RSSIL
                            259 	.globl _RSSIH
                            260 	.globl _MDMCTRL1L
                            261 	.globl _MDMCTRL1H
                            262 	.globl _MDMCTRL0L
                            263 	.globl _MDMCTRL0H
                            264 ;--------------------------------------------------------
                            265 ; special function registers
                            266 ;--------------------------------------------------------
                            267 	.area RSEG    (ABS,DATA)
   0000                     268 	.org 0x0000
                    0080    269 _P0	=	0x0080
                    0081    270 _SP	=	0x0081
                    0082    271 _DPL0	=	0x0082
                    0083    272 _DPH0	=	0x0083
                    0084    273 _DPL1	=	0x0084
                    0085    274 _DPH1	=	0x0085
                    0086    275 _U0CSR	=	0x0086
                    0087    276 _PCON	=	0x0087
                    0088    277 _TCON	=	0x0088
                    0089    278 _P0IFG	=	0x0089
                    008A    279 _P1IFG	=	0x008a
                    008B    280 _P2IFG	=	0x008b
                    008C    281 _PICTL	=	0x008c
                    008D    282 _P1IEN	=	0x008d
                    008F    283 _P0INP	=	0x008f
                    0090    284 _P1	=	0x0090
                    0091    285 _RFIM	=	0x0091
                    0092    286 _DPS	=	0x0092
                    0093    287 __XPAGE	=	0x0093
                    0094    288 _T2CMP	=	0x0094
                    0095    289 _ST0	=	0x0095
                    0096    290 _ST1	=	0x0096
                    0097    291 _ST2	=	0x0097
                    0098    292 _S0CON	=	0x0098
                    0099    293 _HSRC	=	0x0099
                    009A    294 _IEN2	=	0x009a
                    009B    295 _S1CON	=	0x009b
                    009C    296 _T2PEROF0	=	0x009c
                    009D    297 _T2PEROF1	=	0x009d
                    009E    298 _T2PEROF2	=	0x009e
                    009F    299 _FMAP	=	0x009f
                    009F    300 _PSBANK	=	0x009f
                    00A0    301 _P2	=	0x00a0
                    00A1    302 _T2OF0	=	0x00a1
                    00A2    303 _T2OF1	=	0x00a2
                    00A3    304 _T2OF2	=	0x00a3
                    00A4    305 _T2CAPLPL	=	0x00a4
                    00A5    306 _T2CAPHPH	=	0x00a5
                    00A6    307 _T2TLD	=	0x00a6
                    00A7    308 _T2THD	=	0x00a7
                    00A8    309 _IE	=	0x00a8
                    00A8    310 _IEN0	=	0x00a8
                    00A9    311 _IP0	=	0x00a9
                    00AB    312 _FWT	=	0x00ab
                    00AC    313 _FADDRL	=	0x00ac
                    00AD    314 _FADDRH	=	0x00ad
                    00AE    315 _FCTL	=	0x00ae
                    00AF    316 _FWDATA	=	0x00af
                    00B1    317 _ENCDI	=	0x00b1
                    00B2    318 _ENCDO	=	0x00b2
                    00B3    319 _ENCCS	=	0x00b3
                    00B4    320 _ADCCON1	=	0x00b4
                    00B5    321 _ADCCON2	=	0x00b5
                    00B6    322 _ADCCON3	=	0x00b6
                    00B7    323 _RCCTL	=	0x00b7
                    00B8    324 _IEN1	=	0x00b8
                    00B9    325 _IP1	=	0x00b9
                    00BA    326 _ADCL	=	0x00ba
                    00BB    327 _ADCH	=	0x00bb
                    00BC    328 _RNDL	=	0x00bc
                    00BD    329 _RNDH	=	0x00bd
                    00BE    330 _SLEEP	=	0x00be
                    00C0    331 _IRCON	=	0x00c0
                    00C1    332 _U0BUF	=	0x00c1
                    00C2    333 _U0BAUD	=	0x00c2
                    00C3    334 _T2CNF	=	0x00c3
                    00C4    335 _U0UCR	=	0x00c4
                    00C5    336 _U0GCR	=	0x00c5
                    00C6    337 _CLKCON	=	0x00c6
                    00C7    338 _MEMCTR	=	0x00c7
                    00C8    339 _T2CON	=	0x00c8
                    00C9    340 _WDCTL	=	0x00c9
                    00CA    341 _T3CNT	=	0x00ca
                    00CB    342 _T3CTL	=	0x00cb
                    00CC    343 _T3CCTL0	=	0x00cc
                    00CD    344 _T3CC0	=	0x00cd
                    00CE    345 _T3CCTL1	=	0x00ce
                    00CF    346 _T3CC1	=	0x00cf
                    00D0    347 _PSW	=	0x00d0
                    00D1    348 _DMAIRQ	=	0x00d1
                    00D2    349 _DMA1CFGL	=	0x00d2
                    00D3    350 _DMA1CFGH	=	0x00d3
                    00D4    351 _DMA0CFGL	=	0x00d4
                    00D5    352 _DMA0CFGH	=	0x00d5
                    00D6    353 _DMAARM	=	0x00d6
                    00D7    354 _DMAREQ	=	0x00d7
                    00D8    355 _TIMIF	=	0x00d8
                    00D9    356 _RFD	=	0x00d9
                    00DA    357 _T1CC0L	=	0x00da
                    00DB    358 _T1CC0H	=	0x00db
                    00DC    359 _T1CC1L	=	0x00dc
                    00DD    360 _T1CC1H	=	0x00dd
                    00DE    361 _T1CC2L	=	0x00de
                    00DF    362 _T1CC2H	=	0x00df
                    00E0    363 _ACC	=	0x00e0
                    00E1    364 _RFST	=	0x00e1
                    00E2    365 _T1CNTL	=	0x00e2
                    00E3    366 _T1CNTH	=	0x00e3
                    00E4    367 _T1CTL	=	0x00e4
                    00E5    368 _T1CCTL0	=	0x00e5
                    00E6    369 _T1CCTL1	=	0x00e6
                    00E7    370 _T1CCTL2	=	0x00e7
                    00E8    371 _IRCON2	=	0x00e8
                    00E9    372 _RFIF	=	0x00e9
                    00EA    373 _T4CNT	=	0x00ea
                    00EB    374 _T4CTL	=	0x00eb
                    00EC    375 _T4CCTL0	=	0x00ec
                    00ED    376 _T4CC0	=	0x00ed
                    00EE    377 _T4CCTL1	=	0x00ee
                    00EF    378 _T4CC1	=	0x00ef
                    00F0    379 _B	=	0x00f0
                    00F1    380 _PERCFG	=	0x00f1
                    00F2    381 _ADCCFG	=	0x00f2
                    00F3    382 _P0SEL	=	0x00f3
                    00F4    383 _P1SEL	=	0x00f4
                    00F5    384 _P2SEL	=	0x00f5
                    00F6    385 _P1INP	=	0x00f6
                    00F7    386 _P2INP	=	0x00f7
                    00F8    387 _U1CSR	=	0x00f8
                    00F9    388 _U1BUF	=	0x00f9
                    00FA    389 _U1BAUD	=	0x00fa
                    00FB    390 _U1UCR	=	0x00fb
                    00FC    391 _U1GCR	=	0x00fc
                    00FD    392 _P0DIR	=	0x00fd
                    00FE    393 _P1DIR	=	0x00fe
                    00FF    394 _P2DIR	=	0x00ff
                            395 ;--------------------------------------------------------
                            396 ; special function bits
                            397 ;--------------------------------------------------------
                            398 	.area RSEG    (ABS,DATA)
   0000                     399 	.org 0x0000
                    0087    400 _P0_7	=	0x0087
                    0086    401 _P0_6	=	0x0086
                    0085    402 _P0_5	=	0x0085
                    0084    403 _P0_4	=	0x0084
                    0083    404 _P0_3	=	0x0083
                    0082    405 _P0_2	=	0x0082
                    0081    406 _P0_1	=	0x0081
                    0080    407 _P0_0	=	0x0080
                    008F    408 _TCON_URX1IF	=	0x008f
                    008D    409 _TCON_ADCIF	=	0x008d
                    008B    410 _TCON_URX0IF	=	0x008b
                    008A    411 _TCON_IT1	=	0x008a
                    0089    412 _TCON_RFERRIF	=	0x0089
                    0088    413 _TCON_IT0	=	0x0088
                    0090    414 _P1_0	=	0x0090
                    0091    415 _P1_1	=	0x0091
                    0092    416 _P1_2	=	0x0092
                    0093    417 _P1_3	=	0x0093
                    0094    418 _P1_4	=	0x0094
                    0095    419 _P1_5	=	0x0095
                    0096    420 _P1_6	=	0x0096
                    0097    421 _P1_7	=	0x0097
                    0099    422 _S0CON_ENCIF_1	=	0x0099
                    0098    423 _S0CON_ENCIF_0	=	0x0098
                    00A0    424 _P2_0	=	0x00a0
                    00A1    425 _P2_1	=	0x00a1
                    00A2    426 _P2_2	=	0x00a2
                    00A3    427 _P2_3	=	0x00a3
                    00A4    428 _P2_4	=	0x00a4
                    00AF    429 _EA	=	0x00af
                    00AF    430 _IEN0_EA	=	0x00af
                    00AD    431 _IEN0_STIE	=	0x00ad
                    00AC    432 _IEN0_ENCIE	=	0x00ac
                    00AB    433 _IEN0_URX1IE	=	0x00ab
                    00AA    434 _IEN0_URX0IE	=	0x00aa
                    00A9    435 _IEN0_ADCIE	=	0x00a9
                    00A8    436 _IEN0_RFERRIE	=	0x00a8
                    00BD    437 _IEN1_P0IE	=	0x00bd
                    00BC    438 _IEN1_T4IE	=	0x00bc
                    00BB    439 _IEN1_T3IE	=	0x00bb
                    00BA    440 _IEN1_T2IE	=	0x00ba
                    00B9    441 _IEN1_T1IE	=	0x00b9
                    00B8    442 _IEN1_DMAIE	=	0x00b8
                    00C7    443 _IRCON_STIF	=	0x00c7
                    00C5    444 _IRCON_P0IF	=	0x00c5
                    00C4    445 _IRCON_T4IF	=	0x00c4
                    00C3    446 _IRCON_T3IF	=	0x00c3
                    00C2    447 _IRCON_T2IF	=	0x00c2
                    00C1    448 _IRCON_T1IF	=	0x00c1
                    00C0    449 _IRCON_DMAIF	=	0x00c0
                    00D0    450 _P	=	0x00d0
                    00D1    451 _F1	=	0x00d1
                    00D2    452 _OV	=	0x00d2
                    00D3    453 _RS0	=	0x00d3
                    00D4    454 _RS1	=	0x00d4
                    00D5    455 _F0	=	0x00d5
                    00D6    456 _AC	=	0x00d6
                    00D7    457 _CY	=	0x00d7
                    00EC    458 _IRCON2_WDTIF	=	0x00ec
                    00EB    459 _IRCON2_P1IF	=	0x00eb
                    00EA    460 _IRCON2_UTX1IF	=	0x00ea
                    00E9    461 _IRCON2_UTX0IF	=	0x00e9
                    00E8    462 _IRCON2_P2IF	=	0x00e8
                            463 ;--------------------------------------------------------
                            464 ; overlayable register banks
                            465 ;--------------------------------------------------------
                            466 	.area REG_BANK_0	(REL,OVR,DATA)
   0000                     467 	.ds 8
                            468 ;--------------------------------------------------------
                            469 ; internal ram data
                            470 ;--------------------------------------------------------
                            471 	.area DSEG    (DATA)
                            472 ;--------------------------------------------------------
                            473 ; overlayable items in internal ram 
                            474 ;--------------------------------------------------------
                            475 	.area OSEG    (OVR,DATA)
                            476 ;--------------------------------------------------------
                            477 ; indirectly addressable internal ram data
                            478 ;--------------------------------------------------------
                            479 	.area ISEG    (DATA)
                            480 ;--------------------------------------------------------
                            481 ; absolute internal ram data
                            482 ;--------------------------------------------------------
                            483 	.area IABS    (ABS,DATA)
                            484 	.area IABS    (ABS,DATA)
                            485 ;--------------------------------------------------------
                            486 ; bit data
                            487 ;--------------------------------------------------------
                            488 	.area BSEG    (BIT)
                            489 ;--------------------------------------------------------
                            490 ; paged external ram data
                            491 ;--------------------------------------------------------
                            492 	.area PSEG    (PAG,XDATA)
                            493 ;--------------------------------------------------------
                            494 ; external ram data
                            495 ;--------------------------------------------------------
                            496 	.area XSEG    (XDATA)
                    DF02    497 _MDMCTRL0H	=	0xdf02
                    DF03    498 _MDMCTRL0L	=	0xdf03
                    DF04    499 _MDMCTRL1H	=	0xdf04
                    DF05    500 _MDMCTRL1L	=	0xdf05
                    DF06    501 _RSSIH	=	0xdf06
                    DF07    502 _RSSIL	=	0xdf07
                    DF08    503 _SYNCWORDH	=	0xdf08
                    DF09    504 _SYNCWORDL	=	0xdf09
                    DF0A    505 _TXCTRLH	=	0xdf0a
                    DF0B    506 _TXCTRLL	=	0xdf0b
                    DF0C    507 _RXCTRL0H	=	0xdf0c
                    DF0D    508 _RXCTRL0L	=	0xdf0d
                    DF0E    509 _RXCTRL1H	=	0xdf0e
                    DF0F    510 _RXCTRL1L	=	0xdf0f
                    DF10    511 _FSCTRLH	=	0xdf10
                    DF11    512 _FSCTRLL	=	0xdf11
                    DF12    513 _CSPX	=	0xdf12
                    DF13    514 _CSPY	=	0xdf13
                    DF14    515 _CSPZ	=	0xdf14
                    DF15    516 _CSPCTRL	=	0xdf15
                    DF16    517 _CSPT	=	0xdf16
                    DF17    518 _RFPWR	=	0xdf17
                    DF20    519 _FSMTCH	=	0xdf20
                    DF21    520 _FSMTCL	=	0xdf21
                    DF22    521 _MANANDH	=	0xdf22
                    DF23    522 _MANANDL	=	0xdf23
                    DF24    523 _MANORH	=	0xdf24
                    DF25    524 _MANORL	=	0xdf25
                    DF26    525 _AGCCTRLH	=	0xdf26
                    DF27    526 _AGCCTRLL	=	0xdf27
                    DF39    527 _FSMSTATE	=	0xdf39
                    DF3A    528 _ADCTSTH	=	0xdf3a
                    DF3B    529 _ADCTSTL	=	0xdf3b
                    DF3C    530 _DACTSTH	=	0xdf3c
                    DF3D    531 _DACTSTL	=	0xdf3d
                    DF43    532 _IEEE_ADDR0	=	0xdf43
                    DF44    533 _IEEE_ADDR1	=	0xdf44
                    DF45    534 _IEEE_ADDR2	=	0xdf45
                    DF46    535 _IEEE_ADDR3	=	0xdf46
                    DF47    536 _IEEE_ADDR4	=	0xdf47
                    DF48    537 _IEEE_ADDR5	=	0xdf48
                    DF49    538 _IEEE_ADDR6	=	0xdf49
                    DF4A    539 _IEEE_ADDR7	=	0xdf4a
                    DF4B    540 _PANIDH	=	0xdf4b
                    DF4C    541 _PANIDL	=	0xdf4c
                    DF4D    542 _SHORTADDRH	=	0xdf4d
                    DF4E    543 _SHORTADDRL	=	0xdf4e
                    DF4F    544 _IOCFG0	=	0xdf4f
                    DF50    545 _IOCFG1	=	0xdf50
                    DF51    546 _IOCFG2	=	0xdf51
                    DF52    547 _IOCFG3	=	0xdf52
                    DF53    548 _RXFIFOCNT	=	0xdf53
                    DF54    549 _FSMTC1	=	0xdf54
                    DF60    550 _CHVER	=	0xdf60
                    DF61    551 _CHIPID	=	0xdf61
                    DF62    552 _RFSTATUS	=	0xdf62
                    DFC1    553 _U0BUF_SHADOW	=	0xdfc1
                    DFD9    554 _RFD_SHADOW	=	0xdfd9
                    DFF9    555 _U1BUF_SHADOW	=	0xdff9
                    DFBA    556 _ADC_SHADOW	=	0xdfba
   0000                     557 _ready:
   0000                     558 	.ds 1
                            559 ;--------------------------------------------------------
                            560 ; absolute external ram data
                            561 ;--------------------------------------------------------
                            562 	.area XABS    (ABS,XDATA)
                            563 ;--------------------------------------------------------
                            564 ; external initialized ram data
                            565 ;--------------------------------------------------------
                            566 	.area XISEG   (XDATA)
                            567 	.area HOME    (CODE)
                            568 	.area GSINIT0 (CODE)
                            569 	.area GSINIT1 (CODE)
                            570 	.area GSINIT2 (CODE)
                            571 	.area GSINIT3 (CODE)
                            572 	.area GSINIT4 (CODE)
                            573 	.area GSINIT5 (CODE)
                            574 	.area GSINIT  (CODE)
                            575 	.area GSFINAL (CODE)
                            576 	.area CSEG    (CODE)
                            577 ;--------------------------------------------------------
                            578 ; global & static initialisations
                            579 ;--------------------------------------------------------
                            580 	.area HOME    (CODE)
                            581 	.area GSINIT  (CODE)
                            582 	.area GSFINAL (CODE)
                            583 	.area GSINIT  (CODE)
                            584 ;--------------------------------------------------------
                            585 ; Home
                            586 ;--------------------------------------------------------
                            587 	.area HOME    (CODE)
                            588 	.area HOME    (CODE)
                            589 ;--------------------------------------------------------
                            590 ; code
                            591 ;--------------------------------------------------------
                            592 	.area CSEG    (CODE)
                            593 ;------------------------------------------------------------
                            594 ;Allocation info for local variables in function 'value'
                            595 ;------------------------------------------------------------
                            596 ;type                      Allocated to registers r6 r7 
                            597 ;reading                   Allocated to registers r6 r7 
                            598 ;command                   Allocated to registers r5 
                            599 ;------------------------------------------------------------
                            600 ;	../../platform/sensinode/dev/adc-sensor.c:52: value(int type)
                            601 ;	-----------------------------------------
                            602 ;	 function value
                            603 ;	-----------------------------------------
   0000                     604 _value:
                    0007    605 	ar7 = 0x07
                    0006    606 	ar6 = 0x06
                    0005    607 	ar5 = 0x05
                    0004    608 	ar4 = 0x04
                    0003    609 	ar3 = 0x03
                    0002    610 	ar2 = 0x02
                    0001    611 	ar1 = 0x01
                    0000    612 	ar0 = 0x00
   0000 AE 82               613 	mov	r6,dpl
   0002 AF 83               614 	mov	r7,dph
                            615 ;	../../platform/sensinode/dev/adc-sensor.c:62: ADCCFG = 0; /* Enables/Disables Input Channel */
   0004 75 F2 00            616 	mov	_ADCCFG,#0x00
                            617 ;	../../platform/sensinode/dev/adc-sensor.c:65: command = ADEDIV1 | ADEDIV0;
   0007 7D 30               618 	mov	r5,#0x30
                            619 ;	../../platform/sensinode/dev/adc-sensor.c:68: TCON_ADCIF = 0;
   0009 C2 8D               620 	clr	_TCON_ADCIF
                            621 ;	../../platform/sensinode/dev/adc-sensor.c:72: switch(type) {
   000B EF                  622 	mov	a,r7
   000C 20 E7 55            623 	jb	acc.7,00108$
   000F C3                  624 	clr	c
   0010 74 06               625 	mov	a,#0x06
   0012 9E                  626 	subb	a,r6
   0013 E4                  627 	clr	a
   0014 64 80               628 	xrl	a,#0x80
   0016 8F F0               629 	mov	b,r7
   0018 63 F0 80            630 	xrl	b,#0x80
   001B 95 F0               631 	subb	a,b
   001D 40 45               632 	jc	00108$
   001F EE                  633 	mov	a,r6
   0020 2E                  634 	add	a,r6
   0021 2E                  635 	add	a,r6
   0022 90s00r26            636 	mov	dptr,#00125$
   0025 73                  637 	jmp	@a+dptr
   0026                     638 00125$:
   0026 02s00r3B            639 	ljmp	00101$
   0029 02s00r3F            640 	ljmp	00102$
   002C 02s00r46            641 	ljmp	00103$
   002F 02s00r4D            642 	ljmp	00104$
   0032 02s00r54            643 	ljmp	00105$
   0035 02s00r58            644 	ljmp	00106$
   0038 02s00r5D            645 	ljmp	00107$
                            646 ;	../../platform/sensinode/dev/adc-sensor.c:74: case ADC_SENSOR_TYPE_TEMP:
   003B                     647 00101$:
                            648 ;	../../platform/sensinode/dev/adc-sensor.c:75: command |= ADECH3 | ADECH2 | ADECH1;
   003B 7D 3E               649 	mov	r5,#0x3E
                            650 ;	../../platform/sensinode/dev/adc-sensor.c:76: break;
                            651 ;	../../platform/sensinode/dev/adc-sensor.c:79: case ADC_SENSOR_TYPE_ACC_X:
   003D 80 29               652 	sjmp	00109$
   003F                     653 00102$:
                            654 ;	../../platform/sensinode/dev/adc-sensor.c:80: ADCCFG = ADC5EN;
   003F 75 F2 20            655 	mov	_ADCCFG,#0x20
                            656 ;	../../platform/sensinode/dev/adc-sensor.c:81: command |= ADECH2 | ADECH0;
   0042 7D 35               657 	mov	r5,#0x35
                            658 ;	../../platform/sensinode/dev/adc-sensor.c:82: break;
                            659 ;	../../platform/sensinode/dev/adc-sensor.c:83: case ADC_SENSOR_TYPE_ACC_Y:
   0044 80 22               660 	sjmp	00109$
   0046                     661 00103$:
                            662 ;	../../platform/sensinode/dev/adc-sensor.c:84: ADCCFG = ADC6EN;
   0046 75 F2 40            663 	mov	_ADCCFG,#0x40
                            664 ;	../../platform/sensinode/dev/adc-sensor.c:85: command |= ADECH2 | ADECH1;
   0049 7D 36               665 	mov	r5,#0x36
                            666 ;	../../platform/sensinode/dev/adc-sensor.c:86: break;
                            667 ;	../../platform/sensinode/dev/adc-sensor.c:87: case ADC_SENSOR_TYPE_ACC_Z:
   004B 80 1B               668 	sjmp	00109$
   004D                     669 00104$:
                            670 ;	../../platform/sensinode/dev/adc-sensor.c:88: ADCCFG = ADC7EN;
   004D 75 F2 80            671 	mov	_ADCCFG,#0x80
                            672 ;	../../platform/sensinode/dev/adc-sensor.c:89: command |= ADECH2 | ADECH1 | ADECH0;
   0050 7D 37               673 	mov	r5,#0x37
                            674 ;	../../platform/sensinode/dev/adc-sensor.c:90: break;
                            675 ;	../../platform/sensinode/dev/adc-sensor.c:93: case ADC_SENSOR_TYPE_VDD:
   0052 80 14               676 	sjmp	00109$
   0054                     677 00105$:
                            678 ;	../../platform/sensinode/dev/adc-sensor.c:94: command |= ADECH3 | ADECH2 | ADECH1 | ADECH0;
   0054 7D 3F               679 	mov	r5,#0x3F
                            680 ;	../../platform/sensinode/dev/adc-sensor.c:95: break;
                            681 ;	../../platform/sensinode/dev/adc-sensor.c:98: case ADC_SENSOR_TYPE_LIGHT:
   0056 80 10               682 	sjmp	00109$
   0058                     683 00106$:
                            684 ;	../../platform/sensinode/dev/adc-sensor.c:99: ADCCFG = ADC0EN;
   0058 75 F2 01            685 	mov	_ADCCFG,#0x01
                            686 ;	../../platform/sensinode/dev/adc-sensor.c:100: break;
                            687 ;	../../platform/sensinode/dev/adc-sensor.c:103: case ADC_SENSOR_TYPE_BATTERY:
   005B 80 0B               688 	sjmp	00109$
   005D                     689 00107$:
                            690 ;	../../platform/sensinode/dev/adc-sensor.c:104: ADCCFG = ADC1EN;
   005D 75 F2 02            691 	mov	_ADCCFG,#0x02
                            692 ;	../../platform/sensinode/dev/adc-sensor.c:105: command |= ADECH0 | ADEREF1; /* AVDD_SOC reference */
   0060 7D B1               693 	mov	r5,#0xB1
                            694 ;	../../platform/sensinode/dev/adc-sensor.c:106: break;
                            695 ;	../../platform/sensinode/dev/adc-sensor.c:108: default:
   0062 80 04               696 	sjmp	00109$
   0064                     697 00108$:
                            698 ;	../../platform/sensinode/dev/adc-sensor.c:110: return -1;
   0064 90 FF FF            699 	mov	dptr,#0xFFFF
                            700 ;	../../platform/sensinode/dev/adc-sensor.c:111: }
   0067 22                  701 	ret
   0068                     702 00109$:
                            703 ;	../../platform/sensinode/dev/adc-sensor.c:114: ADCCON3 = command;
   0068 8D B6               704 	mov	_ADCCON3,r5
                            705 ;	../../platform/sensinode/dev/adc-sensor.c:120: while(!TCON_ADCIF);
   006A                     706 00110$:
                            707 ;	../../platform/sensinode/dev/adc-sensor.c:123: TCON_ADCIF = 0;
   006A 10 8D 02            708 	jbc	_TCON_ADCIF,00126$
   006D 80 FB               709 	sjmp	00110$
   006F                     710 00126$:
                            711 ;	../../platform/sensinode/dev/adc-sensor.c:126: reading = ADCL;
   006F AE BA               712 	mov	r6,_ADCL
   0071 7F 00               713 	mov	r7,#0x00
                            714 ;	../../platform/sensinode/dev/adc-sensor.c:127: reading |= (((uint8_t) ADCH) << 8);
   0073 AC BB               715 	mov	r4,_ADCH
   0075 8C 05               716 	mov	ar5,r4
   0077 E4                  717 	clr	a
   0078 42 06               718 	orl	ar6,a
   007A ED                  719 	mov	a,r5
   007B 42 07               720 	orl	ar7,a
                            721 ;	../../platform/sensinode/dev/adc-sensor.c:129: reading >>= 4;
   007D EF                  722 	mov	a,r7
   007E C4                  723 	swap	a
   007F CE                  724 	xch	a,r6
   0080 C4                  725 	swap	a
   0081 54 0F               726 	anl	a,#0x0F
   0083 6E                  727 	xrl	a,r6
   0084 CE                  728 	xch	a,r6
   0085 54 0F               729 	anl	a,#0x0F
   0087 CE                  730 	xch	a,r6
   0088 6E                  731 	xrl	a,r6
   0089 CE                  732 	xch	a,r6
                            733 ;	../../platform/sensinode/dev/adc-sensor.c:131: return reading;
   008A 8E 82               734 	mov	dpl,r6
   008C F5 83               735 	mov	dph,a
   008E 22                  736 	ret
                            737 ;------------------------------------------------------------
                            738 ;Allocation info for local variables in function 'status'
                            739 ;------------------------------------------------------------
                            740 ;type                      Allocated to registers 
                            741 ;------------------------------------------------------------
                            742 ;	../../platform/sensinode/dev/adc-sensor.c:135: status(int type)
                            743 ;	-----------------------------------------
                            744 ;	 function status
                            745 ;	-----------------------------------------
   008F                     746 _status:
                            747 ;	../../platform/sensinode/dev/adc-sensor.c:137: return ready;
   008F 90s00r00            748 	mov	dptr,#_ready
   0092 E0                  749 	movx	a,@dptr
   0093 FF                  750 	mov	r7,a
   0094 7E 00               751 	mov	r6,#0x00
   0096 8F 82               752 	mov	dpl,r7
   0098 8E 83               753 	mov	dph,r6
   009A 22                  754 	ret
                            755 ;------------------------------------------------------------
                            756 ;Allocation info for local variables in function 'configure'
                            757 ;------------------------------------------------------------
                            758 ;value                     Allocated to stack - _bp -4
                            759 ;type                      Allocated to registers r6 r7 
                            760 ;ser_par_val               Allocated to registers r5 
                            761 ;------------------------------------------------------------
                            762 ;	../../platform/sensinode/dev/adc-sensor.c:158: configure(int type, int value)
                            763 ;	-----------------------------------------
                            764 ;	 function configure
                            765 ;	-----------------------------------------
   009B                     766 _configure:
   009B C0*00               767 	push	_bp
   009D 85 81*00            768 	mov	_bp,sp
   00A0 AE 82               769 	mov	r6,dpl
   00A2 AF 83               770 	mov	r7,dph
                            771 ;	../../platform/sensinode/dev/adc-sensor.c:165: uint8_t ser_par_val = n740_ser_par_get() & 0xF2;
   00A4 C0 07               772 	push	ar7
   00A6 C0 06               773 	push	ar6
   00A8 12s00r00            774 	lcall	_n740_ser_par_get
   00AB AD 82               775 	mov	r5,dpl
   00AD D0 06               776 	pop	ar6
   00AF D0 07               777 	pop	ar7
   00B1 53 05 F2            778 	anl	ar5,#0xF2
                            779 ;	../../platform/sensinode/dev/adc-sensor.c:169: ready = ADC_VAL_ALL;
   00B4 90s00r00            780 	mov	dptr,#_ready
   00B7 74 01               781 	mov	a,#0x01
   00B9 F0                  782 	movx	@dptr,a
                            783 ;	../../platform/sensinode/dev/adc-sensor.c:171: switch(type) {
   00BA BE 80 05            784 	cjne	r6,#0x80,00120$
   00BD BF 00 02            785 	cjne	r7,#0x00,00120$
   00C0 80 06               786 	sjmp	00102$
   00C2                     787 00120$:
   00C2 BE 81 47            788 	cjne	r6,#0x81,00109$
   00C5 BF 00 44            789 	cjne	r7,#0x00,00109$
                            790 ;	../../platform/sensinode/dev/adc-sensor.c:173: case SENSORS_ACTIVE:
   00C8                     791 00102$:
                            792 ;	../../platform/sensinode/dev/adc-sensor.c:175: if(value == ADC_VAL_ALL) {
   00C8 E5*00               793 	mov	a,_bp
   00CA 24 FC               794 	add	a,#0xfc
   00CC F8                  795 	mov	r0,a
   00CD B6 01 0E            796 	cjne	@r0,#0x01,00104$
   00D0 08                  797 	inc	r0
   00D1 B6 00 0A            798 	cjne	@r0,#0x00,00104$
                            799 ;	../../platform/sensinode/dev/adc-sensor.c:176: value = ADC_VAL_ACC_ON | ADC_VAL_LIGHT_ON;
   00D4 E5*00               800 	mov	a,_bp
   00D6 24 FC               801 	add	a,#0xfc
   00D8 F8                  802 	mov	r0,a
   00D9 76 0C               803 	mov	@r0,#0x0C
   00DB 08                  804 	inc	r0
   00DC 76 00               805 	mov	@r0,#0x00
   00DE                     806 00104$:
                            807 ;	../../platform/sensinode/dev/adc-sensor.c:187: if(value & ADC_VAL_ACC_ON) {
   00DE E5*00               808 	mov	a,_bp
   00E0 24 FC               809 	add	a,#0xfc
   00E2 F8                  810 	mov	r0,a
   00E3 E6                  811 	mov	a,@r0
   00E4 30 E3 0C            812 	jnb	acc.3,00106$
                            813 ;	../../platform/sensinode/dev/adc-sensor.c:188: P0SEL |= 0x80 | 0x40 | 0x20;
   00E7 43 F3 E0            814 	orl	_P0SEL,#0xE0
                            815 ;	../../platform/sensinode/dev/adc-sensor.c:189: ser_par_val |= N740_SER_PAR_ACC;
   00EA 43 05 08            816 	orl	ar5,#0x08
                            817 ;	../../platform/sensinode/dev/adc-sensor.c:190: ready |= ADC_VAL_ACC_ON;
   00ED 90s00r00            818 	mov	dptr,#_ready
   00F0 74 09               819 	mov	a,#0x09
   00F2 F0                  820 	movx	@dptr,a
   00F3                     821 00106$:
                            822 ;	../../platform/sensinode/dev/adc-sensor.c:201: if(value & ADC_VAL_LIGHT_ON) {
   00F3 E5*00               823 	mov	a,_bp
   00F5 24 FC               824 	add	a,#0xfc
   00F7 F8                  825 	mov	r0,a
   00F8 E6                  826 	mov	a,@r0
   00F9 30 E2 0B            827 	jnb	acc.2,00108$
                            828 ;	../../platform/sensinode/dev/adc-sensor.c:202: ser_par_val |= N740_SER_PAR_LIGHT;
   00FC 43 05 04            829 	orl	ar5,#0x04
                            830 ;	../../platform/sensinode/dev/adc-sensor.c:203: ready |= ADC_VAL_LIGHT_ON;
   00FF 90s00r00            831 	mov	dptr,#_ready
   0102 E0                  832 	movx	a,@dptr
   0103 FF                  833 	mov	r7,a
   0104 44 04               834 	orl	a,#0x04
   0106 F0                  835 	movx	@dptr,a
   0107                     836 00108$:
                            837 ;	../../platform/sensinode/dev/adc-sensor.c:206: n740_ser_par_set(ser_par_val);
   0107 8D 82               838 	mov	dpl,r5
   0109 12s00r00            839 	lcall	_n740_ser_par_set
                            840 ;	../../platform/sensinode/dev/adc-sensor.c:208: }
   010C                     841 00109$:
                            842 ;	../../platform/sensinode/dev/adc-sensor.c:209: return ready;
   010C 90s00r00            843 	mov	dptr,#_ready
   010F E0                  844 	movx	a,@dptr
   0110 FF                  845 	mov	r7,a
   0111 7E 00               846 	mov	r6,#0x00
   0113 8F 82               847 	mov	dpl,r7
   0115 8E 83               848 	mov	dph,r6
   0117 D0*00               849 	pop	_bp
   0119 22                  850 	ret
                            851 	.area CSEG    (CODE)
                            852 	.area CONST   (CODE)
   0000                     853 _adc_sensor:
   0000r09s00 80            854 	.byte _str_0,(_str_0 >> 8),#0x80
   0003r00s00               855 	.byte _value,(_value >> 8)
   0005r9Bs00               856 	.byte _configure,(_configure >> 8)
   0007r8Fs00               857 	.byte _status,(_status >> 8)
   0009                     858 _str_0:
   0009 41 44 43            859 	.ascii "ADC"
   000C 00                  860 	.db 0x00
                            861 	.area XINIT   (CODE)
                            862 	.area CABS    (ABS,CODE)
