                              1 ;--------------------------------------------------------
                              2 ; File Created by SDCC : free open source ANSI-C Compiler
                              3 ; Version 3.1.1 #7100 (Apr  1 2013) (Linux)
                              4 ; This file was generated Tue Apr 23 09:41:18 2013
                              5 ;--------------------------------------------------------
                              6 	.module chameleon
                              7 	.optsdcc -mmcs51 --model-large
                              8 	
                              9 ;--------------------------------------------------------
                             10 ; Public variables in this module
                             11 ;--------------------------------------------------------
                             12 	.globl _channel_init
                             13 	.globl _packetbuf_set_attr
                             14 	.globl _IRCON2_P2IF
                             15 	.globl _IRCON2_UTX0IF
                             16 	.globl _IRCON2_UTX1IF
                             17 	.globl _IRCON2_P1IF
                             18 	.globl _IRCON2_WDTIF
                             19 	.globl _CY
                             20 	.globl _AC
                             21 	.globl _F0
                             22 	.globl _RS1
                             23 	.globl _RS0
                             24 	.globl _OV
                             25 	.globl _F1
                             26 	.globl _P
                             27 	.globl _IRCON_DMAIF
                             28 	.globl _IRCON_T1IF
                             29 	.globl _IRCON_T2IF
                             30 	.globl _IRCON_T3IF
                             31 	.globl _IRCON_T4IF
                             32 	.globl _IRCON_P0IF
                             33 	.globl _IRCON_STIF
                             34 	.globl _IEN1_DMAIE
                             35 	.globl _IEN1_T1IE
                             36 	.globl _IEN1_T2IE
                             37 	.globl _IEN1_T3IE
                             38 	.globl _IEN1_T4IE
                             39 	.globl _IEN1_P0IE
                             40 	.globl _IEN0_RFERRIE
                             41 	.globl _IEN0_ADCIE
                             42 	.globl _IEN0_URX0IE
                             43 	.globl _IEN0_URX1IE
                             44 	.globl _IEN0_ENCIE
                             45 	.globl _IEN0_STIE
                             46 	.globl _IEN0_EA
                             47 	.globl _EA
                             48 	.globl _P2_4
                             49 	.globl _P2_3
                             50 	.globl _P2_2
                             51 	.globl _P2_1
                             52 	.globl _P2_0
                             53 	.globl _S0CON_ENCIF_0
                             54 	.globl _S0CON_ENCIF_1
                             55 	.globl _P1_7
                             56 	.globl _P1_6
                             57 	.globl _P1_5
                             58 	.globl _P1_4
                             59 	.globl _P1_3
                             60 	.globl _P1_2
                             61 	.globl _P1_1
                             62 	.globl _P1_0
                             63 	.globl _TCON_IT0
                             64 	.globl _TCON_RFERRIF
                             65 	.globl _TCON_IT1
                             66 	.globl _TCON_URX0IF
                             67 	.globl _TCON_ADCIF
                             68 	.globl _TCON_URX1IF
                             69 	.globl _P0_0
                             70 	.globl _P0_1
                             71 	.globl _P0_2
                             72 	.globl _P0_3
                             73 	.globl _P0_4
                             74 	.globl _P0_5
                             75 	.globl _P0_6
                             76 	.globl _P0_7
                             77 	.globl _P2DIR
                             78 	.globl _P1DIR
                             79 	.globl _P0DIR
                             80 	.globl _U1GCR
                             81 	.globl _U1UCR
                             82 	.globl _U1BAUD
                             83 	.globl _U1BUF
                             84 	.globl _U1CSR
                             85 	.globl _P2INP
                             86 	.globl _P1INP
                             87 	.globl _P2SEL
                             88 	.globl _P1SEL
                             89 	.globl _P0SEL
                             90 	.globl _ADCCFG
                             91 	.globl _PERCFG
                             92 	.globl _B
                             93 	.globl _T4CC1
                             94 	.globl _T4CCTL1
                             95 	.globl _T4CC0
                             96 	.globl _T4CCTL0
                             97 	.globl _T4CTL
                             98 	.globl _T4CNT
                             99 	.globl _RFIF
                            100 	.globl _IRCON2
                            101 	.globl _T1CCTL2
                            102 	.globl _T1CCTL1
                            103 	.globl _T1CCTL0
                            104 	.globl _T1CTL
                            105 	.globl _T1CNTH
                            106 	.globl _T1CNTL
                            107 	.globl _RFST
                            108 	.globl _ACC
                            109 	.globl _T1CC2H
                            110 	.globl _T1CC2L
                            111 	.globl _T1CC1H
                            112 	.globl _T1CC1L
                            113 	.globl _T1CC0H
                            114 	.globl _T1CC0L
                            115 	.globl _RFD
                            116 	.globl _TIMIF
                            117 	.globl _DMAREQ
                            118 	.globl _DMAARM
                            119 	.globl _DMA0CFGH
                            120 	.globl _DMA0CFGL
                            121 	.globl _DMA1CFGH
                            122 	.globl _DMA1CFGL
                            123 	.globl _DMAIRQ
                            124 	.globl _PSW
                            125 	.globl _T3CC1
                            126 	.globl _T3CCTL1
                            127 	.globl _T3CC0
                            128 	.globl _T3CCTL0
                            129 	.globl _T3CTL
                            130 	.globl _T3CNT
                            131 	.globl _WDCTL
                            132 	.globl _T2CON
                            133 	.globl _MEMCTR
                            134 	.globl _CLKCON
                            135 	.globl _U0GCR
                            136 	.globl _U0UCR
                            137 	.globl _T2CNF
                            138 	.globl _U0BAUD
                            139 	.globl _U0BUF
                            140 	.globl _IRCON
                            141 	.globl _SLEEP
                            142 	.globl _RNDH
                            143 	.globl _RNDL
                            144 	.globl _ADCH
                            145 	.globl _ADCL
                            146 	.globl _IP1
                            147 	.globl _IEN1
                            148 	.globl _RCCTL
                            149 	.globl _ADCCON3
                            150 	.globl _ADCCON2
                            151 	.globl _ADCCON1
                            152 	.globl _ENCCS
                            153 	.globl _ENCDO
                            154 	.globl _ENCDI
                            155 	.globl _FWDATA
                            156 	.globl _FCTL
                            157 	.globl _FADDRH
                            158 	.globl _FADDRL
                            159 	.globl _FWT
                            160 	.globl _IP0
                            161 	.globl _IEN0
                            162 	.globl _IE
                            163 	.globl _T2THD
                            164 	.globl _T2TLD
                            165 	.globl _T2CAPHPH
                            166 	.globl _T2CAPLPL
                            167 	.globl _T2OF2
                            168 	.globl _T2OF1
                            169 	.globl _T2OF0
                            170 	.globl _P2
                            171 	.globl _PSBANK
                            172 	.globl _FMAP
                            173 	.globl _T2PEROF2
                            174 	.globl _T2PEROF1
                            175 	.globl _T2PEROF0
                            176 	.globl _S1CON
                            177 	.globl _IEN2
                            178 	.globl _HSRC
                            179 	.globl _S0CON
                            180 	.globl _ST2
                            181 	.globl _ST1
                            182 	.globl _ST0
                            183 	.globl _T2CMP
                            184 	.globl __XPAGE
                            185 	.globl _DPS
                            186 	.globl _RFIM
                            187 	.globl _P1
                            188 	.globl _P0INP
                            189 	.globl _P1IEN
                            190 	.globl _PICTL
                            191 	.globl _P2IFG
                            192 	.globl _P1IFG
                            193 	.globl _P0IFG
                            194 	.globl _TCON
                            195 	.globl _PCON
                            196 	.globl _U0CSR
                            197 	.globl _DPH1
                            198 	.globl _DPL1
                            199 	.globl _DPH0
                            200 	.globl _DPL0
                            201 	.globl _SP
                            202 	.globl _P0
                            203 	.globl _ADC_SHADOW
                            204 	.globl _U1BUF_SHADOW
                            205 	.globl _RFD_SHADOW
                            206 	.globl _U0BUF_SHADOW
                            207 	.globl _RFSTATUS
                            208 	.globl _CHIPID
                            209 	.globl _CHVER
                            210 	.globl _FSMTC1
                            211 	.globl _RXFIFOCNT
                            212 	.globl _IOCFG3
                            213 	.globl _IOCFG2
                            214 	.globl _IOCFG1
                            215 	.globl _IOCFG0
                            216 	.globl _SHORTADDRL
                            217 	.globl _SHORTADDRH
                            218 	.globl _PANIDL
                            219 	.globl _PANIDH
                            220 	.globl _IEEE_ADDR7
                            221 	.globl _IEEE_ADDR6
                            222 	.globl _IEEE_ADDR5
                            223 	.globl _IEEE_ADDR4
                            224 	.globl _IEEE_ADDR3
                            225 	.globl _IEEE_ADDR2
                            226 	.globl _IEEE_ADDR1
                            227 	.globl _IEEE_ADDR0
                            228 	.globl _DACTSTL
                            229 	.globl _DACTSTH
                            230 	.globl _ADCTSTL
                            231 	.globl _ADCTSTH
                            232 	.globl _FSMSTATE
                            233 	.globl _AGCCTRLL
                            234 	.globl _AGCCTRLH
                            235 	.globl _MANORL
                            236 	.globl _MANORH
                            237 	.globl _MANANDL
                            238 	.globl _MANANDH
                            239 	.globl _FSMTCL
                            240 	.globl _FSMTCH
                            241 	.globl _RFPWR
                            242 	.globl _CSPT
                            243 	.globl _CSPCTRL
                            244 	.globl _CSPZ
                            245 	.globl _CSPY
                            246 	.globl _CSPX
                            247 	.globl _FSCTRLL
                            248 	.globl _FSCTRLH
                            249 	.globl _RXCTRL1L
                            250 	.globl _RXCTRL1H
                            251 	.globl _RXCTRL0L
                            252 	.globl _RXCTRL0H
                            253 	.globl _TXCTRLL
                            254 	.globl _TXCTRLH
                            255 	.globl _SYNCWORDL
                            256 	.globl _SYNCWORDH
                            257 	.globl _RSSIL
                            258 	.globl _RSSIH
                            259 	.globl _MDMCTRL1L
                            260 	.globl _MDMCTRL1H
                            261 	.globl _MDMCTRL0L
                            262 	.globl _MDMCTRL0H
                            263 	.globl _chameleon_init
                            264 	.globl _chameleon_parse
                            265 	.globl _chameleon_create
                            266 	.globl _chameleon_hdrsize
                            267 ;--------------------------------------------------------
                            268 ; special function registers
                            269 ;--------------------------------------------------------
                            270 	.area RSEG    (ABS,DATA)
   0000                     271 	.org 0x0000
                    0080    272 _P0	=	0x0080
                    0081    273 _SP	=	0x0081
                    0082    274 _DPL0	=	0x0082
                    0083    275 _DPH0	=	0x0083
                    0084    276 _DPL1	=	0x0084
                    0085    277 _DPH1	=	0x0085
                    0086    278 _U0CSR	=	0x0086
                    0087    279 _PCON	=	0x0087
                    0088    280 _TCON	=	0x0088
                    0089    281 _P0IFG	=	0x0089
                    008A    282 _P1IFG	=	0x008a
                    008B    283 _P2IFG	=	0x008b
                    008C    284 _PICTL	=	0x008c
                    008D    285 _P1IEN	=	0x008d
                    008F    286 _P0INP	=	0x008f
                    0090    287 _P1	=	0x0090
                    0091    288 _RFIM	=	0x0091
                    0092    289 _DPS	=	0x0092
                    0093    290 __XPAGE	=	0x0093
                    0094    291 _T2CMP	=	0x0094
                    0095    292 _ST0	=	0x0095
                    0096    293 _ST1	=	0x0096
                    0097    294 _ST2	=	0x0097
                    0098    295 _S0CON	=	0x0098
                    0099    296 _HSRC	=	0x0099
                    009A    297 _IEN2	=	0x009a
                    009B    298 _S1CON	=	0x009b
                    009C    299 _T2PEROF0	=	0x009c
                    009D    300 _T2PEROF1	=	0x009d
                    009E    301 _T2PEROF2	=	0x009e
                    009F    302 _FMAP	=	0x009f
                    009F    303 _PSBANK	=	0x009f
                    00A0    304 _P2	=	0x00a0
                    00A1    305 _T2OF0	=	0x00a1
                    00A2    306 _T2OF1	=	0x00a2
                    00A3    307 _T2OF2	=	0x00a3
                    00A4    308 _T2CAPLPL	=	0x00a4
                    00A5    309 _T2CAPHPH	=	0x00a5
                    00A6    310 _T2TLD	=	0x00a6
                    00A7    311 _T2THD	=	0x00a7
                    00A8    312 _IE	=	0x00a8
                    00A8    313 _IEN0	=	0x00a8
                    00A9    314 _IP0	=	0x00a9
                    00AB    315 _FWT	=	0x00ab
                    00AC    316 _FADDRL	=	0x00ac
                    00AD    317 _FADDRH	=	0x00ad
                    00AE    318 _FCTL	=	0x00ae
                    00AF    319 _FWDATA	=	0x00af
                    00B1    320 _ENCDI	=	0x00b1
                    00B2    321 _ENCDO	=	0x00b2
                    00B3    322 _ENCCS	=	0x00b3
                    00B4    323 _ADCCON1	=	0x00b4
                    00B5    324 _ADCCON2	=	0x00b5
                    00B6    325 _ADCCON3	=	0x00b6
                    00B7    326 _RCCTL	=	0x00b7
                    00B8    327 _IEN1	=	0x00b8
                    00B9    328 _IP1	=	0x00b9
                    00BA    329 _ADCL	=	0x00ba
                    00BB    330 _ADCH	=	0x00bb
                    00BC    331 _RNDL	=	0x00bc
                    00BD    332 _RNDH	=	0x00bd
                    00BE    333 _SLEEP	=	0x00be
                    00C0    334 _IRCON	=	0x00c0
                    00C1    335 _U0BUF	=	0x00c1
                    00C2    336 _U0BAUD	=	0x00c2
                    00C3    337 _T2CNF	=	0x00c3
                    00C4    338 _U0UCR	=	0x00c4
                    00C5    339 _U0GCR	=	0x00c5
                    00C6    340 _CLKCON	=	0x00c6
                    00C7    341 _MEMCTR	=	0x00c7
                    00C8    342 _T2CON	=	0x00c8
                    00C9    343 _WDCTL	=	0x00c9
                    00CA    344 _T3CNT	=	0x00ca
                    00CB    345 _T3CTL	=	0x00cb
                    00CC    346 _T3CCTL0	=	0x00cc
                    00CD    347 _T3CC0	=	0x00cd
                    00CE    348 _T3CCTL1	=	0x00ce
                    00CF    349 _T3CC1	=	0x00cf
                    00D0    350 _PSW	=	0x00d0
                    00D1    351 _DMAIRQ	=	0x00d1
                    00D2    352 _DMA1CFGL	=	0x00d2
                    00D3    353 _DMA1CFGH	=	0x00d3
                    00D4    354 _DMA0CFGL	=	0x00d4
                    00D5    355 _DMA0CFGH	=	0x00d5
                    00D6    356 _DMAARM	=	0x00d6
                    00D7    357 _DMAREQ	=	0x00d7
                    00D8    358 _TIMIF	=	0x00d8
                    00D9    359 _RFD	=	0x00d9
                    00DA    360 _T1CC0L	=	0x00da
                    00DB    361 _T1CC0H	=	0x00db
                    00DC    362 _T1CC1L	=	0x00dc
                    00DD    363 _T1CC1H	=	0x00dd
                    00DE    364 _T1CC2L	=	0x00de
                    00DF    365 _T1CC2H	=	0x00df
                    00E0    366 _ACC	=	0x00e0
                    00E1    367 _RFST	=	0x00e1
                    00E2    368 _T1CNTL	=	0x00e2
                    00E3    369 _T1CNTH	=	0x00e3
                    00E4    370 _T1CTL	=	0x00e4
                    00E5    371 _T1CCTL0	=	0x00e5
                    00E6    372 _T1CCTL1	=	0x00e6
                    00E7    373 _T1CCTL2	=	0x00e7
                    00E8    374 _IRCON2	=	0x00e8
                    00E9    375 _RFIF	=	0x00e9
                    00EA    376 _T4CNT	=	0x00ea
                    00EB    377 _T4CTL	=	0x00eb
                    00EC    378 _T4CCTL0	=	0x00ec
                    00ED    379 _T4CC0	=	0x00ed
                    00EE    380 _T4CCTL1	=	0x00ee
                    00EF    381 _T4CC1	=	0x00ef
                    00F0    382 _B	=	0x00f0
                    00F1    383 _PERCFG	=	0x00f1
                    00F2    384 _ADCCFG	=	0x00f2
                    00F3    385 _P0SEL	=	0x00f3
                    00F4    386 _P1SEL	=	0x00f4
                    00F5    387 _P2SEL	=	0x00f5
                    00F6    388 _P1INP	=	0x00f6
                    00F7    389 _P2INP	=	0x00f7
                    00F8    390 _U1CSR	=	0x00f8
                    00F9    391 _U1BUF	=	0x00f9
                    00FA    392 _U1BAUD	=	0x00fa
                    00FB    393 _U1UCR	=	0x00fb
                    00FC    394 _U1GCR	=	0x00fc
                    00FD    395 _P0DIR	=	0x00fd
                    00FE    396 _P1DIR	=	0x00fe
                    00FF    397 _P2DIR	=	0x00ff
                            398 ;--------------------------------------------------------
                            399 ; special function bits
                            400 ;--------------------------------------------------------
                            401 	.area RSEG    (ABS,DATA)
   0000                     402 	.org 0x0000
                    0087    403 _P0_7	=	0x0087
                    0086    404 _P0_6	=	0x0086
                    0085    405 _P0_5	=	0x0085
                    0084    406 _P0_4	=	0x0084
                    0083    407 _P0_3	=	0x0083
                    0082    408 _P0_2	=	0x0082
                    0081    409 _P0_1	=	0x0081
                    0080    410 _P0_0	=	0x0080
                    008F    411 _TCON_URX1IF	=	0x008f
                    008D    412 _TCON_ADCIF	=	0x008d
                    008B    413 _TCON_URX0IF	=	0x008b
                    008A    414 _TCON_IT1	=	0x008a
                    0089    415 _TCON_RFERRIF	=	0x0089
                    0088    416 _TCON_IT0	=	0x0088
                    0090    417 _P1_0	=	0x0090
                    0091    418 _P1_1	=	0x0091
                    0092    419 _P1_2	=	0x0092
                    0093    420 _P1_3	=	0x0093
                    0094    421 _P1_4	=	0x0094
                    0095    422 _P1_5	=	0x0095
                    0096    423 _P1_6	=	0x0096
                    0097    424 _P1_7	=	0x0097
                    0099    425 _S0CON_ENCIF_1	=	0x0099
                    0098    426 _S0CON_ENCIF_0	=	0x0098
                    00A0    427 _P2_0	=	0x00a0
                    00A1    428 _P2_1	=	0x00a1
                    00A2    429 _P2_2	=	0x00a2
                    00A3    430 _P2_3	=	0x00a3
                    00A4    431 _P2_4	=	0x00a4
                    00AF    432 _EA	=	0x00af
                    00AF    433 _IEN0_EA	=	0x00af
                    00AD    434 _IEN0_STIE	=	0x00ad
                    00AC    435 _IEN0_ENCIE	=	0x00ac
                    00AB    436 _IEN0_URX1IE	=	0x00ab
                    00AA    437 _IEN0_URX0IE	=	0x00aa
                    00A9    438 _IEN0_ADCIE	=	0x00a9
                    00A8    439 _IEN0_RFERRIE	=	0x00a8
                    00BD    440 _IEN1_P0IE	=	0x00bd
                    00BC    441 _IEN1_T4IE	=	0x00bc
                    00BB    442 _IEN1_T3IE	=	0x00bb
                    00BA    443 _IEN1_T2IE	=	0x00ba
                    00B9    444 _IEN1_T1IE	=	0x00b9
                    00B8    445 _IEN1_DMAIE	=	0x00b8
                    00C7    446 _IRCON_STIF	=	0x00c7
                    00C5    447 _IRCON_P0IF	=	0x00c5
                    00C4    448 _IRCON_T4IF	=	0x00c4
                    00C3    449 _IRCON_T3IF	=	0x00c3
                    00C2    450 _IRCON_T2IF	=	0x00c2
                    00C1    451 _IRCON_T1IF	=	0x00c1
                    00C0    452 _IRCON_DMAIF	=	0x00c0
                    00D0    453 _P	=	0x00d0
                    00D1    454 _F1	=	0x00d1
                    00D2    455 _OV	=	0x00d2
                    00D3    456 _RS0	=	0x00d3
                    00D4    457 _RS1	=	0x00d4
                    00D5    458 _F0	=	0x00d5
                    00D6    459 _AC	=	0x00d6
                    00D7    460 _CY	=	0x00d7
                    00EC    461 _IRCON2_WDTIF	=	0x00ec
                    00EB    462 _IRCON2_P1IF	=	0x00eb
                    00EA    463 _IRCON2_UTX1IF	=	0x00ea
                    00E9    464 _IRCON2_UTX0IF	=	0x00e9
                    00E8    465 _IRCON2_P2IF	=	0x00e8
                            466 ;--------------------------------------------------------
                            467 ; overlayable register banks
                            468 ;--------------------------------------------------------
                            469 	.area REG_BANK_0	(REL,OVR,DATA)
   0000                     470 	.ds 8
                            471 ;--------------------------------------------------------
                            472 ; internal ram data
                            473 ;--------------------------------------------------------
                            474 	.area DSEG    (DATA)
                            475 ;--------------------------------------------------------
                            476 ; overlayable items in internal ram 
                            477 ;--------------------------------------------------------
                            478 	.area OSEG    (OVR,DATA)
                            479 ;--------------------------------------------------------
                            480 ; indirectly addressable internal ram data
                            481 ;--------------------------------------------------------
                            482 	.area ISEG    (DATA)
                            483 ;--------------------------------------------------------
                            484 ; absolute internal ram data
                            485 ;--------------------------------------------------------
                            486 	.area IABS    (ABS,DATA)
                            487 	.area IABS    (ABS,DATA)
                            488 ;--------------------------------------------------------
                            489 ; bit data
                            490 ;--------------------------------------------------------
                            491 	.area BSEG    (BIT)
                            492 ;--------------------------------------------------------
                            493 ; paged external ram data
                            494 ;--------------------------------------------------------
                            495 	.area PSEG    (PAG,XDATA)
                            496 ;--------------------------------------------------------
                            497 ; external ram data
                            498 ;--------------------------------------------------------
                            499 	.area XSEG    (XDATA)
                    DF02    500 _MDMCTRL0H	=	0xdf02
                    DF03    501 _MDMCTRL0L	=	0xdf03
                    DF04    502 _MDMCTRL1H	=	0xdf04
                    DF05    503 _MDMCTRL1L	=	0xdf05
                    DF06    504 _RSSIH	=	0xdf06
                    DF07    505 _RSSIL	=	0xdf07
                    DF08    506 _SYNCWORDH	=	0xdf08
                    DF09    507 _SYNCWORDL	=	0xdf09
                    DF0A    508 _TXCTRLH	=	0xdf0a
                    DF0B    509 _TXCTRLL	=	0xdf0b
                    DF0C    510 _RXCTRL0H	=	0xdf0c
                    DF0D    511 _RXCTRL0L	=	0xdf0d
                    DF0E    512 _RXCTRL1H	=	0xdf0e
                    DF0F    513 _RXCTRL1L	=	0xdf0f
                    DF10    514 _FSCTRLH	=	0xdf10
                    DF11    515 _FSCTRLL	=	0xdf11
                    DF12    516 _CSPX	=	0xdf12
                    DF13    517 _CSPY	=	0xdf13
                    DF14    518 _CSPZ	=	0xdf14
                    DF15    519 _CSPCTRL	=	0xdf15
                    DF16    520 _CSPT	=	0xdf16
                    DF17    521 _RFPWR	=	0xdf17
                    DF20    522 _FSMTCH	=	0xdf20
                    DF21    523 _FSMTCL	=	0xdf21
                    DF22    524 _MANANDH	=	0xdf22
                    DF23    525 _MANANDL	=	0xdf23
                    DF24    526 _MANORH	=	0xdf24
                    DF25    527 _MANORL	=	0xdf25
                    DF26    528 _AGCCTRLH	=	0xdf26
                    DF27    529 _AGCCTRLL	=	0xdf27
                    DF39    530 _FSMSTATE	=	0xdf39
                    DF3A    531 _ADCTSTH	=	0xdf3a
                    DF3B    532 _ADCTSTL	=	0xdf3b
                    DF3C    533 _DACTSTH	=	0xdf3c
                    DF3D    534 _DACTSTL	=	0xdf3d
                    DF43    535 _IEEE_ADDR0	=	0xdf43
                    DF44    536 _IEEE_ADDR1	=	0xdf44
                    DF45    537 _IEEE_ADDR2	=	0xdf45
                    DF46    538 _IEEE_ADDR3	=	0xdf46
                    DF47    539 _IEEE_ADDR4	=	0xdf47
                    DF48    540 _IEEE_ADDR5	=	0xdf48
                    DF49    541 _IEEE_ADDR6	=	0xdf49
                    DF4A    542 _IEEE_ADDR7	=	0xdf4a
                    DF4B    543 _PANIDH	=	0xdf4b
                    DF4C    544 _PANIDL	=	0xdf4c
                    DF4D    545 _SHORTADDRH	=	0xdf4d
                    DF4E    546 _SHORTADDRL	=	0xdf4e
                    DF4F    547 _IOCFG0	=	0xdf4f
                    DF50    548 _IOCFG1	=	0xdf50
                    DF51    549 _IOCFG2	=	0xdf51
                    DF52    550 _IOCFG3	=	0xdf52
                    DF53    551 _RXFIFOCNT	=	0xdf53
                    DF54    552 _FSMTC1	=	0xdf54
                    DF60    553 _CHVER	=	0xdf60
                    DF61    554 _CHIPID	=	0xdf61
                    DF62    555 _RFSTATUS	=	0xdf62
                    DFC1    556 _U0BUF_SHADOW	=	0xdfc1
                    DFD9    557 _RFD_SHADOW	=	0xdfd9
                    DFF9    558 _U1BUF_SHADOW	=	0xdff9
                    DFBA    559 _ADC_SHADOW	=	0xdfba
                            560 ;--------------------------------------------------------
                            561 ; absolute external ram data
                            562 ;--------------------------------------------------------
                            563 	.area XABS    (ABS,XDATA)
                            564 ;--------------------------------------------------------
                            565 ; external initialized ram data
                            566 ;--------------------------------------------------------
                            567 	.area XISEG   (XDATA)
                            568 	.area HOME    (CODE)
                            569 	.area GSINIT0 (CODE)
                            570 	.area GSINIT1 (CODE)
                            571 	.area GSINIT2 (CODE)
                            572 	.area GSINIT3 (CODE)
                            573 	.area GSINIT4 (CODE)
                            574 	.area GSINIT5 (CODE)
                            575 	.area GSINIT  (CODE)
                            576 	.area GSFINAL (CODE)
                            577 	.area CSEG    (CODE)
                            578 ;--------------------------------------------------------
                            579 ; global & static initialisations
                            580 ;--------------------------------------------------------
                            581 	.area HOME    (CODE)
                            582 	.area GSINIT  (CODE)
                            583 	.area GSFINAL (CODE)
                            584 	.area GSINIT  (CODE)
                            585 ;--------------------------------------------------------
                            586 ; Home
                            587 ;--------------------------------------------------------
                            588 	.area HOME    (CODE)
                            589 	.area HOME    (CODE)
                            590 ;--------------------------------------------------------
                            591 ; code
                            592 ;--------------------------------------------------------
                            593 	.area CSEG    (CODE)
                            594 ;------------------------------------------------------------
                            595 ;Allocation info for local variables in function 'chameleon_init'
                            596 ;------------------------------------------------------------
                            597 ;	../../core/net/rime/chameleon.c:68: chameleon_init(void)
                            598 ;	-----------------------------------------
                            599 ;	 function chameleon_init
                            600 ;	-----------------------------------------
   0000                     601 _chameleon_init:
                    0007    602 	ar7 = 0x07
                    0006    603 	ar6 = 0x06
                    0005    604 	ar5 = 0x05
                    0004    605 	ar4 = 0x04
                    0003    606 	ar3 = 0x03
                    0002    607 	ar2 = 0x02
                    0001    608 	ar1 = 0x01
                    0000    609 	ar0 = 0x00
                            610 ;	../../core/net/rime/chameleon.c:70: channel_init();
   0000 02s00r00            611 	ljmp	_channel_init
                            612 ;------------------------------------------------------------
                            613 ;Allocation info for local variables in function 'chameleon_parse'
                            614 ;------------------------------------------------------------
                            615 ;c                         Allocated to registers r6 r7 r5 
                            616 ;------------------------------------------------------------
                            617 ;	../../core/net/rime/chameleon.c:112: chameleon_parse(void)
                            618 ;	-----------------------------------------
                            619 ;	 function chameleon_parse
                            620 ;	-----------------------------------------
   0003                     621 _chameleon_parse:
                            622 ;	../../core/net/rime/chameleon.c:120: c = CHAMELEON_MODULE.input();
   0003 90s00r00            623 	mov	dptr,#_chameleon_bitopt
   0006 E4                  624 	clr	a
   0007 93                  625 	movc	a,@a+dptr
   0008 FE                  626 	mov	r6,a
   0009 A3                  627 	inc	dptr
   000A E4                  628 	clr	a
   000B 93                  629 	movc	a,@a+dptr
   000C FF                  630 	mov	r7,a
   000D 8E 82               631 	mov	dpl,r6
   000F 8F 83               632 	mov	dph,r7
   0011 12s00r00            633 	lcall	__sdcc_call_dptr
   0014 AE 82               634 	mov	r6,dpl
   0016 AF 83               635 	mov	r7,dph
   0018 AD F0               636 	mov	r5,b
                            637 ;	../../core/net/rime/chameleon.c:121: if(c != NULL) {
   001A EE                  638 	mov	a,r6
   001B 4F                  639 	orl	a,r7
   001C 60 32               640 	jz	00102$
                            641 ;	../../core/net/rime/chameleon.c:125: packetbuf_set_attr(PACKETBUF_ATTR_CHANNEL, c->channelno);
   001E 74 03               642 	mov	a,#0x03
   0020 2E                  643 	add	a,r6
   0021 FA                  644 	mov	r2,a
   0022 E4                  645 	clr	a
   0023 3F                  646 	addc	a,r7
   0024 FB                  647 	mov	r3,a
   0025 8D 04               648 	mov	ar4,r5
   0027 8A 82               649 	mov	dpl,r2
   0029 8B 83               650 	mov	dph,r3
   002B 8C F0               651 	mov	b,r4
   002D 12s00r00            652 	lcall	__gptrget
   0030 FA                  653 	mov	r2,a
   0031 A3                  654 	inc	dptr
   0032 12s00r00            655 	lcall	__gptrget
   0035 FB                  656 	mov	r3,a
   0036 C0 07               657 	push	ar7
   0038 C0 06               658 	push	ar6
   003A C0 05               659 	push	ar5
   003C C0 02               660 	push	ar2
   003E C0 03               661 	push	ar3
   0040 75 82 01            662 	mov	dpl,#0x01
   0043 12s00r00            663 	lcall	_packetbuf_set_attr
   0046 15 81               664 	dec	sp
   0048 15 81               665 	dec	sp
   004A D0 05               666 	pop	ar5
   004C D0 06               667 	pop	ar6
   004E D0 07               668 	pop	ar7
   0050                     669 00102$:
                            670 ;	../../core/net/rime/chameleon.c:130: return c;
   0050 8E 82               671 	mov	dpl,r6
   0052 8F 83               672 	mov	dph,r7
   0054 8D F0               673 	mov	b,r5
   0056 22                  674 	ret
                            675 ;------------------------------------------------------------
                            676 ;Allocation info for local variables in function 'chameleon_create'
                            677 ;------------------------------------------------------------
                            678 ;c                         Allocated to registers r5 r6 r7 
                            679 ;ret                       Allocated to registers r3 r4 
                            680 ;------------------------------------------------------------
                            681 ;	../../core/net/rime/chameleon.c:134: chameleon_create(struct channel *c)
                            682 ;	-----------------------------------------
                            683 ;	 function chameleon_create
                            684 ;	-----------------------------------------
   0057                     685 _chameleon_create:
   0057 AD 82               686 	mov	r5,dpl
   0059 AE 83               687 	mov	r6,dph
   005B AF F0               688 	mov	r7,b
                            689 ;	../../core/net/rime/chameleon.c:142: ret = CHAMELEON_MODULE.output(c);
   005D 90s00r02            690 	mov	dptr,#(_chameleon_bitopt + 0x0002)
   0060 E4                  691 	clr	a
   0061 93                  692 	movc	a,@a+dptr
   0062 FB                  693 	mov	r3,a
   0063 A3                  694 	inc	dptr
   0064 E4                  695 	clr	a
   0065 93                  696 	movc	a,@a+dptr
   0066 FC                  697 	mov	r4,a
   0067 C0 07               698 	push	ar7
   0069 C0 06               699 	push	ar6
   006B C0 05               700 	push	ar5
   006D 74r80               701 	mov	a,#00107$
   006F C0 E0               702 	push	acc
   0071 74s00               703 	mov	a,#(00107$ >> 8)
   0073 C0 E0               704 	push	acc
   0075 C0 03               705 	push	ar3
   0077 C0 04               706 	push	ar4
   0079 8D 82               707 	mov	dpl,r5
   007B 8E 83               708 	mov	dph,r6
   007D 8F F0               709 	mov	b,r7
   007F 22                  710 	ret
   0080                     711 00107$:
   0080 AB 82               712 	mov	r3,dpl
   0082 AC 83               713 	mov	r4,dph
   0084 D0 05               714 	pop	ar5
   0086 D0 06               715 	pop	ar6
   0088 D0 07               716 	pop	ar7
                            717 ;	../../core/net/rime/chameleon.c:143: packetbuf_set_attr(PACKETBUF_ATTR_CHANNEL, c->channelno);
   008A 74 03               718 	mov	a,#0x03
   008C 2D                  719 	add	a,r5
   008D FD                  720 	mov	r5,a
   008E E4                  721 	clr	a
   008F 3E                  722 	addc	a,r6
   0090 FE                  723 	mov	r6,a
   0091 8D 82               724 	mov	dpl,r5
   0093 8E 83               725 	mov	dph,r6
   0095 8F F0               726 	mov	b,r7
   0097 12s00r00            727 	lcall	__gptrget
   009A FD                  728 	mov	r5,a
   009B A3                  729 	inc	dptr
   009C 12s00r00            730 	lcall	__gptrget
   009F FE                  731 	mov	r6,a
   00A0 C0 04               732 	push	ar4
   00A2 C0 03               733 	push	ar3
   00A4 C0 05               734 	push	ar5
   00A6 C0 06               735 	push	ar6
   00A8 75 82 01            736 	mov	dpl,#0x01
   00AB 12s00r00            737 	lcall	_packetbuf_set_attr
   00AE 15 81               738 	dec	sp
   00B0 15 81               739 	dec	sp
   00B2 D0 03               740 	pop	ar3
   00B4 D0 04               741 	pop	ar4
                            742 ;	../../core/net/rime/chameleon.c:147: if(ret) {
   00B6 EB                  743 	mov	a,r3
   00B7 4C                  744 	orl	a,r4
   00B8 60 04               745 	jz	00102$
                            746 ;	../../core/net/rime/chameleon.c:148: return 1;
   00BA 90 00 01            747 	mov	dptr,#0x0001
   00BD 22                  748 	ret
   00BE                     749 00102$:
                            750 ;	../../core/net/rime/chameleon.c:150: return 0;
   00BE 90 00 00            751 	mov	dptr,#0x0000
   00C1 22                  752 	ret
                            753 ;------------------------------------------------------------
                            754 ;Allocation info for local variables in function 'chameleon_hdrsize'
                            755 ;------------------------------------------------------------
                            756 ;attrlist                  Allocated to registers r5 r6 r7 
                            757 ;------------------------------------------------------------
                            758 ;	../../core/net/rime/chameleon.c:154: chameleon_hdrsize(const struct packetbuf_attrlist attrlist[])
                            759 ;	-----------------------------------------
                            760 ;	 function chameleon_hdrsize
                            761 ;	-----------------------------------------
   00C2                     762 _chameleon_hdrsize:
   00C2 AD 82               763 	mov	r5,dpl
   00C4 AE 83               764 	mov	r6,dph
   00C6 AF F0               765 	mov	r7,b
                            766 ;	../../core/net/rime/chameleon.c:156: return CHAMELEON_MODULE.hdrsize(attrlist);
   00C8 90s00r04            767 	mov	dptr,#(_chameleon_bitopt + 0x0004)
   00CB E4                  768 	clr	a
   00CC 93                  769 	movc	a,@a+dptr
   00CD FB                  770 	mov	r3,a
   00CE A3                  771 	inc	dptr
   00CF E4                  772 	clr	a
   00D0 93                  773 	movc	a,@a+dptr
   00D1 FC                  774 	mov	r4,a
   00D2 74rE5               775 	mov	a,#00103$
   00D4 C0 E0               776 	push	acc
   00D6 74s00               777 	mov	a,#(00103$ >> 8)
   00D8 C0 E0               778 	push	acc
   00DA C0 03               779 	push	ar3
   00DC C0 04               780 	push	ar4
   00DE 8D 82               781 	mov	dpl,r5
   00E0 8E 83               782 	mov	dph,r6
   00E2 8F F0               783 	mov	b,r7
   00E4 22                  784 	ret
   00E5                     785 00103$:
   00E5 22                  786 	ret
                            787 	.area CSEG    (CODE)
                            788 	.area CONST   (CODE)
                            789 	.area XINIT   (CODE)
                            790 	.area CABS    (ABS,CODE)
