                              1 ;--------------------------------------------------------
                              2 ; File Created by SDCC : free open source ANSI-C Compiler
                              3 ; Version 3.1.1 #7100 (Apr  1 2013) (Linux)
                              4 ; This file was generated Tue Apr 23 09:41:24 2013
                              5 ;--------------------------------------------------------
                              6 	.module energest
                              7 	.optsdcc -mmcs51 --model-large
                              8 	
                              9 ;--------------------------------------------------------
                             10 ; Public variables in this module
                             11 ;--------------------------------------------------------
                             12 	.globl _IRCON2_P2IF
                             13 	.globl _IRCON2_UTX0IF
                             14 	.globl _IRCON2_UTX1IF
                             15 	.globl _IRCON2_P1IF
                             16 	.globl _IRCON2_WDTIF
                             17 	.globl _CY
                             18 	.globl _AC
                             19 	.globl _F0
                             20 	.globl _RS1
                             21 	.globl _RS0
                             22 	.globl _OV
                             23 	.globl _F1
                             24 	.globl _P
                             25 	.globl _IRCON_DMAIF
                             26 	.globl _IRCON_T1IF
                             27 	.globl _IRCON_T2IF
                             28 	.globl _IRCON_T3IF
                             29 	.globl _IRCON_T4IF
                             30 	.globl _IRCON_P0IF
                             31 	.globl _IRCON_STIF
                             32 	.globl _IEN1_DMAIE
                             33 	.globl _IEN1_T1IE
                             34 	.globl _IEN1_T2IE
                             35 	.globl _IEN1_T3IE
                             36 	.globl _IEN1_T4IE
                             37 	.globl _IEN1_P0IE
                             38 	.globl _IEN0_RFERRIE
                             39 	.globl _IEN0_ADCIE
                             40 	.globl _IEN0_URX0IE
                             41 	.globl _IEN0_URX1IE
                             42 	.globl _IEN0_ENCIE
                             43 	.globl _IEN0_STIE
                             44 	.globl _IEN0_EA
                             45 	.globl _EA
                             46 	.globl _P2_4
                             47 	.globl _P2_3
                             48 	.globl _P2_2
                             49 	.globl _P2_1
                             50 	.globl _P2_0
                             51 	.globl _S0CON_ENCIF_0
                             52 	.globl _S0CON_ENCIF_1
                             53 	.globl _P1_7
                             54 	.globl _P1_6
                             55 	.globl _P1_5
                             56 	.globl _P1_4
                             57 	.globl _P1_3
                             58 	.globl _P1_2
                             59 	.globl _P1_1
                             60 	.globl _P1_0
                             61 	.globl _TCON_IT0
                             62 	.globl _TCON_RFERRIF
                             63 	.globl _TCON_IT1
                             64 	.globl _TCON_URX0IF
                             65 	.globl _TCON_ADCIF
                             66 	.globl _TCON_URX1IF
                             67 	.globl _P0_0
                             68 	.globl _P0_1
                             69 	.globl _P0_2
                             70 	.globl _P0_3
                             71 	.globl _P0_4
                             72 	.globl _P0_5
                             73 	.globl _P0_6
                             74 	.globl _P0_7
                             75 	.globl _P2DIR
                             76 	.globl _P1DIR
                             77 	.globl _P0DIR
                             78 	.globl _U1GCR
                             79 	.globl _U1UCR
                             80 	.globl _U1BAUD
                             81 	.globl _U1BUF
                             82 	.globl _U1CSR
                             83 	.globl _P2INP
                             84 	.globl _P1INP
                             85 	.globl _P2SEL
                             86 	.globl _P1SEL
                             87 	.globl _P0SEL
                             88 	.globl _ADCCFG
                             89 	.globl _PERCFG
                             90 	.globl _B
                             91 	.globl _T4CC1
                             92 	.globl _T4CCTL1
                             93 	.globl _T4CC0
                             94 	.globl _T4CCTL0
                             95 	.globl _T4CTL
                             96 	.globl _T4CNT
                             97 	.globl _RFIF
                             98 	.globl _IRCON2
                             99 	.globl _T1CCTL2
                            100 	.globl _T1CCTL1
                            101 	.globl _T1CCTL0
                            102 	.globl _T1CTL
                            103 	.globl _T1CNTH
                            104 	.globl _T1CNTL
                            105 	.globl _RFST
                            106 	.globl _ACC
                            107 	.globl _T1CC2H
                            108 	.globl _T1CC2L
                            109 	.globl _T1CC1H
                            110 	.globl _T1CC1L
                            111 	.globl _T1CC0H
                            112 	.globl _T1CC0L
                            113 	.globl _RFD
                            114 	.globl _TIMIF
                            115 	.globl _DMAREQ
                            116 	.globl _DMAARM
                            117 	.globl _DMA0CFGH
                            118 	.globl _DMA0CFGL
                            119 	.globl _DMA1CFGH
                            120 	.globl _DMA1CFGL
                            121 	.globl _DMAIRQ
                            122 	.globl _PSW
                            123 	.globl _T3CC1
                            124 	.globl _T3CCTL1
                            125 	.globl _T3CC0
                            126 	.globl _T3CCTL0
                            127 	.globl _T3CTL
                            128 	.globl _T3CNT
                            129 	.globl _WDCTL
                            130 	.globl _T2CON
                            131 	.globl _MEMCTR
                            132 	.globl _CLKCON
                            133 	.globl _U0GCR
                            134 	.globl _U0UCR
                            135 	.globl _T2CNF
                            136 	.globl _U0BAUD
                            137 	.globl _U0BUF
                            138 	.globl _IRCON
                            139 	.globl _SLEEP
                            140 	.globl _RNDH
                            141 	.globl _RNDL
                            142 	.globl _ADCH
                            143 	.globl _ADCL
                            144 	.globl _IP1
                            145 	.globl _IEN1
                            146 	.globl _RCCTL
                            147 	.globl _ADCCON3
                            148 	.globl _ADCCON2
                            149 	.globl _ADCCON1
                            150 	.globl _ENCCS
                            151 	.globl _ENCDO
                            152 	.globl _ENCDI
                            153 	.globl _FWDATA
                            154 	.globl _FCTL
                            155 	.globl _FADDRH
                            156 	.globl _FADDRL
                            157 	.globl _FWT
                            158 	.globl _IP0
                            159 	.globl _IEN0
                            160 	.globl _IE
                            161 	.globl _T2THD
                            162 	.globl _T2TLD
                            163 	.globl _T2CAPHPH
                            164 	.globl _T2CAPLPL
                            165 	.globl _T2OF2
                            166 	.globl _T2OF1
                            167 	.globl _T2OF0
                            168 	.globl _P2
                            169 	.globl _PSBANK
                            170 	.globl _FMAP
                            171 	.globl _T2PEROF2
                            172 	.globl _T2PEROF1
                            173 	.globl _T2PEROF0
                            174 	.globl _S1CON
                            175 	.globl _IEN2
                            176 	.globl _HSRC
                            177 	.globl _S0CON
                            178 	.globl _ST2
                            179 	.globl _ST1
                            180 	.globl _ST0
                            181 	.globl _T2CMP
                            182 	.globl __XPAGE
                            183 	.globl _DPS
                            184 	.globl _RFIM
                            185 	.globl _P1
                            186 	.globl _P0INP
                            187 	.globl _P1IEN
                            188 	.globl _PICTL
                            189 	.globl _P2IFG
                            190 	.globl _P1IFG
                            191 	.globl _P0IFG
                            192 	.globl _TCON
                            193 	.globl _PCON
                            194 	.globl _U0CSR
                            195 	.globl _DPH1
                            196 	.globl _DPL1
                            197 	.globl _DPH0
                            198 	.globl _DPL0
                            199 	.globl _SP
                            200 	.globl _P0
                            201 	.globl _ADC_SHADOW
                            202 	.globl _U1BUF_SHADOW
                            203 	.globl _RFD_SHADOW
                            204 	.globl _U0BUF_SHADOW
                            205 	.globl _RFSTATUS
                            206 	.globl _CHIPID
                            207 	.globl _CHVER
                            208 	.globl _FSMTC1
                            209 	.globl _RXFIFOCNT
                            210 	.globl _IOCFG3
                            211 	.globl _IOCFG2
                            212 	.globl _IOCFG1
                            213 	.globl _IOCFG0
                            214 	.globl _SHORTADDRL
                            215 	.globl _SHORTADDRH
                            216 	.globl _PANIDL
                            217 	.globl _PANIDH
                            218 	.globl _IEEE_ADDR7
                            219 	.globl _IEEE_ADDR6
                            220 	.globl _IEEE_ADDR5
                            221 	.globl _IEEE_ADDR4
                            222 	.globl _IEEE_ADDR3
                            223 	.globl _IEEE_ADDR2
                            224 	.globl _IEEE_ADDR1
                            225 	.globl _IEEE_ADDR0
                            226 	.globl _DACTSTL
                            227 	.globl _DACTSTH
                            228 	.globl _ADCTSTL
                            229 	.globl _ADCTSTH
                            230 	.globl _FSMSTATE
                            231 	.globl _AGCCTRLL
                            232 	.globl _AGCCTRLH
                            233 	.globl _MANORL
                            234 	.globl _MANORH
                            235 	.globl _MANANDL
                            236 	.globl _MANANDH
                            237 	.globl _FSMTCL
                            238 	.globl _FSMTCH
                            239 	.globl _RFPWR
                            240 	.globl _CSPT
                            241 	.globl _CSPCTRL
                            242 	.globl _CSPZ
                            243 	.globl _CSPY
                            244 	.globl _CSPX
                            245 	.globl _FSCTRLL
                            246 	.globl _FSCTRLH
                            247 	.globl _RXCTRL1L
                            248 	.globl _RXCTRL1H
                            249 	.globl _RXCTRL0L
                            250 	.globl _RXCTRL0H
                            251 	.globl _TXCTRLL
                            252 	.globl _TXCTRLH
                            253 	.globl _SYNCWORDL
                            254 	.globl _SYNCWORDH
                            255 	.globl _RSSIL
                            256 	.globl _RSSIH
                            257 	.globl _MDMCTRL1L
                            258 	.globl _MDMCTRL1H
                            259 	.globl _MDMCTRL0L
                            260 	.globl _MDMCTRL0H
                            261 	.globl _energest_type_set
                            262 	.globl _energest_init
                            263 	.globl _energest_type_time
                            264 	.globl _energest_flush
                            265 ;--------------------------------------------------------
                            266 ; special function registers
                            267 ;--------------------------------------------------------
                            268 	.area RSEG    (ABS,DATA)
   0000                     269 	.org 0x0000
                    0080    270 _P0	=	0x0080
                    0081    271 _SP	=	0x0081
                    0082    272 _DPL0	=	0x0082
                    0083    273 _DPH0	=	0x0083
                    0084    274 _DPL1	=	0x0084
                    0085    275 _DPH1	=	0x0085
                    0086    276 _U0CSR	=	0x0086
                    0087    277 _PCON	=	0x0087
                    0088    278 _TCON	=	0x0088
                    0089    279 _P0IFG	=	0x0089
                    008A    280 _P1IFG	=	0x008a
                    008B    281 _P2IFG	=	0x008b
                    008C    282 _PICTL	=	0x008c
                    008D    283 _P1IEN	=	0x008d
                    008F    284 _P0INP	=	0x008f
                    0090    285 _P1	=	0x0090
                    0091    286 _RFIM	=	0x0091
                    0092    287 _DPS	=	0x0092
                    0093    288 __XPAGE	=	0x0093
                    0094    289 _T2CMP	=	0x0094
                    0095    290 _ST0	=	0x0095
                    0096    291 _ST1	=	0x0096
                    0097    292 _ST2	=	0x0097
                    0098    293 _S0CON	=	0x0098
                    0099    294 _HSRC	=	0x0099
                    009A    295 _IEN2	=	0x009a
                    009B    296 _S1CON	=	0x009b
                    009C    297 _T2PEROF0	=	0x009c
                    009D    298 _T2PEROF1	=	0x009d
                    009E    299 _T2PEROF2	=	0x009e
                    009F    300 _FMAP	=	0x009f
                    009F    301 _PSBANK	=	0x009f
                    00A0    302 _P2	=	0x00a0
                    00A1    303 _T2OF0	=	0x00a1
                    00A2    304 _T2OF1	=	0x00a2
                    00A3    305 _T2OF2	=	0x00a3
                    00A4    306 _T2CAPLPL	=	0x00a4
                    00A5    307 _T2CAPHPH	=	0x00a5
                    00A6    308 _T2TLD	=	0x00a6
                    00A7    309 _T2THD	=	0x00a7
                    00A8    310 _IE	=	0x00a8
                    00A8    311 _IEN0	=	0x00a8
                    00A9    312 _IP0	=	0x00a9
                    00AB    313 _FWT	=	0x00ab
                    00AC    314 _FADDRL	=	0x00ac
                    00AD    315 _FADDRH	=	0x00ad
                    00AE    316 _FCTL	=	0x00ae
                    00AF    317 _FWDATA	=	0x00af
                    00B1    318 _ENCDI	=	0x00b1
                    00B2    319 _ENCDO	=	0x00b2
                    00B3    320 _ENCCS	=	0x00b3
                    00B4    321 _ADCCON1	=	0x00b4
                    00B5    322 _ADCCON2	=	0x00b5
                    00B6    323 _ADCCON3	=	0x00b6
                    00B7    324 _RCCTL	=	0x00b7
                    00B8    325 _IEN1	=	0x00b8
                    00B9    326 _IP1	=	0x00b9
                    00BA    327 _ADCL	=	0x00ba
                    00BB    328 _ADCH	=	0x00bb
                    00BC    329 _RNDL	=	0x00bc
                    00BD    330 _RNDH	=	0x00bd
                    00BE    331 _SLEEP	=	0x00be
                    00C0    332 _IRCON	=	0x00c0
                    00C1    333 _U0BUF	=	0x00c1
                    00C2    334 _U0BAUD	=	0x00c2
                    00C3    335 _T2CNF	=	0x00c3
                    00C4    336 _U0UCR	=	0x00c4
                    00C5    337 _U0GCR	=	0x00c5
                    00C6    338 _CLKCON	=	0x00c6
                    00C7    339 _MEMCTR	=	0x00c7
                    00C8    340 _T2CON	=	0x00c8
                    00C9    341 _WDCTL	=	0x00c9
                    00CA    342 _T3CNT	=	0x00ca
                    00CB    343 _T3CTL	=	0x00cb
                    00CC    344 _T3CCTL0	=	0x00cc
                    00CD    345 _T3CC0	=	0x00cd
                    00CE    346 _T3CCTL1	=	0x00ce
                    00CF    347 _T3CC1	=	0x00cf
                    00D0    348 _PSW	=	0x00d0
                    00D1    349 _DMAIRQ	=	0x00d1
                    00D2    350 _DMA1CFGL	=	0x00d2
                    00D3    351 _DMA1CFGH	=	0x00d3
                    00D4    352 _DMA0CFGL	=	0x00d4
                    00D5    353 _DMA0CFGH	=	0x00d5
                    00D6    354 _DMAARM	=	0x00d6
                    00D7    355 _DMAREQ	=	0x00d7
                    00D8    356 _TIMIF	=	0x00d8
                    00D9    357 _RFD	=	0x00d9
                    00DA    358 _T1CC0L	=	0x00da
                    00DB    359 _T1CC0H	=	0x00db
                    00DC    360 _T1CC1L	=	0x00dc
                    00DD    361 _T1CC1H	=	0x00dd
                    00DE    362 _T1CC2L	=	0x00de
                    00DF    363 _T1CC2H	=	0x00df
                    00E0    364 _ACC	=	0x00e0
                    00E1    365 _RFST	=	0x00e1
                    00E2    366 _T1CNTL	=	0x00e2
                    00E3    367 _T1CNTH	=	0x00e3
                    00E4    368 _T1CTL	=	0x00e4
                    00E5    369 _T1CCTL0	=	0x00e5
                    00E6    370 _T1CCTL1	=	0x00e6
                    00E7    371 _T1CCTL2	=	0x00e7
                    00E8    372 _IRCON2	=	0x00e8
                    00E9    373 _RFIF	=	0x00e9
                    00EA    374 _T4CNT	=	0x00ea
                    00EB    375 _T4CTL	=	0x00eb
                    00EC    376 _T4CCTL0	=	0x00ec
                    00ED    377 _T4CC0	=	0x00ed
                    00EE    378 _T4CCTL1	=	0x00ee
                    00EF    379 _T4CC1	=	0x00ef
                    00F0    380 _B	=	0x00f0
                    00F1    381 _PERCFG	=	0x00f1
                    00F2    382 _ADCCFG	=	0x00f2
                    00F3    383 _P0SEL	=	0x00f3
                    00F4    384 _P1SEL	=	0x00f4
                    00F5    385 _P2SEL	=	0x00f5
                    00F6    386 _P1INP	=	0x00f6
                    00F7    387 _P2INP	=	0x00f7
                    00F8    388 _U1CSR	=	0x00f8
                    00F9    389 _U1BUF	=	0x00f9
                    00FA    390 _U1BAUD	=	0x00fa
                    00FB    391 _U1UCR	=	0x00fb
                    00FC    392 _U1GCR	=	0x00fc
                    00FD    393 _P0DIR	=	0x00fd
                    00FE    394 _P1DIR	=	0x00fe
                    00FF    395 _P2DIR	=	0x00ff
                            396 ;--------------------------------------------------------
                            397 ; special function bits
                            398 ;--------------------------------------------------------
                            399 	.area RSEG    (ABS,DATA)
   0000                     400 	.org 0x0000
                    0087    401 _P0_7	=	0x0087
                    0086    402 _P0_6	=	0x0086
                    0085    403 _P0_5	=	0x0085
                    0084    404 _P0_4	=	0x0084
                    0083    405 _P0_3	=	0x0083
                    0082    406 _P0_2	=	0x0082
                    0081    407 _P0_1	=	0x0081
                    0080    408 _P0_0	=	0x0080
                    008F    409 _TCON_URX1IF	=	0x008f
                    008D    410 _TCON_ADCIF	=	0x008d
                    008B    411 _TCON_URX0IF	=	0x008b
                    008A    412 _TCON_IT1	=	0x008a
                    0089    413 _TCON_RFERRIF	=	0x0089
                    0088    414 _TCON_IT0	=	0x0088
                    0090    415 _P1_0	=	0x0090
                    0091    416 _P1_1	=	0x0091
                    0092    417 _P1_2	=	0x0092
                    0093    418 _P1_3	=	0x0093
                    0094    419 _P1_4	=	0x0094
                    0095    420 _P1_5	=	0x0095
                    0096    421 _P1_6	=	0x0096
                    0097    422 _P1_7	=	0x0097
                    0099    423 _S0CON_ENCIF_1	=	0x0099
                    0098    424 _S0CON_ENCIF_0	=	0x0098
                    00A0    425 _P2_0	=	0x00a0
                    00A1    426 _P2_1	=	0x00a1
                    00A2    427 _P2_2	=	0x00a2
                    00A3    428 _P2_3	=	0x00a3
                    00A4    429 _P2_4	=	0x00a4
                    00AF    430 _EA	=	0x00af
                    00AF    431 _IEN0_EA	=	0x00af
                    00AD    432 _IEN0_STIE	=	0x00ad
                    00AC    433 _IEN0_ENCIE	=	0x00ac
                    00AB    434 _IEN0_URX1IE	=	0x00ab
                    00AA    435 _IEN0_URX0IE	=	0x00aa
                    00A9    436 _IEN0_ADCIE	=	0x00a9
                    00A8    437 _IEN0_RFERRIE	=	0x00a8
                    00BD    438 _IEN1_P0IE	=	0x00bd
                    00BC    439 _IEN1_T4IE	=	0x00bc
                    00BB    440 _IEN1_T3IE	=	0x00bb
                    00BA    441 _IEN1_T2IE	=	0x00ba
                    00B9    442 _IEN1_T1IE	=	0x00b9
                    00B8    443 _IEN1_DMAIE	=	0x00b8
                    00C7    444 _IRCON_STIF	=	0x00c7
                    00C5    445 _IRCON_P0IF	=	0x00c5
                    00C4    446 _IRCON_T4IF	=	0x00c4
                    00C3    447 _IRCON_T3IF	=	0x00c3
                    00C2    448 _IRCON_T2IF	=	0x00c2
                    00C1    449 _IRCON_T1IF	=	0x00c1
                    00C0    450 _IRCON_DMAIF	=	0x00c0
                    00D0    451 _P	=	0x00d0
                    00D1    452 _F1	=	0x00d1
                    00D2    453 _OV	=	0x00d2
                    00D3    454 _RS0	=	0x00d3
                    00D4    455 _RS1	=	0x00d4
                    00D5    456 _F0	=	0x00d5
                    00D6    457 _AC	=	0x00d6
                    00D7    458 _CY	=	0x00d7
                    00EC    459 _IRCON2_WDTIF	=	0x00ec
                    00EB    460 _IRCON2_P1IF	=	0x00eb
                    00EA    461 _IRCON2_UTX1IF	=	0x00ea
                    00E9    462 _IRCON2_UTX0IF	=	0x00e9
                    00E8    463 _IRCON2_P2IF	=	0x00e8
                            464 ;--------------------------------------------------------
                            465 ; overlayable register banks
                            466 ;--------------------------------------------------------
                            467 	.area REG_BANK_0	(REL,OVR,DATA)
   0000                     468 	.ds 8
                            469 ;--------------------------------------------------------
                            470 ; internal ram data
                            471 ;--------------------------------------------------------
                            472 	.area DSEG    (DATA)
                            473 ;--------------------------------------------------------
                            474 ; overlayable items in internal ram 
                            475 ;--------------------------------------------------------
                            476 	.area OSEG    (OVR,DATA)
                            477 ;--------------------------------------------------------
                            478 ; indirectly addressable internal ram data
                            479 ;--------------------------------------------------------
                            480 	.area ISEG    (DATA)
                            481 ;--------------------------------------------------------
                            482 ; absolute internal ram data
                            483 ;--------------------------------------------------------
                            484 	.area IABS    (ABS,DATA)
                            485 	.area IABS    (ABS,DATA)
                            486 ;--------------------------------------------------------
                            487 ; bit data
                            488 ;--------------------------------------------------------
                            489 	.area BSEG    (BIT)
                            490 ;--------------------------------------------------------
                            491 ; paged external ram data
                            492 ;--------------------------------------------------------
                            493 	.area PSEG    (PAG,XDATA)
                            494 ;--------------------------------------------------------
                            495 ; external ram data
                            496 ;--------------------------------------------------------
                            497 	.area XSEG    (XDATA)
                    DF02    498 _MDMCTRL0H	=	0xdf02
                    DF03    499 _MDMCTRL0L	=	0xdf03
                    DF04    500 _MDMCTRL1H	=	0xdf04
                    DF05    501 _MDMCTRL1L	=	0xdf05
                    DF06    502 _RSSIH	=	0xdf06
                    DF07    503 _RSSIL	=	0xdf07
                    DF08    504 _SYNCWORDH	=	0xdf08
                    DF09    505 _SYNCWORDL	=	0xdf09
                    DF0A    506 _TXCTRLH	=	0xdf0a
                    DF0B    507 _TXCTRLL	=	0xdf0b
                    DF0C    508 _RXCTRL0H	=	0xdf0c
                    DF0D    509 _RXCTRL0L	=	0xdf0d
                    DF0E    510 _RXCTRL1H	=	0xdf0e
                    DF0F    511 _RXCTRL1L	=	0xdf0f
                    DF10    512 _FSCTRLH	=	0xdf10
                    DF11    513 _FSCTRLL	=	0xdf11
                    DF12    514 _CSPX	=	0xdf12
                    DF13    515 _CSPY	=	0xdf13
                    DF14    516 _CSPZ	=	0xdf14
                    DF15    517 _CSPCTRL	=	0xdf15
                    DF16    518 _CSPT	=	0xdf16
                    DF17    519 _RFPWR	=	0xdf17
                    DF20    520 _FSMTCH	=	0xdf20
                    DF21    521 _FSMTCL	=	0xdf21
                    DF22    522 _MANANDH	=	0xdf22
                    DF23    523 _MANANDL	=	0xdf23
                    DF24    524 _MANORH	=	0xdf24
                    DF25    525 _MANORL	=	0xdf25
                    DF26    526 _AGCCTRLH	=	0xdf26
                    DF27    527 _AGCCTRLL	=	0xdf27
                    DF39    528 _FSMSTATE	=	0xdf39
                    DF3A    529 _ADCTSTH	=	0xdf3a
                    DF3B    530 _ADCTSTL	=	0xdf3b
                    DF3C    531 _DACTSTH	=	0xdf3c
                    DF3D    532 _DACTSTL	=	0xdf3d
                    DF43    533 _IEEE_ADDR0	=	0xdf43
                    DF44    534 _IEEE_ADDR1	=	0xdf44
                    DF45    535 _IEEE_ADDR2	=	0xdf45
                    DF46    536 _IEEE_ADDR3	=	0xdf46
                    DF47    537 _IEEE_ADDR4	=	0xdf47
                    DF48    538 _IEEE_ADDR5	=	0xdf48
                    DF49    539 _IEEE_ADDR6	=	0xdf49
                    DF4A    540 _IEEE_ADDR7	=	0xdf4a
                    DF4B    541 _PANIDH	=	0xdf4b
                    DF4C    542 _PANIDL	=	0xdf4c
                    DF4D    543 _SHORTADDRH	=	0xdf4d
                    DF4E    544 _SHORTADDRL	=	0xdf4e
                    DF4F    545 _IOCFG0	=	0xdf4f
                    DF50    546 _IOCFG1	=	0xdf50
                    DF51    547 _IOCFG2	=	0xdf51
                    DF52    548 _IOCFG3	=	0xdf52
                    DF53    549 _RXFIFOCNT	=	0xdf53
                    DF54    550 _FSMTC1	=	0xdf54
                    DF60    551 _CHVER	=	0xdf60
                    DF61    552 _CHIPID	=	0xdf61
                    DF62    553 _RFSTATUS	=	0xdf62
                    DFC1    554 _U0BUF_SHADOW	=	0xdfc1
                    DFD9    555 _RFD_SHADOW	=	0xdfd9
                    DFF9    556 _U1BUF_SHADOW	=	0xdff9
                    DFBA    557 _ADC_SHADOW	=	0xdfba
                            558 ;--------------------------------------------------------
                            559 ; absolute external ram data
                            560 ;--------------------------------------------------------
                            561 	.area XABS    (ABS,XDATA)
                            562 ;--------------------------------------------------------
                            563 ; external initialized ram data
                            564 ;--------------------------------------------------------
                            565 	.area XISEG   (XDATA)
                            566 	.area HOME    (CODE)
                            567 	.area GSINIT0 (CODE)
                            568 	.area GSINIT1 (CODE)
                            569 	.area GSINIT2 (CODE)
                            570 	.area GSINIT3 (CODE)
                            571 	.area GSINIT4 (CODE)
                            572 	.area GSINIT5 (CODE)
                            573 	.area GSINIT  (CODE)
                            574 	.area GSFINAL (CODE)
                            575 	.area CSEG    (CODE)
                            576 ;--------------------------------------------------------
                            577 ; global & static initialisations
                            578 ;--------------------------------------------------------
                            579 	.area HOME    (CODE)
                            580 	.area GSINIT  (CODE)
                            581 	.area GSFINAL (CODE)
                            582 	.area GSINIT  (CODE)
                            583 ;--------------------------------------------------------
                            584 ; Home
                            585 ;--------------------------------------------------------
                            586 	.area HOME    (CODE)
                            587 	.area HOME    (CODE)
                            588 ;--------------------------------------------------------
                            589 ; code
                            590 ;--------------------------------------------------------
                            591 	.area CSEG    (CODE)
                            592 ;------------------------------------------------------------
                            593 ;Allocation info for local variables in function 'energest_type_set'
                            594 ;------------------------------------------------------------
                            595 ;val                       Allocated to stack - _bp -6
                            596 ;type                      Allocated to registers 
                            597 ;------------------------------------------------------------
                            598 ;	../../core/sys/energest.c:118: void energest_type_set(int type, unsigned long val) {}
                            599 ;	-----------------------------------------
                            600 ;	 function energest_type_set
                            601 ;	-----------------------------------------
   0000                     602 _energest_type_set:
                    0007    603 	ar7 = 0x07
                    0006    604 	ar6 = 0x06
                    0005    605 	ar5 = 0x05
                    0004    606 	ar4 = 0x04
                    0003    607 	ar3 = 0x03
                    0002    608 	ar2 = 0x02
                    0001    609 	ar1 = 0x01
                    0000    610 	ar0 = 0x00
   0000 C0*00               611 	push	_bp
   0002 85 81*00            612 	mov	_bp,sp
   0005 D0*00               613 	pop	_bp
   0007 22                  614 	ret
                            615 ;------------------------------------------------------------
                            616 ;Allocation info for local variables in function 'energest_init'
                            617 ;------------------------------------------------------------
                            618 ;	../../core/sys/energest.c:119: void energest_init(void) {}
                            619 ;	-----------------------------------------
                            620 ;	 function energest_init
                            621 ;	-----------------------------------------
   0008                     622 _energest_init:
   0008 22                  623 	ret
                            624 ;------------------------------------------------------------
                            625 ;Allocation info for local variables in function 'energest_type_time'
                            626 ;------------------------------------------------------------
                            627 ;type                      Allocated to registers 
                            628 ;------------------------------------------------------------
                            629 ;	../../core/sys/energest.c:120: unsigned long energest_type_time(int type) { return 0; }
                            630 ;	-----------------------------------------
                            631 ;	 function energest_type_time
                            632 ;	-----------------------------------------
   0009                     633 _energest_type_time:
   0009 90 00 00            634 	mov	dptr,#(0x00&0x00ff)
   000C E4                  635 	clr	a
   000D F5 F0               636 	mov	b,a
   000F 22                  637 	ret
                            638 ;------------------------------------------------------------
                            639 ;Allocation info for local variables in function 'energest_flush'
                            640 ;------------------------------------------------------------
                            641 ;	../../core/sys/energest.c:121: void energest_flush(void) {}
                            642 ;	-----------------------------------------
                            643 ;	 function energest_flush
                            644 ;	-----------------------------------------
   0010                     645 _energest_flush:
   0010 22                  646 	ret
                            647 	.area CSEG    (CODE)
                            648 	.area CONST   (CODE)
                            649 	.area XINIT   (CODE)
                            650 	.area CABS    (ABS,CODE)
