                              1 ;--------------------------------------------------------
                              2 ; File Created by SDCC : free open source ANSI-C Compiler
                              3 ; Version 3.1.1 #7100 (Apr  1 2013) (Linux)
                              4 ; This file was generated Tue Apr 23 09:41:25 2013
                              5 ;--------------------------------------------------------
                              6 	.module netstack
                              7 	.optsdcc -mmcs51 --model-large
                              8 	
                              9 ;--------------------------------------------------------
                             10 ; Public variables in this module
                             11 ;--------------------------------------------------------
                             12 	.globl _netstack_init
                             13 ;--------------------------------------------------------
                             14 ; special function registers
                             15 ;--------------------------------------------------------
                             16 	.area RSEG    (ABS,DATA)
   0000                      17 	.org 0x0000
                             18 ;--------------------------------------------------------
                             19 ; special function bits
                             20 ;--------------------------------------------------------
                             21 	.area RSEG    (ABS,DATA)
   0000                      22 	.org 0x0000
                             23 ;--------------------------------------------------------
                             24 ; overlayable register banks
                             25 ;--------------------------------------------------------
                             26 	.area REG_BANK_0	(REL,OVR,DATA)
   0000                      27 	.ds 8
                             28 ;--------------------------------------------------------
                             29 ; internal ram data
                             30 ;--------------------------------------------------------
                             31 	.area DSEG    (DATA)
                             32 ;--------------------------------------------------------
                             33 ; overlayable items in internal ram 
                             34 ;--------------------------------------------------------
                             35 	.area OSEG    (OVR,DATA)
                             36 ;--------------------------------------------------------
                             37 ; indirectly addressable internal ram data
                             38 ;--------------------------------------------------------
                             39 	.area ISEG    (DATA)
                             40 ;--------------------------------------------------------
                             41 ; absolute internal ram data
                             42 ;--------------------------------------------------------
                             43 	.area IABS    (ABS,DATA)
                             44 	.area IABS    (ABS,DATA)
                             45 ;--------------------------------------------------------
                             46 ; bit data
                             47 ;--------------------------------------------------------
                             48 	.area BSEG    (BIT)
                             49 ;--------------------------------------------------------
                             50 ; paged external ram data
                             51 ;--------------------------------------------------------
                             52 	.area PSEG    (PAG,XDATA)
                             53 ;--------------------------------------------------------
                             54 ; external ram data
                             55 ;--------------------------------------------------------
                             56 	.area XSEG    (XDATA)
                             57 ;--------------------------------------------------------
                             58 ; absolute external ram data
                             59 ;--------------------------------------------------------
                             60 	.area XABS    (ABS,XDATA)
                             61 ;--------------------------------------------------------
                             62 ; external initialized ram data
                             63 ;--------------------------------------------------------
                             64 	.area XISEG   (XDATA)
                             65 	.area HOME    (CODE)
                             66 	.area GSINIT0 (CODE)
                             67 	.area GSINIT1 (CODE)
                             68 	.area GSINIT2 (CODE)
                             69 	.area GSINIT3 (CODE)
                             70 	.area GSINIT4 (CODE)
                             71 	.area GSINIT5 (CODE)
                             72 	.area GSINIT  (CODE)
                             73 	.area GSFINAL (CODE)
                             74 	.area CSEG    (CODE)
                             75 ;--------------------------------------------------------
                             76 ; global & static initialisations
                             77 ;--------------------------------------------------------
                             78 	.area HOME    (CODE)
                             79 	.area GSINIT  (CODE)
                             80 	.area GSFINAL (CODE)
                             81 	.area GSINIT  (CODE)
                             82 ;--------------------------------------------------------
                             83 ; Home
                             84 ;--------------------------------------------------------
                             85 	.area HOME    (CODE)
                             86 	.area HOME    (CODE)
                             87 ;--------------------------------------------------------
                             88 ; code
                             89 ;--------------------------------------------------------
                             90 	.area CSEG    (CODE)
                             91 ;------------------------------------------------------------
                             92 ;Allocation info for local variables in function 'netstack_init'
                             93 ;------------------------------------------------------------
                             94 ;	../../core/net/netstack.c:44: netstack_init(void)
                             95 ;	-----------------------------------------
                             96 ;	 function netstack_init
                             97 ;	-----------------------------------------
   0000                      98 _netstack_init:
                    0007     99 	ar7 = 0x07
                    0006    100 	ar6 = 0x06
                    0005    101 	ar5 = 0x05
                    0004    102 	ar4 = 0x04
                    0003    103 	ar3 = 0x03
                    0002    104 	ar2 = 0x02
                    0001    105 	ar1 = 0x01
                    0000    106 	ar0 = 0x00
                            107 ;	../../core/net/netstack.c:46: NETSTACK_RADIO.init();
   0000 90s00r00            108 	mov	dptr,#_cc2430_rf_driver
   0003 E4                  109 	clr	a
   0004 93                  110 	movc	a,@a+dptr
   0005 FE                  111 	mov	r6,a
   0006 A3                  112 	inc	dptr
   0007 E4                  113 	clr	a
   0008 93                  114 	movc	a,@a+dptr
   0009 FF                  115 	mov	r7,a
   000A C0 07               116 	push	ar7
   000C C0 06               117 	push	ar6
   000E 8E 82               118 	mov	dpl,r6
   0010 8F 83               119 	mov	dph,r7
   0012 12s00r00            120 	lcall	__sdcc_call_dptr
   0015 D0 06               121 	pop	ar6
   0017 D0 07               122 	pop	ar7
                            123 ;	../../core/net/netstack.c:47: NETSTACK_RDC.init();
   0019 90s00r03            124 	mov	dptr,#(_nullrdc_driver + 0x0003)
   001C E4                  125 	clr	a
   001D 93                  126 	movc	a,@a+dptr
   001E FE                  127 	mov	r6,a
   001F A3                  128 	inc	dptr
   0020 E4                  129 	clr	a
   0021 93                  130 	movc	a,@a+dptr
   0022 FF                  131 	mov	r7,a
   0023 C0 07               132 	push	ar7
   0025 C0 06               133 	push	ar6
   0027 8E 82               134 	mov	dpl,r6
   0029 8F 83               135 	mov	dph,r7
   002B 12s00r00            136 	lcall	__sdcc_call_dptr
   002E D0 06               137 	pop	ar6
   0030 D0 07               138 	pop	ar7
                            139 ;	../../core/net/netstack.c:48: NETSTACK_MAC.init();
   0032 90s00r03            140 	mov	dptr,#(_csma_driver + 0x0003)
   0035 E4                  141 	clr	a
   0036 93                  142 	movc	a,@a+dptr
   0037 FE                  143 	mov	r6,a
   0038 A3                  144 	inc	dptr
   0039 E4                  145 	clr	a
   003A 93                  146 	movc	a,@a+dptr
   003B FF                  147 	mov	r7,a
   003C C0 07               148 	push	ar7
   003E C0 06               149 	push	ar6
   0040 8E 82               150 	mov	dpl,r6
   0042 8F 83               151 	mov	dph,r7
   0044 12s00r00            152 	lcall	__sdcc_call_dptr
   0047 D0 06               153 	pop	ar6
   0049 D0 07               154 	pop	ar7
                            155 ;	../../core/net/netstack.c:49: NETSTACK_NETWORK.init();
   004B 90s00r03            156 	mov	dptr,#(_rime_driver + 0x0003)
   004E E4                  157 	clr	a
   004F 93                  158 	movc	a,@a+dptr
   0050 FE                  159 	mov	r6,a
   0051 A3                  160 	inc	dptr
   0052 E4                  161 	clr	a
   0053 93                  162 	movc	a,@a+dptr
   0054 FF                  163 	mov	r7,a
   0055 C0 07               164 	push	ar7
   0057 C0 06               165 	push	ar6
   0059 8E 82               166 	mov	dpl,r6
   005B 8F 83               167 	mov	dph,r7
   005D 12s00r00            168 	lcall	__sdcc_call_dptr
   0060 D0 06               169 	pop	ar6
   0062 D0 07               170 	pop	ar7
   0064 22                  171 	ret
                            172 	.area CSEG    (CODE)
                            173 	.area CONST   (CODE)
                            174 	.area XINIT   (CODE)
                            175 	.area CABS    (ABS,CODE)
