                              1 ;--------------------------------------------------------
                              2 ; File Created by SDCC : free open source ANSI-C Compiler
                              3 ; Version 3.1.1 #7100 (Apr  1 2013) (Linux)
                              4 ; This file was generated Tue Apr 23 09:41:31 2013
                              5 ;--------------------------------------------------------
                              6 	.module nullradio
                              7 	.optsdcc -mmcs51 --model-large
                              8 	
                              9 ;--------------------------------------------------------
                             10 ; Public variables in this module
                             11 ;--------------------------------------------------------
                             12 	.globl _nullradio_driver
                             13 ;--------------------------------------------------------
                             14 ; special function registers
                             15 ;--------------------------------------------------------
                             16 	.area RSEG    (ABS,DATA)
   0000                      17 	.org 0x0000
                             18 ;--------------------------------------------------------
                             19 ; special function bits
                             20 ;--------------------------------------------------------
                             21 	.area RSEG    (ABS,DATA)
   0000                      22 	.org 0x0000
                             23 ;--------------------------------------------------------
                             24 ; overlayable register banks
                             25 ;--------------------------------------------------------
                             26 	.area REG_BANK_0	(REL,OVR,DATA)
   0000                      27 	.ds 8
                             28 ;--------------------------------------------------------
                             29 ; internal ram data
                             30 ;--------------------------------------------------------
                             31 	.area DSEG    (DATA)
                             32 ;--------------------------------------------------------
                             33 ; overlayable items in internal ram 
                             34 ;--------------------------------------------------------
                             35 	.area OSEG    (OVR,DATA)
                             36 ;--------------------------------------------------------
                             37 ; indirectly addressable internal ram data
                             38 ;--------------------------------------------------------
                             39 	.area ISEG    (DATA)
                             40 ;--------------------------------------------------------
                             41 ; absolute internal ram data
                             42 ;--------------------------------------------------------
                             43 	.area IABS    (ABS,DATA)
                             44 	.area IABS    (ABS,DATA)
                             45 ;--------------------------------------------------------
                             46 ; bit data
                             47 ;--------------------------------------------------------
                             48 	.area BSEG    (BIT)
                             49 ;--------------------------------------------------------
                             50 ; paged external ram data
                             51 ;--------------------------------------------------------
                             52 	.area PSEG    (PAG,XDATA)
                             53 ;--------------------------------------------------------
                             54 ; external ram data
                             55 ;--------------------------------------------------------
                             56 	.area XSEG    (XDATA)
                             57 ;--------------------------------------------------------
                             58 ; absolute external ram data
                             59 ;--------------------------------------------------------
                             60 	.area XABS    (ABS,XDATA)
                             61 ;--------------------------------------------------------
                             62 ; external initialized ram data
                             63 ;--------------------------------------------------------
                             64 	.area XISEG   (XDATA)
                             65 	.area HOME    (CODE)
                             66 	.area GSINIT0 (CODE)
                             67 	.area GSINIT1 (CODE)
                             68 	.area GSINIT2 (CODE)
                             69 	.area GSINIT3 (CODE)
                             70 	.area GSINIT4 (CODE)
                             71 	.area GSINIT5 (CODE)
                             72 	.area GSINIT  (CODE)
                             73 	.area GSFINAL (CODE)
                             74 	.area CSEG    (CODE)
                             75 ;--------------------------------------------------------
                             76 ; global & static initialisations
                             77 ;--------------------------------------------------------
                             78 	.area HOME    (CODE)
                             79 	.area GSINIT  (CODE)
                             80 	.area GSFINAL (CODE)
                             81 	.area GSINIT  (CODE)
                             82 ;--------------------------------------------------------
                             83 ; Home
                             84 ;--------------------------------------------------------
                             85 	.area HOME    (CODE)
                             86 	.area HOME    (CODE)
                             87 ;--------------------------------------------------------
                             88 ; code
                             89 ;--------------------------------------------------------
                             90 	.area CSEG    (CODE)
                             91 ;------------------------------------------------------------
                             92 ;Allocation info for local variables in function 'init'
                             93 ;------------------------------------------------------------
                             94 ;	../../core/dev/nullradio.c:6: init(void)
                             95 ;	-----------------------------------------
                             96 ;	 function init
                             97 ;	-----------------------------------------
   0000                      98 _init:
                    0007     99 	ar7 = 0x07
                    0006    100 	ar6 = 0x06
                    0005    101 	ar5 = 0x05
                    0004    102 	ar4 = 0x04
                    0003    103 	ar3 = 0x03
                    0002    104 	ar2 = 0x02
                    0001    105 	ar1 = 0x01
                    0000    106 	ar0 = 0x00
                            107 ;	../../core/dev/nullradio.c:8: return 0;
   0000 90 00 00            108 	mov	dptr,#0x0000
   0003 22                  109 	ret
                            110 ;------------------------------------------------------------
                            111 ;Allocation info for local variables in function 'prepare'
                            112 ;------------------------------------------------------------
                            113 ;payload_len               Allocated to stack - _bp -4
                            114 ;payload                   Allocated to registers 
                            115 ;------------------------------------------------------------
                            116 ;	../../core/dev/nullradio.c:12: prepare(const void *payload, unsigned short payload_len)
                            117 ;	-----------------------------------------
                            118 ;	 function prepare
                            119 ;	-----------------------------------------
   0004                     120 _prepare:
   0004 C0*00               121 	push	_bp
   0006 85 81*00            122 	mov	_bp,sp
                            123 ;	../../core/dev/nullradio.c:14: return 1;
   0009 90 00 01            124 	mov	dptr,#0x0001
   000C D0*00               125 	pop	_bp
   000E 22                  126 	ret
                            127 ;------------------------------------------------------------
                            128 ;Allocation info for local variables in function 'transmit'
                            129 ;------------------------------------------------------------
                            130 ;transmit_len              Allocated to registers 
                            131 ;------------------------------------------------------------
                            132 ;	../../core/dev/nullradio.c:18: transmit(unsigned short transmit_len)
                            133 ;	-----------------------------------------
                            134 ;	 function transmit
                            135 ;	-----------------------------------------
   000F                     136 _transmit:
                            137 ;	../../core/dev/nullradio.c:20: return RADIO_TX_OK;
   000F 90 00 00            138 	mov	dptr,#0x0000
   0012 22                  139 	ret
                            140 ;------------------------------------------------------------
                            141 ;Allocation info for local variables in function 'send'
                            142 ;------------------------------------------------------------
                            143 ;payload_len               Allocated to stack - _bp -4
                            144 ;payload                   Allocated to registers r5 r6 r7 
                            145 ;------------------------------------------------------------
                            146 ;	../../core/dev/nullradio.c:24: send(const void *payload, unsigned short payload_len)
                            147 ;	-----------------------------------------
                            148 ;	 function send
                            149 ;	-----------------------------------------
   0013                     150 _send:
   0013 C0*00               151 	push	_bp
   0015 85 81*00            152 	mov	_bp,sp
   0018 AD 82               153 	mov	r5,dpl
   001A AE 83               154 	mov	r6,dph
   001C AF F0               155 	mov	r7,b
                            156 ;	../../core/dev/nullradio.c:26: prepare(payload, payload_len);
   001E E5*00               157 	mov	a,_bp
   0020 24 FC               158 	add	a,#0xfc
   0022 F8                  159 	mov	r0,a
   0023 E6                  160 	mov	a,@r0
   0024 C0 E0               161 	push	acc
   0026 08                  162 	inc	r0
   0027 E6                  163 	mov	a,@r0
   0028 C0 E0               164 	push	acc
   002A 8D 82               165 	mov	dpl,r5
   002C 8E 83               166 	mov	dph,r6
   002E 8F F0               167 	mov	b,r7
   0030 12s00r04            168 	lcall	_prepare
   0033 15 81               169 	dec	sp
   0035 15 81               170 	dec	sp
                            171 ;	../../core/dev/nullradio.c:27: return transmit(payload_len);
   0037 E5*00               172 	mov	a,_bp
   0039 24 FC               173 	add	a,#0xfc
   003B F8                  174 	mov	r0,a
   003C 86 82               175 	mov	dpl,@r0
   003E 08                  176 	inc	r0
   003F 86 83               177 	mov	dph,@r0
   0041 12s00r0F            178 	lcall	_transmit
   0044 D0*00               179 	pop	_bp
   0046 22                  180 	ret
                            181 ;------------------------------------------------------------
                            182 ;Allocation info for local variables in function 'read'
                            183 ;------------------------------------------------------------
                            184 ;buf_len                   Allocated to stack - _bp -4
                            185 ;buf                       Allocated to registers 
                            186 ;------------------------------------------------------------
                            187 ;	../../core/dev/nullradio.c:31: read(void *buf, unsigned short buf_len)
                            188 ;	-----------------------------------------
                            189 ;	 function read
                            190 ;	-----------------------------------------
   0047                     191 _read:
   0047 C0*00               192 	push	_bp
   0049 85 81*00            193 	mov	_bp,sp
                            194 ;	../../core/dev/nullradio.c:33: return 0;
   004C 90 00 00            195 	mov	dptr,#0x0000
   004F D0*00               196 	pop	_bp
   0051 22                  197 	ret
                            198 ;------------------------------------------------------------
                            199 ;Allocation info for local variables in function 'channel_clear'
                            200 ;------------------------------------------------------------
                            201 ;	../../core/dev/nullradio.c:37: channel_clear(void)
                            202 ;	-----------------------------------------
                            203 ;	 function channel_clear
                            204 ;	-----------------------------------------
   0052                     205 _channel_clear:
                            206 ;	../../core/dev/nullradio.c:39: return 1;
   0052 90 00 01            207 	mov	dptr,#0x0001
   0055 22                  208 	ret
                            209 ;------------------------------------------------------------
                            210 ;Allocation info for local variables in function 'receiving_packet'
                            211 ;------------------------------------------------------------
                            212 ;	../../core/dev/nullradio.c:43: receiving_packet(void)
                            213 ;	-----------------------------------------
                            214 ;	 function receiving_packet
                            215 ;	-----------------------------------------
   0056                     216 _receiving_packet:
                            217 ;	../../core/dev/nullradio.c:45: return 0;
   0056 90 00 00            218 	mov	dptr,#0x0000
   0059 22                  219 	ret
                            220 ;------------------------------------------------------------
                            221 ;Allocation info for local variables in function 'pending_packet'
                            222 ;------------------------------------------------------------
                            223 ;	../../core/dev/nullradio.c:49: pending_packet(void)
                            224 ;	-----------------------------------------
                            225 ;	 function pending_packet
                            226 ;	-----------------------------------------
   005A                     227 _pending_packet:
                            228 ;	../../core/dev/nullradio.c:51: return 0;
   005A 90 00 00            229 	mov	dptr,#0x0000
   005D 22                  230 	ret
                            231 ;------------------------------------------------------------
                            232 ;Allocation info for local variables in function 'on'
                            233 ;------------------------------------------------------------
                            234 ;	../../core/dev/nullradio.c:55: on(void)
                            235 ;	-----------------------------------------
                            236 ;	 function on
                            237 ;	-----------------------------------------
   005E                     238 _on:
                            239 ;	../../core/dev/nullradio.c:57: return 0;
   005E 90 00 00            240 	mov	dptr,#0x0000
   0061 22                  241 	ret
                            242 ;------------------------------------------------------------
                            243 ;Allocation info for local variables in function 'off'
                            244 ;------------------------------------------------------------
                            245 ;	../../core/dev/nullradio.c:61: off(void)
                            246 ;	-----------------------------------------
                            247 ;	 function off
                            248 ;	-----------------------------------------
   0062                     249 _off:
                            250 ;	../../core/dev/nullradio.c:63: return 0;
   0062 90 00 00            251 	mov	dptr,#0x0000
   0065 22                  252 	ret
                            253 	.area CSEG    (CODE)
                            254 	.area CONST   (CODE)
   0000                     255 _nullradio_driver:
   0000r00s00               256 	.byte _init,(_init >> 8)
   0002r04s00               257 	.byte _prepare,(_prepare >> 8)
   0004r0Fs00               258 	.byte _transmit,(_transmit >> 8)
   0006r13s00               259 	.byte _send,(_send >> 8)
   0008r47s00               260 	.byte _read,(_read >> 8)
   000Ar52s00               261 	.byte _channel_clear,(_channel_clear >> 8)
   000Cr56s00               262 	.byte _receiving_packet,(_receiving_packet >> 8)
   000Er5As00               263 	.byte _pending_packet,(_pending_packet >> 8)
   0010r5Es00               264 	.byte _on,(_on >> 8)
   0012r62s00               265 	.byte _off,(_off >> 8)
                            266 	.area XINIT   (CODE)
                            267 	.area CABS    (ABS,CODE)
