                              1 ;--------------------------------------------------------
                              2 ; File Created by SDCC : free open source ANSI-C Compiler
                              3 ; Version 3.1.1 #7100 (Apr  1 2013) (Linux)
                              4 ; This file was generated Tue Apr 23 09:41:32 2013
                              5 ;--------------------------------------------------------
                              6 	.module putchar
                              7 	.optsdcc -mmcs51 --model-large
                              8 	
                              9 ;--------------------------------------------------------
                             10 ; Public variables in this module
                             11 ;--------------------------------------------------------
                             12 	.globl _putchar
                             13 	.globl _uart1_writeb
                             14 	.globl _IRCON2_P2IF
                             15 	.globl _IRCON2_UTX0IF
                             16 	.globl _IRCON2_UTX1IF
                             17 	.globl _IRCON2_P1IF
                             18 	.globl _IRCON2_WDTIF
                             19 	.globl _CY
                             20 	.globl _AC
                             21 	.globl _F0
                             22 	.globl _RS1
                             23 	.globl _RS0
                             24 	.globl _OV
                             25 	.globl _F1
                             26 	.globl _P
                             27 	.globl _IRCON_DMAIF
                             28 	.globl _IRCON_T1IF
                             29 	.globl _IRCON_T2IF
                             30 	.globl _IRCON_T3IF
                             31 	.globl _IRCON_T4IF
                             32 	.globl _IRCON_P0IF
                             33 	.globl _IRCON_STIF
                             34 	.globl _IEN1_DMAIE
                             35 	.globl _IEN1_T1IE
                             36 	.globl _IEN1_T2IE
                             37 	.globl _IEN1_T3IE
                             38 	.globl _IEN1_T4IE
                             39 	.globl _IEN1_P0IE
                             40 	.globl _IEN0_RFERRIE
                             41 	.globl _IEN0_ADCIE
                             42 	.globl _IEN0_URX0IE
                             43 	.globl _IEN0_URX1IE
                             44 	.globl _IEN0_ENCIE
                             45 	.globl _IEN0_STIE
                             46 	.globl _IEN0_EA
                             47 	.globl _EA
                             48 	.globl _P2_4
                             49 	.globl _P2_3
                             50 	.globl _P2_2
                             51 	.globl _P2_1
                             52 	.globl _P2_0
                             53 	.globl _S0CON_ENCIF_0
                             54 	.globl _S0CON_ENCIF_1
                             55 	.globl _P1_7
                             56 	.globl _P1_6
                             57 	.globl _P1_5
                             58 	.globl _P1_4
                             59 	.globl _P1_3
                             60 	.globl _P1_2
                             61 	.globl _P1_1
                             62 	.globl _P1_0
                             63 	.globl _TCON_IT0
                             64 	.globl _TCON_RFERRIF
                             65 	.globl _TCON_IT1
                             66 	.globl _TCON_URX0IF
                             67 	.globl _TCON_ADCIF
                             68 	.globl _TCON_URX1IF
                             69 	.globl _P0_0
                             70 	.globl _P0_1
                             71 	.globl _P0_2
                             72 	.globl _P0_3
                             73 	.globl _P0_4
                             74 	.globl _P0_5
                             75 	.globl _P0_6
                             76 	.globl _P0_7
                             77 	.globl _P2DIR
                             78 	.globl _P1DIR
                             79 	.globl _P0DIR
                             80 	.globl _U1GCR
                             81 	.globl _U1UCR
                             82 	.globl _U1BAUD
                             83 	.globl _U1BUF
                             84 	.globl _U1CSR
                             85 	.globl _P2INP
                             86 	.globl _P1INP
                             87 	.globl _P2SEL
                             88 	.globl _P1SEL
                             89 	.globl _P0SEL
                             90 	.globl _ADCCFG
                             91 	.globl _PERCFG
                             92 	.globl _B
                             93 	.globl _T4CC1
                             94 	.globl _T4CCTL1
                             95 	.globl _T4CC0
                             96 	.globl _T4CCTL0
                             97 	.globl _T4CTL
                             98 	.globl _T4CNT
                             99 	.globl _RFIF
                            100 	.globl _IRCON2
                            101 	.globl _T1CCTL2
                            102 	.globl _T1CCTL1
                            103 	.globl _T1CCTL0
                            104 	.globl _T1CTL
                            105 	.globl _T1CNTH
                            106 	.globl _T1CNTL
                            107 	.globl _RFST
                            108 	.globl _ACC
                            109 	.globl _T1CC2H
                            110 	.globl _T1CC2L
                            111 	.globl _T1CC1H
                            112 	.globl _T1CC1L
                            113 	.globl _T1CC0H
                            114 	.globl _T1CC0L
                            115 	.globl _RFD
                            116 	.globl _TIMIF
                            117 	.globl _DMAREQ
                            118 	.globl _DMAARM
                            119 	.globl _DMA0CFGH
                            120 	.globl _DMA0CFGL
                            121 	.globl _DMA1CFGH
                            122 	.globl _DMA1CFGL
                            123 	.globl _DMAIRQ
                            124 	.globl _PSW
                            125 	.globl _T3CC1
                            126 	.globl _T3CCTL1
                            127 	.globl _T3CC0
                            128 	.globl _T3CCTL0
                            129 	.globl _T3CTL
                            130 	.globl _T3CNT
                            131 	.globl _WDCTL
                            132 	.globl _T2CON
                            133 	.globl _MEMCTR
                            134 	.globl _CLKCON
                            135 	.globl _U0GCR
                            136 	.globl _U0UCR
                            137 	.globl _T2CNF
                            138 	.globl _U0BAUD
                            139 	.globl _U0BUF
                            140 	.globl _IRCON
                            141 	.globl _SLEEP
                            142 	.globl _RNDH
                            143 	.globl _RNDL
                            144 	.globl _ADCH
                            145 	.globl _ADCL
                            146 	.globl _IP1
                            147 	.globl _IEN1
                            148 	.globl _RCCTL
                            149 	.globl _ADCCON3
                            150 	.globl _ADCCON2
                            151 	.globl _ADCCON1
                            152 	.globl _ENCCS
                            153 	.globl _ENCDO
                            154 	.globl _ENCDI
                            155 	.globl _FWDATA
                            156 	.globl _FCTL
                            157 	.globl _FADDRH
                            158 	.globl _FADDRL
                            159 	.globl _FWT
                            160 	.globl _IP0
                            161 	.globl _IEN0
                            162 	.globl _IE
                            163 	.globl _T2THD
                            164 	.globl _T2TLD
                            165 	.globl _T2CAPHPH
                            166 	.globl _T2CAPLPL
                            167 	.globl _T2OF2
                            168 	.globl _T2OF1
                            169 	.globl _T2OF0
                            170 	.globl _P2
                            171 	.globl _PSBANK
                            172 	.globl _FMAP
                            173 	.globl _T2PEROF2
                            174 	.globl _T2PEROF1
                            175 	.globl _T2PEROF0
                            176 	.globl _S1CON
                            177 	.globl _IEN2
                            178 	.globl _HSRC
                            179 	.globl _S0CON
                            180 	.globl _ST2
                            181 	.globl _ST1
                            182 	.globl _ST0
                            183 	.globl _T2CMP
                            184 	.globl __XPAGE
                            185 	.globl _DPS
                            186 	.globl _RFIM
                            187 	.globl _P1
                            188 	.globl _P0INP
                            189 	.globl _P1IEN
                            190 	.globl _PICTL
                            191 	.globl _P2IFG
                            192 	.globl _P1IFG
                            193 	.globl _P0IFG
                            194 	.globl _TCON
                            195 	.globl _PCON
                            196 	.globl _U0CSR
                            197 	.globl _DPH1
                            198 	.globl _DPL1
                            199 	.globl _DPH0
                            200 	.globl _DPL0
                            201 	.globl _SP
                            202 	.globl _P0
                            203 	.globl _ADC_SHADOW
                            204 	.globl _U1BUF_SHADOW
                            205 	.globl _RFD_SHADOW
                            206 	.globl _U0BUF_SHADOW
                            207 	.globl _RFSTATUS
                            208 	.globl _CHIPID
                            209 	.globl _CHVER
                            210 	.globl _FSMTC1
                            211 	.globl _RXFIFOCNT
                            212 	.globl _IOCFG3
                            213 	.globl _IOCFG2
                            214 	.globl _IOCFG1
                            215 	.globl _IOCFG0
                            216 	.globl _SHORTADDRL
                            217 	.globl _SHORTADDRH
                            218 	.globl _PANIDL
                            219 	.globl _PANIDH
                            220 	.globl _IEEE_ADDR7
                            221 	.globl _IEEE_ADDR6
                            222 	.globl _IEEE_ADDR5
                            223 	.globl _IEEE_ADDR4
                            224 	.globl _IEEE_ADDR3
                            225 	.globl _IEEE_ADDR2
                            226 	.globl _IEEE_ADDR1
                            227 	.globl _IEEE_ADDR0
                            228 	.globl _DACTSTL
                            229 	.globl _DACTSTH
                            230 	.globl _ADCTSTL
                            231 	.globl _ADCTSTH
                            232 	.globl _FSMSTATE
                            233 	.globl _AGCCTRLL
                            234 	.globl _AGCCTRLH
                            235 	.globl _MANORL
                            236 	.globl _MANORH
                            237 	.globl _MANANDL
                            238 	.globl _MANANDH
                            239 	.globl _FSMTCL
                            240 	.globl _FSMTCH
                            241 	.globl _RFPWR
                            242 	.globl _CSPT
                            243 	.globl _CSPCTRL
                            244 	.globl _CSPZ
                            245 	.globl _CSPY
                            246 	.globl _CSPX
                            247 	.globl _FSCTRLL
                            248 	.globl _FSCTRLH
                            249 	.globl _RXCTRL1L
                            250 	.globl _RXCTRL1H
                            251 	.globl _RXCTRL0L
                            252 	.globl _RXCTRL0H
                            253 	.globl _TXCTRLL
                            254 	.globl _TXCTRLH
                            255 	.globl _SYNCWORDL
                            256 	.globl _SYNCWORDH
                            257 	.globl _RSSIL
                            258 	.globl _RSSIH
                            259 	.globl _MDMCTRL1L
                            260 	.globl _MDMCTRL1H
                            261 	.globl _MDMCTRL0L
                            262 	.globl _MDMCTRL0H
                            263 ;--------------------------------------------------------
                            264 ; special function registers
                            265 ;--------------------------------------------------------
                            266 	.area RSEG    (ABS,DATA)
   0000                     267 	.org 0x0000
                    0080    268 _P0	=	0x0080
                    0081    269 _SP	=	0x0081
                    0082    270 _DPL0	=	0x0082
                    0083    271 _DPH0	=	0x0083
                    0084    272 _DPL1	=	0x0084
                    0085    273 _DPH1	=	0x0085
                    0086    274 _U0CSR	=	0x0086
                    0087    275 _PCON	=	0x0087
                    0088    276 _TCON	=	0x0088
                    0089    277 _P0IFG	=	0x0089
                    008A    278 _P1IFG	=	0x008a
                    008B    279 _P2IFG	=	0x008b
                    008C    280 _PICTL	=	0x008c
                    008D    281 _P1IEN	=	0x008d
                    008F    282 _P0INP	=	0x008f
                    0090    283 _P1	=	0x0090
                    0091    284 _RFIM	=	0x0091
                    0092    285 _DPS	=	0x0092
                    0093    286 __XPAGE	=	0x0093
                    0094    287 _T2CMP	=	0x0094
                    0095    288 _ST0	=	0x0095
                    0096    289 _ST1	=	0x0096
                    0097    290 _ST2	=	0x0097
                    0098    291 _S0CON	=	0x0098
                    0099    292 _HSRC	=	0x0099
                    009A    293 _IEN2	=	0x009a
                    009B    294 _S1CON	=	0x009b
                    009C    295 _T2PEROF0	=	0x009c
                    009D    296 _T2PEROF1	=	0x009d
                    009E    297 _T2PEROF2	=	0x009e
                    009F    298 _FMAP	=	0x009f
                    009F    299 _PSBANK	=	0x009f
                    00A0    300 _P2	=	0x00a0
                    00A1    301 _T2OF0	=	0x00a1
                    00A2    302 _T2OF1	=	0x00a2
                    00A3    303 _T2OF2	=	0x00a3
                    00A4    304 _T2CAPLPL	=	0x00a4
                    00A5    305 _T2CAPHPH	=	0x00a5
                    00A6    306 _T2TLD	=	0x00a6
                    00A7    307 _T2THD	=	0x00a7
                    00A8    308 _IE	=	0x00a8
                    00A8    309 _IEN0	=	0x00a8
                    00A9    310 _IP0	=	0x00a9
                    00AB    311 _FWT	=	0x00ab
                    00AC    312 _FADDRL	=	0x00ac
                    00AD    313 _FADDRH	=	0x00ad
                    00AE    314 _FCTL	=	0x00ae
                    00AF    315 _FWDATA	=	0x00af
                    00B1    316 _ENCDI	=	0x00b1
                    00B2    317 _ENCDO	=	0x00b2
                    00B3    318 _ENCCS	=	0x00b3
                    00B4    319 _ADCCON1	=	0x00b4
                    00B5    320 _ADCCON2	=	0x00b5
                    00B6    321 _ADCCON3	=	0x00b6
                    00B7    322 _RCCTL	=	0x00b7
                    00B8    323 _IEN1	=	0x00b8
                    00B9    324 _IP1	=	0x00b9
                    00BA    325 _ADCL	=	0x00ba
                    00BB    326 _ADCH	=	0x00bb
                    00BC    327 _RNDL	=	0x00bc
                    00BD    328 _RNDH	=	0x00bd
                    00BE    329 _SLEEP	=	0x00be
                    00C0    330 _IRCON	=	0x00c0
                    00C1    331 _U0BUF	=	0x00c1
                    00C2    332 _U0BAUD	=	0x00c2
                    00C3    333 _T2CNF	=	0x00c3
                    00C4    334 _U0UCR	=	0x00c4
                    00C5    335 _U0GCR	=	0x00c5
                    00C6    336 _CLKCON	=	0x00c6
                    00C7    337 _MEMCTR	=	0x00c7
                    00C8    338 _T2CON	=	0x00c8
                    00C9    339 _WDCTL	=	0x00c9
                    00CA    340 _T3CNT	=	0x00ca
                    00CB    341 _T3CTL	=	0x00cb
                    00CC    342 _T3CCTL0	=	0x00cc
                    00CD    343 _T3CC0	=	0x00cd
                    00CE    344 _T3CCTL1	=	0x00ce
                    00CF    345 _T3CC1	=	0x00cf
                    00D0    346 _PSW	=	0x00d0
                    00D1    347 _DMAIRQ	=	0x00d1
                    00D2    348 _DMA1CFGL	=	0x00d2
                    00D3    349 _DMA1CFGH	=	0x00d3
                    00D4    350 _DMA0CFGL	=	0x00d4
                    00D5    351 _DMA0CFGH	=	0x00d5
                    00D6    352 _DMAARM	=	0x00d6
                    00D7    353 _DMAREQ	=	0x00d7
                    00D8    354 _TIMIF	=	0x00d8
                    00D9    355 _RFD	=	0x00d9
                    00DA    356 _T1CC0L	=	0x00da
                    00DB    357 _T1CC0H	=	0x00db
                    00DC    358 _T1CC1L	=	0x00dc
                    00DD    359 _T1CC1H	=	0x00dd
                    00DE    360 _T1CC2L	=	0x00de
                    00DF    361 _T1CC2H	=	0x00df
                    00E0    362 _ACC	=	0x00e0
                    00E1    363 _RFST	=	0x00e1
                    00E2    364 _T1CNTL	=	0x00e2
                    00E3    365 _T1CNTH	=	0x00e3
                    00E4    366 _T1CTL	=	0x00e4
                    00E5    367 _T1CCTL0	=	0x00e5
                    00E6    368 _T1CCTL1	=	0x00e6
                    00E7    369 _T1CCTL2	=	0x00e7
                    00E8    370 _IRCON2	=	0x00e8
                    00E9    371 _RFIF	=	0x00e9
                    00EA    372 _T4CNT	=	0x00ea
                    00EB    373 _T4CTL	=	0x00eb
                    00EC    374 _T4CCTL0	=	0x00ec
                    00ED    375 _T4CC0	=	0x00ed
                    00EE    376 _T4CCTL1	=	0x00ee
                    00EF    377 _T4CC1	=	0x00ef
                    00F0    378 _B	=	0x00f0
                    00F1    379 _PERCFG	=	0x00f1
                    00F2    380 _ADCCFG	=	0x00f2
                    00F3    381 _P0SEL	=	0x00f3
                    00F4    382 _P1SEL	=	0x00f4
                    00F5    383 _P2SEL	=	0x00f5
                    00F6    384 _P1INP	=	0x00f6
                    00F7    385 _P2INP	=	0x00f7
                    00F8    386 _U1CSR	=	0x00f8
                    00F9    387 _U1BUF	=	0x00f9
                    00FA    388 _U1BAUD	=	0x00fa
                    00FB    389 _U1UCR	=	0x00fb
                    00FC    390 _U1GCR	=	0x00fc
                    00FD    391 _P0DIR	=	0x00fd
                    00FE    392 _P1DIR	=	0x00fe
                    00FF    393 _P2DIR	=	0x00ff
                            394 ;--------------------------------------------------------
                            395 ; special function bits
                            396 ;--------------------------------------------------------
                            397 	.area RSEG    (ABS,DATA)
   0000                     398 	.org 0x0000
                    0087    399 _P0_7	=	0x0087
                    0086    400 _P0_6	=	0x0086
                    0085    401 _P0_5	=	0x0085
                    0084    402 _P0_4	=	0x0084
                    0083    403 _P0_3	=	0x0083
                    0082    404 _P0_2	=	0x0082
                    0081    405 _P0_1	=	0x0081
                    0080    406 _P0_0	=	0x0080
                    008F    407 _TCON_URX1IF	=	0x008f
                    008D    408 _TCON_ADCIF	=	0x008d
                    008B    409 _TCON_URX0IF	=	0x008b
                    008A    410 _TCON_IT1	=	0x008a
                    0089    411 _TCON_RFERRIF	=	0x0089
                    0088    412 _TCON_IT0	=	0x0088
                    0090    413 _P1_0	=	0x0090
                    0091    414 _P1_1	=	0x0091
                    0092    415 _P1_2	=	0x0092
                    0093    416 _P1_3	=	0x0093
                    0094    417 _P1_4	=	0x0094
                    0095    418 _P1_5	=	0x0095
                    0096    419 _P1_6	=	0x0096
                    0097    420 _P1_7	=	0x0097
                    0099    421 _S0CON_ENCIF_1	=	0x0099
                    0098    422 _S0CON_ENCIF_0	=	0x0098
                    00A0    423 _P2_0	=	0x00a0
                    00A1    424 _P2_1	=	0x00a1
                    00A2    425 _P2_2	=	0x00a2
                    00A3    426 _P2_3	=	0x00a3
                    00A4    427 _P2_4	=	0x00a4
                    00AF    428 _EA	=	0x00af
                    00AF    429 _IEN0_EA	=	0x00af
                    00AD    430 _IEN0_STIE	=	0x00ad
                    00AC    431 _IEN0_ENCIE	=	0x00ac
                    00AB    432 _IEN0_URX1IE	=	0x00ab
                    00AA    433 _IEN0_URX0IE	=	0x00aa
                    00A9    434 _IEN0_ADCIE	=	0x00a9
                    00A8    435 _IEN0_RFERRIE	=	0x00a8
                    00BD    436 _IEN1_P0IE	=	0x00bd
                    00BC    437 _IEN1_T4IE	=	0x00bc
                    00BB    438 _IEN1_T3IE	=	0x00bb
                    00BA    439 _IEN1_T2IE	=	0x00ba
                    00B9    440 _IEN1_T1IE	=	0x00b9
                    00B8    441 _IEN1_DMAIE	=	0x00b8
                    00C7    442 _IRCON_STIF	=	0x00c7
                    00C5    443 _IRCON_P0IF	=	0x00c5
                    00C4    444 _IRCON_T4IF	=	0x00c4
                    00C3    445 _IRCON_T3IF	=	0x00c3
                    00C2    446 _IRCON_T2IF	=	0x00c2
                    00C1    447 _IRCON_T1IF	=	0x00c1
                    00C0    448 _IRCON_DMAIF	=	0x00c0
                    00D0    449 _P	=	0x00d0
                    00D1    450 _F1	=	0x00d1
                    00D2    451 _OV	=	0x00d2
                    00D3    452 _RS0	=	0x00d3
                    00D4    453 _RS1	=	0x00d4
                    00D5    454 _F0	=	0x00d5
                    00D6    455 _AC	=	0x00d6
                    00D7    456 _CY	=	0x00d7
                    00EC    457 _IRCON2_WDTIF	=	0x00ec
                    00EB    458 _IRCON2_P1IF	=	0x00eb
                    00EA    459 _IRCON2_UTX1IF	=	0x00ea
                    00E9    460 _IRCON2_UTX0IF	=	0x00e9
                    00E8    461 _IRCON2_P2IF	=	0x00e8
                            462 ;--------------------------------------------------------
                            463 ; overlayable register banks
                            464 ;--------------------------------------------------------
                            465 	.area REG_BANK_0	(REL,OVR,DATA)
   0000                     466 	.ds 8
                            467 ;--------------------------------------------------------
                            468 ; internal ram data
                            469 ;--------------------------------------------------------
                            470 	.area DSEG    (DATA)
                            471 ;--------------------------------------------------------
                            472 ; overlayable items in internal ram 
                            473 ;--------------------------------------------------------
                            474 	.area OSEG    (OVR,DATA)
                            475 ;--------------------------------------------------------
                            476 ; indirectly addressable internal ram data
                            477 ;--------------------------------------------------------
                            478 	.area ISEG    (DATA)
                            479 ;--------------------------------------------------------
                            480 ; absolute internal ram data
                            481 ;--------------------------------------------------------
                            482 	.area IABS    (ABS,DATA)
                            483 	.area IABS    (ABS,DATA)
                            484 ;--------------------------------------------------------
                            485 ; bit data
                            486 ;--------------------------------------------------------
                            487 	.area BSEG    (BIT)
                            488 ;--------------------------------------------------------
                            489 ; paged external ram data
                            490 ;--------------------------------------------------------
                            491 	.area PSEG    (PAG,XDATA)
                            492 ;--------------------------------------------------------
                            493 ; external ram data
                            494 ;--------------------------------------------------------
                            495 	.area XSEG    (XDATA)
                    DF02    496 _MDMCTRL0H	=	0xdf02
                    DF03    497 _MDMCTRL0L	=	0xdf03
                    DF04    498 _MDMCTRL1H	=	0xdf04
                    DF05    499 _MDMCTRL1L	=	0xdf05
                    DF06    500 _RSSIH	=	0xdf06
                    DF07    501 _RSSIL	=	0xdf07
                    DF08    502 _SYNCWORDH	=	0xdf08
                    DF09    503 _SYNCWORDL	=	0xdf09
                    DF0A    504 _TXCTRLH	=	0xdf0a
                    DF0B    505 _TXCTRLL	=	0xdf0b
                    DF0C    506 _RXCTRL0H	=	0xdf0c
                    DF0D    507 _RXCTRL0L	=	0xdf0d
                    DF0E    508 _RXCTRL1H	=	0xdf0e
                    DF0F    509 _RXCTRL1L	=	0xdf0f
                    DF10    510 _FSCTRLH	=	0xdf10
                    DF11    511 _FSCTRLL	=	0xdf11
                    DF12    512 _CSPX	=	0xdf12
                    DF13    513 _CSPY	=	0xdf13
                    DF14    514 _CSPZ	=	0xdf14
                    DF15    515 _CSPCTRL	=	0xdf15
                    DF16    516 _CSPT	=	0xdf16
                    DF17    517 _RFPWR	=	0xdf17
                    DF20    518 _FSMTCH	=	0xdf20
                    DF21    519 _FSMTCL	=	0xdf21
                    DF22    520 _MANANDH	=	0xdf22
                    DF23    521 _MANANDL	=	0xdf23
                    DF24    522 _MANORH	=	0xdf24
                    DF25    523 _MANORL	=	0xdf25
                    DF26    524 _AGCCTRLH	=	0xdf26
                    DF27    525 _AGCCTRLL	=	0xdf27
                    DF39    526 _FSMSTATE	=	0xdf39
                    DF3A    527 _ADCTSTH	=	0xdf3a
                    DF3B    528 _ADCTSTL	=	0xdf3b
                    DF3C    529 _DACTSTH	=	0xdf3c
                    DF3D    530 _DACTSTL	=	0xdf3d
                    DF43    531 _IEEE_ADDR0	=	0xdf43
                    DF44    532 _IEEE_ADDR1	=	0xdf44
                    DF45    533 _IEEE_ADDR2	=	0xdf45
                    DF46    534 _IEEE_ADDR3	=	0xdf46
                    DF47    535 _IEEE_ADDR4	=	0xdf47
                    DF48    536 _IEEE_ADDR5	=	0xdf48
                    DF49    537 _IEEE_ADDR6	=	0xdf49
                    DF4A    538 _IEEE_ADDR7	=	0xdf4a
                    DF4B    539 _PANIDH	=	0xdf4b
                    DF4C    540 _PANIDL	=	0xdf4c
                    DF4D    541 _SHORTADDRH	=	0xdf4d
                    DF4E    542 _SHORTADDRL	=	0xdf4e
                    DF4F    543 _IOCFG0	=	0xdf4f
                    DF50    544 _IOCFG1	=	0xdf50
                    DF51    545 _IOCFG2	=	0xdf51
                    DF52    546 _IOCFG3	=	0xdf52
                    DF53    547 _RXFIFOCNT	=	0xdf53
                    DF54    548 _FSMTC1	=	0xdf54
                    DF60    549 _CHVER	=	0xdf60
                    DF61    550 _CHIPID	=	0xdf61
                    DF62    551 _RFSTATUS	=	0xdf62
                    DFC1    552 _U0BUF_SHADOW	=	0xdfc1
                    DFD9    553 _RFD_SHADOW	=	0xdfd9
                    DFF9    554 _U1BUF_SHADOW	=	0xdff9
                    DFBA    555 _ADC_SHADOW	=	0xdfba
                            556 ;--------------------------------------------------------
                            557 ; absolute external ram data
                            558 ;--------------------------------------------------------
                            559 	.area XABS    (ABS,XDATA)
                            560 ;--------------------------------------------------------
                            561 ; external initialized ram data
                            562 ;--------------------------------------------------------
                            563 	.area XISEG   (XDATA)
                            564 	.area HOME    (CODE)
                            565 	.area GSINIT0 (CODE)
                            566 	.area GSINIT1 (CODE)
                            567 	.area GSINIT2 (CODE)
                            568 	.area GSINIT3 (CODE)
                            569 	.area GSINIT4 (CODE)
                            570 	.area GSINIT5 (CODE)
                            571 	.area GSINIT  (CODE)
                            572 	.area GSFINAL (CODE)
                            573 	.area CSEG    (CODE)
                            574 ;--------------------------------------------------------
                            575 ; global & static initialisations
                            576 ;--------------------------------------------------------
                            577 	.area HOME    (CODE)
                            578 	.area GSINIT  (CODE)
                            579 	.area GSFINAL (CODE)
                            580 	.area GSINIT  (CODE)
                            581 ;--------------------------------------------------------
                            582 ; Home
                            583 ;--------------------------------------------------------
                            584 	.area HOME    (CODE)
                            585 	.area HOME    (CODE)
                            586 ;--------------------------------------------------------
                            587 ; code
                            588 ;--------------------------------------------------------
                            589 	.area CSEG    (CODE)
                            590 ;------------------------------------------------------------
                            591 ;Allocation info for local variables in function 'putchar'
                            592 ;------------------------------------------------------------
                            593 ;c                         Allocated to registers r7 
                            594 ;------------------------------------------------------------
                            595 ;	../../platform/sensinode/./putchar.c:14: putchar(char c)
                            596 ;	-----------------------------------------
                            597 ;	 function putchar
                            598 ;	-----------------------------------------
   0000                     599 _putchar:
                    0007    600 	ar7 = 0x07
                    0006    601 	ar6 = 0x06
                    0005    602 	ar5 = 0x05
                    0004    603 	ar4 = 0x04
                    0003    604 	ar3 = 0x03
                    0002    605 	ar2 = 0x02
                    0001    606 	ar1 = 0x01
                    0000    607 	ar0 = 0x00
                            608 ;	../../platform/sensinode/./putchar.c:27: uart1_writeb((char)c);
   0000 02s00r00            609 	ljmp	_uart1_writeb
                            610 	.area CSEG    (CODE)
                            611 	.area CONST   (CODE)
                            612 	.area XINIT   (CODE)
                            613 	.area CABS    (ABS,CODE)
