                              1 ;--------------------------------------------------------
                              2 ; File Created by SDCC : free open source ANSI-C Compiler
                              3 ; Version 3.1.1 #7100 (Apr  1 2013) (Linux)
                              4 ; This file was generated Tue Apr 23 09:41:32 2013
                              5 ;--------------------------------------------------------
                              6 	.module rtimer_arch
                              7 	.optsdcc -mmcs51 --model-large
                              8 	
                              9 ;--------------------------------------------------------
                             10 ; Public variables in this module
                             11 ;--------------------------------------------------------
                             12 	.globl _rtimer_run_next
                             13 	.globl _IRCON2_P2IF
                             14 	.globl _IRCON2_UTX0IF
                             15 	.globl _IRCON2_UTX1IF
                             16 	.globl _IRCON2_P1IF
                             17 	.globl _IRCON2_WDTIF
                             18 	.globl _CY
                             19 	.globl _AC
                             20 	.globl _F0
                             21 	.globl _RS1
                             22 	.globl _RS0
                             23 	.globl _OV
                             24 	.globl _F1
                             25 	.globl _P
                             26 	.globl _IRCON_DMAIF
                             27 	.globl _IRCON_T1IF
                             28 	.globl _IRCON_T2IF
                             29 	.globl _IRCON_T3IF
                             30 	.globl _IRCON_T4IF
                             31 	.globl _IRCON_P0IF
                             32 	.globl _IRCON_STIF
                             33 	.globl _IEN1_DMAIE
                             34 	.globl _IEN1_T1IE
                             35 	.globl _IEN1_T2IE
                             36 	.globl _IEN1_T3IE
                             37 	.globl _IEN1_T4IE
                             38 	.globl _IEN1_P0IE
                             39 	.globl _IEN0_RFERRIE
                             40 	.globl _IEN0_ADCIE
                             41 	.globl _IEN0_URX0IE
                             42 	.globl _IEN0_URX1IE
                             43 	.globl _IEN0_ENCIE
                             44 	.globl _IEN0_STIE
                             45 	.globl _IEN0_EA
                             46 	.globl _EA
                             47 	.globl _P2_4
                             48 	.globl _P2_3
                             49 	.globl _P2_2
                             50 	.globl _P2_1
                             51 	.globl _P2_0
                             52 	.globl _S0CON_ENCIF_0
                             53 	.globl _S0CON_ENCIF_1
                             54 	.globl _P1_7
                             55 	.globl _P1_6
                             56 	.globl _P1_5
                             57 	.globl _P1_4
                             58 	.globl _P1_3
                             59 	.globl _P1_2
                             60 	.globl _P1_1
                             61 	.globl _P1_0
                             62 	.globl _TCON_IT0
                             63 	.globl _TCON_RFERRIF
                             64 	.globl _TCON_IT1
                             65 	.globl _TCON_URX0IF
                             66 	.globl _TCON_ADCIF
                             67 	.globl _TCON_URX1IF
                             68 	.globl _P0_0
                             69 	.globl _P0_1
                             70 	.globl _P0_2
                             71 	.globl _P0_3
                             72 	.globl _P0_4
                             73 	.globl _P0_5
                             74 	.globl _P0_6
                             75 	.globl _P0_7
                             76 	.globl _P2DIR
                             77 	.globl _P1DIR
                             78 	.globl _P0DIR
                             79 	.globl _U1GCR
                             80 	.globl _U1UCR
                             81 	.globl _U1BAUD
                             82 	.globl _U1BUF
                             83 	.globl _U1CSR
                             84 	.globl _P2INP
                             85 	.globl _P1INP
                             86 	.globl _P2SEL
                             87 	.globl _P1SEL
                             88 	.globl _P0SEL
                             89 	.globl _ADCCFG
                             90 	.globl _PERCFG
                             91 	.globl _B
                             92 	.globl _T4CC1
                             93 	.globl _T4CCTL1
                             94 	.globl _T4CC0
                             95 	.globl _T4CCTL0
                             96 	.globl _T4CTL
                             97 	.globl _T4CNT
                             98 	.globl _RFIF
                             99 	.globl _IRCON2
                            100 	.globl _T1CCTL2
                            101 	.globl _T1CCTL1
                            102 	.globl _T1CCTL0
                            103 	.globl _T1CTL
                            104 	.globl _T1CNTH
                            105 	.globl _T1CNTL
                            106 	.globl _RFST
                            107 	.globl _ACC
                            108 	.globl _T1CC2H
                            109 	.globl _T1CC2L
                            110 	.globl _T1CC1H
                            111 	.globl _T1CC1L
                            112 	.globl _T1CC0H
                            113 	.globl _T1CC0L
                            114 	.globl _RFD
                            115 	.globl _TIMIF
                            116 	.globl _DMAREQ
                            117 	.globl _DMAARM
                            118 	.globl _DMA0CFGH
                            119 	.globl _DMA0CFGL
                            120 	.globl _DMA1CFGH
                            121 	.globl _DMA1CFGL
                            122 	.globl _DMAIRQ
                            123 	.globl _PSW
                            124 	.globl _T3CC1
                            125 	.globl _T3CCTL1
                            126 	.globl _T3CC0
                            127 	.globl _T3CCTL0
                            128 	.globl _T3CTL
                            129 	.globl _T3CNT
                            130 	.globl _WDCTL
                            131 	.globl _T2CON
                            132 	.globl _MEMCTR
                            133 	.globl _CLKCON
                            134 	.globl _U0GCR
                            135 	.globl _U0UCR
                            136 	.globl _T2CNF
                            137 	.globl _U0BAUD
                            138 	.globl _U0BUF
                            139 	.globl _IRCON
                            140 	.globl _SLEEP
                            141 	.globl _RNDH
                            142 	.globl _RNDL
                            143 	.globl _ADCH
                            144 	.globl _ADCL
                            145 	.globl _IP1
                            146 	.globl _IEN1
                            147 	.globl _RCCTL
                            148 	.globl _ADCCON3
                            149 	.globl _ADCCON2
                            150 	.globl _ADCCON1
                            151 	.globl _ENCCS
                            152 	.globl _ENCDO
                            153 	.globl _ENCDI
                            154 	.globl _FWDATA
                            155 	.globl _FCTL
                            156 	.globl _FADDRH
                            157 	.globl _FADDRL
                            158 	.globl _FWT
                            159 	.globl _IP0
                            160 	.globl _IEN0
                            161 	.globl _IE
                            162 	.globl _T2THD
                            163 	.globl _T2TLD
                            164 	.globl _T2CAPHPH
                            165 	.globl _T2CAPLPL
                            166 	.globl _T2OF2
                            167 	.globl _T2OF1
                            168 	.globl _T2OF0
                            169 	.globl _P2
                            170 	.globl _PSBANK
                            171 	.globl _FMAP
                            172 	.globl _T2PEROF2
                            173 	.globl _T2PEROF1
                            174 	.globl _T2PEROF0
                            175 	.globl _S1CON
                            176 	.globl _IEN2
                            177 	.globl _HSRC
                            178 	.globl _S0CON
                            179 	.globl _ST2
                            180 	.globl _ST1
                            181 	.globl _ST0
                            182 	.globl _T2CMP
                            183 	.globl __XPAGE
                            184 	.globl _DPS
                            185 	.globl _RFIM
                            186 	.globl _P1
                            187 	.globl _P0INP
                            188 	.globl _P1IEN
                            189 	.globl _PICTL
                            190 	.globl _P2IFG
                            191 	.globl _P1IFG
                            192 	.globl _P0IFG
                            193 	.globl _TCON
                            194 	.globl _PCON
                            195 	.globl _U0CSR
                            196 	.globl _DPH1
                            197 	.globl _DPL1
                            198 	.globl _DPH0
                            199 	.globl _DPL0
                            200 	.globl _SP
                            201 	.globl _P0
                            202 	.globl _ADC_SHADOW
                            203 	.globl _U1BUF_SHADOW
                            204 	.globl _RFD_SHADOW
                            205 	.globl _U0BUF_SHADOW
                            206 	.globl _RFSTATUS
                            207 	.globl _CHIPID
                            208 	.globl _CHVER
                            209 	.globl _FSMTC1
                            210 	.globl _RXFIFOCNT
                            211 	.globl _IOCFG3
                            212 	.globl _IOCFG2
                            213 	.globl _IOCFG1
                            214 	.globl _IOCFG0
                            215 	.globl _SHORTADDRL
                            216 	.globl _SHORTADDRH
                            217 	.globl _PANIDL
                            218 	.globl _PANIDH
                            219 	.globl _IEEE_ADDR7
                            220 	.globl _IEEE_ADDR6
                            221 	.globl _IEEE_ADDR5
                            222 	.globl _IEEE_ADDR4
                            223 	.globl _IEEE_ADDR3
                            224 	.globl _IEEE_ADDR2
                            225 	.globl _IEEE_ADDR1
                            226 	.globl _IEEE_ADDR0
                            227 	.globl _DACTSTL
                            228 	.globl _DACTSTH
                            229 	.globl _ADCTSTL
                            230 	.globl _ADCTSTH
                            231 	.globl _FSMSTATE
                            232 	.globl _AGCCTRLL
                            233 	.globl _AGCCTRLH
                            234 	.globl _MANORL
                            235 	.globl _MANORH
                            236 	.globl _MANANDL
                            237 	.globl _MANANDH
                            238 	.globl _FSMTCL
                            239 	.globl _FSMTCH
                            240 	.globl _RFPWR
                            241 	.globl _CSPT
                            242 	.globl _CSPCTRL
                            243 	.globl _CSPZ
                            244 	.globl _CSPY
                            245 	.globl _CSPX
                            246 	.globl _FSCTRLL
                            247 	.globl _FSCTRLH
                            248 	.globl _RXCTRL1L
                            249 	.globl _RXCTRL1H
                            250 	.globl _RXCTRL0L
                            251 	.globl _RXCTRL0H
                            252 	.globl _TXCTRLL
                            253 	.globl _TXCTRLH
                            254 	.globl _SYNCWORDL
                            255 	.globl _SYNCWORDH
                            256 	.globl _RSSIL
                            257 	.globl _RSSIH
                            258 	.globl _MDMCTRL1L
                            259 	.globl _MDMCTRL1H
                            260 	.globl _MDMCTRL0L
                            261 	.globl _MDMCTRL0H
                            262 	.globl _rtimer_arch_init
                            263 	.globl _rtimer_arch_schedule
                            264 	.globl _cc2430_timer_1_ISR
                            265 ;--------------------------------------------------------
                            266 ; special function registers
                            267 ;--------------------------------------------------------
                            268 	.area RSEG    (ABS,DATA)
   0000                     269 	.org 0x0000
                    0080    270 _P0	=	0x0080
                    0081    271 _SP	=	0x0081
                    0082    272 _DPL0	=	0x0082
                    0083    273 _DPH0	=	0x0083
                    0084    274 _DPL1	=	0x0084
                    0085    275 _DPH1	=	0x0085
                    0086    276 _U0CSR	=	0x0086
                    0087    277 _PCON	=	0x0087
                    0088    278 _TCON	=	0x0088
                    0089    279 _P0IFG	=	0x0089
                    008A    280 _P1IFG	=	0x008a
                    008B    281 _P2IFG	=	0x008b
                    008C    282 _PICTL	=	0x008c
                    008D    283 _P1IEN	=	0x008d
                    008F    284 _P0INP	=	0x008f
                    0090    285 _P1	=	0x0090
                    0091    286 _RFIM	=	0x0091
                    0092    287 _DPS	=	0x0092
                    0093    288 __XPAGE	=	0x0093
                    0094    289 _T2CMP	=	0x0094
                    0095    290 _ST0	=	0x0095
                    0096    291 _ST1	=	0x0096
                    0097    292 _ST2	=	0x0097
                    0098    293 _S0CON	=	0x0098
                    0099    294 _HSRC	=	0x0099
                    009A    295 _IEN2	=	0x009a
                    009B    296 _S1CON	=	0x009b
                    009C    297 _T2PEROF0	=	0x009c
                    009D    298 _T2PEROF1	=	0x009d
                    009E    299 _T2PEROF2	=	0x009e
                    009F    300 _FMAP	=	0x009f
                    009F    301 _PSBANK	=	0x009f
                    00A0    302 _P2	=	0x00a0
                    00A1    303 _T2OF0	=	0x00a1
                    00A2    304 _T2OF1	=	0x00a2
                    00A3    305 _T2OF2	=	0x00a3
                    00A4    306 _T2CAPLPL	=	0x00a4
                    00A5    307 _T2CAPHPH	=	0x00a5
                    00A6    308 _T2TLD	=	0x00a6
                    00A7    309 _T2THD	=	0x00a7
                    00A8    310 _IE	=	0x00a8
                    00A8    311 _IEN0	=	0x00a8
                    00A9    312 _IP0	=	0x00a9
                    00AB    313 _FWT	=	0x00ab
                    00AC    314 _FADDRL	=	0x00ac
                    00AD    315 _FADDRH	=	0x00ad
                    00AE    316 _FCTL	=	0x00ae
                    00AF    317 _FWDATA	=	0x00af
                    00B1    318 _ENCDI	=	0x00b1
                    00B2    319 _ENCDO	=	0x00b2
                    00B3    320 _ENCCS	=	0x00b3
                    00B4    321 _ADCCON1	=	0x00b4
                    00B5    322 _ADCCON2	=	0x00b5
                    00B6    323 _ADCCON3	=	0x00b6
                    00B7    324 _RCCTL	=	0x00b7
                    00B8    325 _IEN1	=	0x00b8
                    00B9    326 _IP1	=	0x00b9
                    00BA    327 _ADCL	=	0x00ba
                    00BB    328 _ADCH	=	0x00bb
                    00BC    329 _RNDL	=	0x00bc
                    00BD    330 _RNDH	=	0x00bd
                    00BE    331 _SLEEP	=	0x00be
                    00C0    332 _IRCON	=	0x00c0
                    00C1    333 _U0BUF	=	0x00c1
                    00C2    334 _U0BAUD	=	0x00c2
                    00C3    335 _T2CNF	=	0x00c3
                    00C4    336 _U0UCR	=	0x00c4
                    00C5    337 _U0GCR	=	0x00c5
                    00C6    338 _CLKCON	=	0x00c6
                    00C7    339 _MEMCTR	=	0x00c7
                    00C8    340 _T2CON	=	0x00c8
                    00C9    341 _WDCTL	=	0x00c9
                    00CA    342 _T3CNT	=	0x00ca
                    00CB    343 _T3CTL	=	0x00cb
                    00CC    344 _T3CCTL0	=	0x00cc
                    00CD    345 _T3CC0	=	0x00cd
                    00CE    346 _T3CCTL1	=	0x00ce
                    00CF    347 _T3CC1	=	0x00cf
                    00D0    348 _PSW	=	0x00d0
                    00D1    349 _DMAIRQ	=	0x00d1
                    00D2    350 _DMA1CFGL	=	0x00d2
                    00D3    351 _DMA1CFGH	=	0x00d3
                    00D4    352 _DMA0CFGL	=	0x00d4
                    00D5    353 _DMA0CFGH	=	0x00d5
                    00D6    354 _DMAARM	=	0x00d6
                    00D7    355 _DMAREQ	=	0x00d7
                    00D8    356 _TIMIF	=	0x00d8
                    00D9    357 _RFD	=	0x00d9
                    00DA    358 _T1CC0L	=	0x00da
                    00DB    359 _T1CC0H	=	0x00db
                    00DC    360 _T1CC1L	=	0x00dc
                    00DD    361 _T1CC1H	=	0x00dd
                    00DE    362 _T1CC2L	=	0x00de
                    00DF    363 _T1CC2H	=	0x00df
                    00E0    364 _ACC	=	0x00e0
                    00E1    365 _RFST	=	0x00e1
                    00E2    366 _T1CNTL	=	0x00e2
                    00E3    367 _T1CNTH	=	0x00e3
                    00E4    368 _T1CTL	=	0x00e4
                    00E5    369 _T1CCTL0	=	0x00e5
                    00E6    370 _T1CCTL1	=	0x00e6
                    00E7    371 _T1CCTL2	=	0x00e7
                    00E8    372 _IRCON2	=	0x00e8
                    00E9    373 _RFIF	=	0x00e9
                    00EA    374 _T4CNT	=	0x00ea
                    00EB    375 _T4CTL	=	0x00eb
                    00EC    376 _T4CCTL0	=	0x00ec
                    00ED    377 _T4CC0	=	0x00ed
                    00EE    378 _T4CCTL1	=	0x00ee
                    00EF    379 _T4CC1	=	0x00ef
                    00F0    380 _B	=	0x00f0
                    00F1    381 _PERCFG	=	0x00f1
                    00F2    382 _ADCCFG	=	0x00f2
                    00F3    383 _P0SEL	=	0x00f3
                    00F4    384 _P1SEL	=	0x00f4
                    00F5    385 _P2SEL	=	0x00f5
                    00F6    386 _P1INP	=	0x00f6
                    00F7    387 _P2INP	=	0x00f7
                    00F8    388 _U1CSR	=	0x00f8
                    00F9    389 _U1BUF	=	0x00f9
                    00FA    390 _U1BAUD	=	0x00fa
                    00FB    391 _U1UCR	=	0x00fb
                    00FC    392 _U1GCR	=	0x00fc
                    00FD    393 _P0DIR	=	0x00fd
                    00FE    394 _P1DIR	=	0x00fe
                    00FF    395 _P2DIR	=	0x00ff
                            396 ;--------------------------------------------------------
                            397 ; special function bits
                            398 ;--------------------------------------------------------
                            399 	.area RSEG    (ABS,DATA)
   0000                     400 	.org 0x0000
                    0087    401 _P0_7	=	0x0087
                    0086    402 _P0_6	=	0x0086
                    0085    403 _P0_5	=	0x0085
                    0084    404 _P0_4	=	0x0084
                    0083    405 _P0_3	=	0x0083
                    0082    406 _P0_2	=	0x0082
                    0081    407 _P0_1	=	0x0081
                    0080    408 _P0_0	=	0x0080
                    008F    409 _TCON_URX1IF	=	0x008f
                    008D    410 _TCON_ADCIF	=	0x008d
                    008B    411 _TCON_URX0IF	=	0x008b
                    008A    412 _TCON_IT1	=	0x008a
                    0089    413 _TCON_RFERRIF	=	0x0089
                    0088    414 _TCON_IT0	=	0x0088
                    0090    415 _P1_0	=	0x0090
                    0091    416 _P1_1	=	0x0091
                    0092    417 _P1_2	=	0x0092
                    0093    418 _P1_3	=	0x0093
                    0094    419 _P1_4	=	0x0094
                    0095    420 _P1_5	=	0x0095
                    0096    421 _P1_6	=	0x0096
                    0097    422 _P1_7	=	0x0097
                    0099    423 _S0CON_ENCIF_1	=	0x0099
                    0098    424 _S0CON_ENCIF_0	=	0x0098
                    00A0    425 _P2_0	=	0x00a0
                    00A1    426 _P2_1	=	0x00a1
                    00A2    427 _P2_2	=	0x00a2
                    00A3    428 _P2_3	=	0x00a3
                    00A4    429 _P2_4	=	0x00a4
                    00AF    430 _EA	=	0x00af
                    00AF    431 _IEN0_EA	=	0x00af
                    00AD    432 _IEN0_STIE	=	0x00ad
                    00AC    433 _IEN0_ENCIE	=	0x00ac
                    00AB    434 _IEN0_URX1IE	=	0x00ab
                    00AA    435 _IEN0_URX0IE	=	0x00aa
                    00A9    436 _IEN0_ADCIE	=	0x00a9
                    00A8    437 _IEN0_RFERRIE	=	0x00a8
                    00BD    438 _IEN1_P0IE	=	0x00bd
                    00BC    439 _IEN1_T4IE	=	0x00bc
                    00BB    440 _IEN1_T3IE	=	0x00bb
                    00BA    441 _IEN1_T2IE	=	0x00ba
                    00B9    442 _IEN1_T1IE	=	0x00b9
                    00B8    443 _IEN1_DMAIE	=	0x00b8
                    00C7    444 _IRCON_STIF	=	0x00c7
                    00C5    445 _IRCON_P0IF	=	0x00c5
                    00C4    446 _IRCON_T4IF	=	0x00c4
                    00C3    447 _IRCON_T3IF	=	0x00c3
                    00C2    448 _IRCON_T2IF	=	0x00c2
                    00C1    449 _IRCON_T1IF	=	0x00c1
                    00C0    450 _IRCON_DMAIF	=	0x00c0
                    00D0    451 _P	=	0x00d0
                    00D1    452 _F1	=	0x00d1
                    00D2    453 _OV	=	0x00d2
                    00D3    454 _RS0	=	0x00d3
                    00D4    455 _RS1	=	0x00d4
                    00D5    456 _F0	=	0x00d5
                    00D6    457 _AC	=	0x00d6
                    00D7    458 _CY	=	0x00d7
                    00EC    459 _IRCON2_WDTIF	=	0x00ec
                    00EB    460 _IRCON2_P1IF	=	0x00eb
                    00EA    461 _IRCON2_UTX1IF	=	0x00ea
                    00E9    462 _IRCON2_UTX0IF	=	0x00e9
                    00E8    463 _IRCON2_P2IF	=	0x00e8
                            464 ;--------------------------------------------------------
                            465 ; overlayable register banks
                            466 ;--------------------------------------------------------
                            467 	.area REG_BANK_0	(REL,OVR,DATA)
   0000                     468 	.ds 8
                            469 ;--------------------------------------------------------
                            470 ; overlayable bit register bank
                            471 ;--------------------------------------------------------
                            472 	.area BIT_BANK	(REL,OVR,DATA)
   0000                     473 bits:
   0000                     474 	.ds 1
                    8000    475 	b0 = bits[0]
                    8100    476 	b1 = bits[1]
                    8200    477 	b2 = bits[2]
                    8300    478 	b3 = bits[3]
                    8400    479 	b4 = bits[4]
                    8500    480 	b5 = bits[5]
                    8600    481 	b6 = bits[6]
                    8700    482 	b7 = bits[7]
                            483 ;--------------------------------------------------------
                            484 ; internal ram data
                            485 ;--------------------------------------------------------
                            486 	.area DSEG    (DATA)
                            487 ;--------------------------------------------------------
                            488 ; overlayable items in internal ram 
                            489 ;--------------------------------------------------------
                            490 	.area OSEG    (OVR,DATA)
                            491 ;--------------------------------------------------------
                            492 ; indirectly addressable internal ram data
                            493 ;--------------------------------------------------------
                            494 	.area ISEG    (DATA)
                            495 ;--------------------------------------------------------
                            496 ; absolute internal ram data
                            497 ;--------------------------------------------------------
                            498 	.area IABS    (ABS,DATA)
                            499 	.area IABS    (ABS,DATA)
                            500 ;--------------------------------------------------------
                            501 ; bit data
                            502 ;--------------------------------------------------------
                            503 	.area BSEG    (BIT)
                            504 ;--------------------------------------------------------
                            505 ; paged external ram data
                            506 ;--------------------------------------------------------
                            507 	.area PSEG    (PAG,XDATA)
                            508 ;--------------------------------------------------------
                            509 ; external ram data
                            510 ;--------------------------------------------------------
                            511 	.area XSEG    (XDATA)
                    DF02    512 _MDMCTRL0H	=	0xdf02
                    DF03    513 _MDMCTRL0L	=	0xdf03
                    DF04    514 _MDMCTRL1H	=	0xdf04
                    DF05    515 _MDMCTRL1L	=	0xdf05
                    DF06    516 _RSSIH	=	0xdf06
                    DF07    517 _RSSIL	=	0xdf07
                    DF08    518 _SYNCWORDH	=	0xdf08
                    DF09    519 _SYNCWORDL	=	0xdf09
                    DF0A    520 _TXCTRLH	=	0xdf0a
                    DF0B    521 _TXCTRLL	=	0xdf0b
                    DF0C    522 _RXCTRL0H	=	0xdf0c
                    DF0D    523 _RXCTRL0L	=	0xdf0d
                    DF0E    524 _RXCTRL1H	=	0xdf0e
                    DF0F    525 _RXCTRL1L	=	0xdf0f
                    DF10    526 _FSCTRLH	=	0xdf10
                    DF11    527 _FSCTRLL	=	0xdf11
                    DF12    528 _CSPX	=	0xdf12
                    DF13    529 _CSPY	=	0xdf13
                    DF14    530 _CSPZ	=	0xdf14
                    DF15    531 _CSPCTRL	=	0xdf15
                    DF16    532 _CSPT	=	0xdf16
                    DF17    533 _RFPWR	=	0xdf17
                    DF20    534 _FSMTCH	=	0xdf20
                    DF21    535 _FSMTCL	=	0xdf21
                    DF22    536 _MANANDH	=	0xdf22
                    DF23    537 _MANANDL	=	0xdf23
                    DF24    538 _MANORH	=	0xdf24
                    DF25    539 _MANORL	=	0xdf25
                    DF26    540 _AGCCTRLH	=	0xdf26
                    DF27    541 _AGCCTRLL	=	0xdf27
                    DF39    542 _FSMSTATE	=	0xdf39
                    DF3A    543 _ADCTSTH	=	0xdf3a
                    DF3B    544 _ADCTSTL	=	0xdf3b
                    DF3C    545 _DACTSTH	=	0xdf3c
                    DF3D    546 _DACTSTL	=	0xdf3d
                    DF43    547 _IEEE_ADDR0	=	0xdf43
                    DF44    548 _IEEE_ADDR1	=	0xdf44
                    DF45    549 _IEEE_ADDR2	=	0xdf45
                    DF46    550 _IEEE_ADDR3	=	0xdf46
                    DF47    551 _IEEE_ADDR4	=	0xdf47
                    DF48    552 _IEEE_ADDR5	=	0xdf48
                    DF49    553 _IEEE_ADDR6	=	0xdf49
                    DF4A    554 _IEEE_ADDR7	=	0xdf4a
                    DF4B    555 _PANIDH	=	0xdf4b
                    DF4C    556 _PANIDL	=	0xdf4c
                    DF4D    557 _SHORTADDRH	=	0xdf4d
                    DF4E    558 _SHORTADDRL	=	0xdf4e
                    DF4F    559 _IOCFG0	=	0xdf4f
                    DF50    560 _IOCFG1	=	0xdf50
                    DF51    561 _IOCFG2	=	0xdf51
                    DF52    562 _IOCFG3	=	0xdf52
                    DF53    563 _RXFIFOCNT	=	0xdf53
                    DF54    564 _FSMTC1	=	0xdf54
                    DF60    565 _CHVER	=	0xdf60
                    DF61    566 _CHIPID	=	0xdf61
                    DF62    567 _RFSTATUS	=	0xdf62
                    DFC1    568 _U0BUF_SHADOW	=	0xdfc1
                    DFD9    569 _RFD_SHADOW	=	0xdfd9
                    DFF9    570 _U1BUF_SHADOW	=	0xdff9
                    DFBA    571 _ADC_SHADOW	=	0xdfba
                            572 ;--------------------------------------------------------
                            573 ; absolute external ram data
                            574 ;--------------------------------------------------------
                            575 	.area XABS    (ABS,XDATA)
                            576 ;--------------------------------------------------------
                            577 ; external initialized ram data
                            578 ;--------------------------------------------------------
                            579 	.area XISEG   (XDATA)
                            580 	.area HOME    (CODE)
                            581 	.area GSINIT0 (CODE)
                            582 	.area GSINIT1 (CODE)
                            583 	.area GSINIT2 (CODE)
                            584 	.area GSINIT3 (CODE)
                            585 	.area GSINIT4 (CODE)
                            586 	.area GSINIT5 (CODE)
                            587 	.area GSINIT  (CODE)
                            588 	.area GSFINAL (CODE)
                            589 	.area CSEG    (CODE)
                            590 ;--------------------------------------------------------
                            591 ; global & static initialisations
                            592 ;--------------------------------------------------------
                            593 	.area HOME    (CODE)
                            594 	.area GSINIT  (CODE)
                            595 	.area GSFINAL (CODE)
                            596 	.area GSINIT  (CODE)
                            597 ;--------------------------------------------------------
                            598 ; Home
                            599 ;--------------------------------------------------------
                            600 	.area HOME    (CODE)
                            601 	.area HOME    (CODE)
                            602 ;--------------------------------------------------------
                            603 ; code
                            604 ;--------------------------------------------------------
                            605 	.area CSEG    (CODE)
                            606 ;------------------------------------------------------------
                            607 ;Allocation info for local variables in function 'rtimer_arch_init'
                            608 ;------------------------------------------------------------
                            609 ;	../../cpu/cc2430/./rtimer-arch.c:66: rtimer_arch_init(void)
                            610 ;	-----------------------------------------
                            611 ;	 function rtimer_arch_init
                            612 ;	-----------------------------------------
   0000                     613 _rtimer_arch_init:
                    0007    614 	ar7 = 0x07
                    0006    615 	ar6 = 0x06
                    0005    616 	ar5 = 0x05
                    0004    617 	ar4 = 0x04
                    0003    618 	ar3 = 0x03
                    0002    619 	ar2 = 0x02
                    0001    620 	ar1 = 0x01
                    0000    621 	ar0 = 0x00
                            622 ;	../../cpu/cc2430/./rtimer-arch.c:75: T1CTL = (T1DIV1 | T1MODE0); /* 00001001 */
   0000 75 E4 09            623 	mov	_T1CTL,#0x09
                            624 ;	../../cpu/cc2430/./rtimer-arch.c:78: IEN1_T1IE = 1;
   0003 D2 B9               625 	setb	_IEN1_T1IE
                            626 ;	../../cpu/cc2430/./rtimer-arch.c:82: T1CCTL1 = T1MODE + T1IM;
   0005 75 E6 44            627 	mov	_T1CCTL1,#0x44
                            628 ;	../../cpu/cc2430/./rtimer-arch.c:86: TIMIF &= ~OVFIM;
   0008 AF D8               629 	mov	r7,_TIMIF
   000A 53 07 BF            630 	anl	ar7,#0xBF
   000D 8F D8               631 	mov	_TIMIF,r7
   000F 22                  632 	ret
                            633 ;------------------------------------------------------------
                            634 ;Allocation info for local variables in function 'rtimer_arch_schedule'
                            635 ;------------------------------------------------------------
                            636 ;t                         Allocated to registers r6 r7 
                            637 ;------------------------------------------------------------
                            638 ;	../../cpu/cc2430/./rtimer-arch.c:93: rtimer_arch_schedule(rtimer_clock_t t)
                            639 ;	-----------------------------------------
                            640 ;	 function rtimer_arch_schedule
                            641 ;	-----------------------------------------
   0010                     642 _rtimer_arch_schedule:
   0010 AE 82               643 	mov	r6,dpl
   0012 AF 83               644 	mov	r7,dph
                            645 ;	../../cpu/cc2430/./rtimer-arch.c:98: T1CC1L = (unsigned char) t;
   0014 8E DC               646 	mov	_T1CC1L,r6
                            647 ;	../../cpu/cc2430/./rtimer-arch.c:99: T1CC1H = (unsigned char) (t >> 8);
   0016 8F DD               648 	mov	_T1CC1H,r7
                            649 ;	../../cpu/cc2430/./rtimer-arch.c:104: T1CCTL1 |= T1IM;
   0018 43 E6 40            650 	orl	_T1CCTL1,#0x40
   001B 22                  651 	ret
                            652 ;------------------------------------------------------------
                            653 ;Allocation info for local variables in function 'cc2430_timer_1_ISR'
                            654 ;------------------------------------------------------------
                            655 ;	../../cpu/cc2430/./rtimer-arch.c:108: cc2430_timer_1_ISR(void) __interrupt (T1_VECTOR)
                            656 ;	-----------------------------------------
                            657 ;	 function cc2430_timer_1_ISR
                            658 ;	-----------------------------------------
   001C                     659 _cc2430_timer_1_ISR:
   001C C0*00               660 	push	bits
   001E C0 E0               661 	push	acc
   0020 C0 F0               662 	push	b
   0022 C0 82               663 	push	dpl
   0024 C0 83               664 	push	dph
   0026 C0 07               665 	push	(0+7)
   0028 C0 06               666 	push	(0+6)
   002A C0 05               667 	push	(0+5)
   002C C0 04               668 	push	(0+4)
   002E C0 03               669 	push	(0+3)
   0030 C0 02               670 	push	(0+2)
   0032 C0 01               671 	push	(0+1)
   0034 C0 00               672 	push	(0+0)
   0036 C0 D0               673 	push	psw
   0038 75 D0 00            674 	mov	psw,#0x00
                            675 ;	../../cpu/cc2430/./rtimer-arch.c:110: IEN1_T1IE = 0; /* Ignore Timer 1 Interrupts */
   003B C2 B9               676 	clr	_IEN1_T1IE
                            677 ;	../../cpu/cc2430/./rtimer-arch.c:115: T1CTL &= ~(CH1IF);
   003D AF E4               678 	mov	r7,_T1CTL
   003F 53 07 BF            679 	anl	ar7,#0xBF
   0042 8F E4               680 	mov	_T1CTL,r7
                            681 ;	../../cpu/cc2430/./rtimer-arch.c:116: T1CCTL1 &= ~T1IM;
   0044 AF E6               682 	mov	r7,_T1CCTL1
   0046 53 07 BF            683 	anl	ar7,#0xBF
   0049 8F E6               684 	mov	_T1CCTL1,r7
                            685 ;	../../cpu/cc2430/./rtimer-arch.c:118: rtimer_run_next();
   004B 12s00r00            686 	lcall	_rtimer_run_next
                            687 ;	../../cpu/cc2430/./rtimer-arch.c:121: IEN1_T1IE = 1; /* Acknowledge Timer 1 Interrupts */
   004E D2 B9               688 	setb	_IEN1_T1IE
   0050 D0 D0               689 	pop	psw
   0052 D0 00               690 	pop	(0+0)
   0054 D0 01               691 	pop	(0+1)
   0056 D0 02               692 	pop	(0+2)
   0058 D0 03               693 	pop	(0+3)
   005A D0 04               694 	pop	(0+4)
   005C D0 05               695 	pop	(0+5)
   005E D0 06               696 	pop	(0+6)
   0060 D0 07               697 	pop	(0+7)
   0062 D0 83               698 	pop	dph
   0064 D0 82               699 	pop	dpl
   0066 D0 F0               700 	pop	b
   0068 D0 E0               701 	pop	acc
   006A D0*00               702 	pop	bits
   006C 32                  703 	reti
                            704 	.area CSEG    (CODE)
                            705 	.area CONST   (CODE)
                            706 	.area XINIT   (CODE)
                            707 	.area CABS    (ABS,CODE)
