                              1 ;--------------------------------------------------------
                              2 ; File Created by SDCC : free open source ANSI-C Compiler
                              3 ; Version 3.1.1 #7100 (Apr  1 2013) (Linux)
                              4 ; This file was generated Tue Apr 23 09:41:15 2013
                              5 ;--------------------------------------------------------
                              6 	.module stunicast
                              7 	.optsdcc -mmcs51 --model-large
                              8 	
                              9 ;--------------------------------------------------------
                             10 ; Public variables in this module
                             11 ;--------------------------------------------------------
                             12 	.globl _queuebuf_free
                             13 	.globl _queuebuf_to_packetbuf
                             14 	.globl _queuebuf_new_from_packetbuf
                             15 	.globl _unicast_send
                             16 	.globl _unicast_close
                             17 	.globl _unicast_open
                             18 	.globl _rimeaddr_copy
                             19 	.globl _ctimer_stop
                             20 	.globl _ctimer_set
                             21 	.globl _IRCON2_P2IF
                             22 	.globl _IRCON2_UTX0IF
                             23 	.globl _IRCON2_UTX1IF
                             24 	.globl _IRCON2_P1IF
                             25 	.globl _IRCON2_WDTIF
                             26 	.globl _CY
                             27 	.globl _AC
                             28 	.globl _F0
                             29 	.globl _RS1
                             30 	.globl _RS0
                             31 	.globl _OV
                             32 	.globl _F1
                             33 	.globl _P
                             34 	.globl _IRCON_DMAIF
                             35 	.globl _IRCON_T1IF
                             36 	.globl _IRCON_T2IF
                             37 	.globl _IRCON_T3IF
                             38 	.globl _IRCON_T4IF
                             39 	.globl _IRCON_P0IF
                             40 	.globl _IRCON_STIF
                             41 	.globl _IEN1_DMAIE
                             42 	.globl _IEN1_T1IE
                             43 	.globl _IEN1_T2IE
                             44 	.globl _IEN1_T3IE
                             45 	.globl _IEN1_T4IE
                             46 	.globl _IEN1_P0IE
                             47 	.globl _IEN0_RFERRIE
                             48 	.globl _IEN0_ADCIE
                             49 	.globl _IEN0_URX0IE
                             50 	.globl _IEN0_URX1IE
                             51 	.globl _IEN0_ENCIE
                             52 	.globl _IEN0_STIE
                             53 	.globl _IEN0_EA
                             54 	.globl _EA
                             55 	.globl _P2_4
                             56 	.globl _P2_3
                             57 	.globl _P2_2
                             58 	.globl _P2_1
                             59 	.globl _P2_0
                             60 	.globl _S0CON_ENCIF_0
                             61 	.globl _S0CON_ENCIF_1
                             62 	.globl _P1_7
                             63 	.globl _P1_6
                             64 	.globl _P1_5
                             65 	.globl _P1_4
                             66 	.globl _P1_3
                             67 	.globl _P1_2
                             68 	.globl _P1_1
                             69 	.globl _P1_0
                             70 	.globl _TCON_IT0
                             71 	.globl _TCON_RFERRIF
                             72 	.globl _TCON_IT1
                             73 	.globl _TCON_URX0IF
                             74 	.globl _TCON_ADCIF
                             75 	.globl _TCON_URX1IF
                             76 	.globl _P0_0
                             77 	.globl _P0_1
                             78 	.globl _P0_2
                             79 	.globl _P0_3
                             80 	.globl _P0_4
                             81 	.globl _P0_5
                             82 	.globl _P0_6
                             83 	.globl _P0_7
                             84 	.globl _P2DIR
                             85 	.globl _P1DIR
                             86 	.globl _P0DIR
                             87 	.globl _U1GCR
                             88 	.globl _U1UCR
                             89 	.globl _U1BAUD
                             90 	.globl _U1BUF
                             91 	.globl _U1CSR
                             92 	.globl _P2INP
                             93 	.globl _P1INP
                             94 	.globl _P2SEL
                             95 	.globl _P1SEL
                             96 	.globl _P0SEL
                             97 	.globl _ADCCFG
                             98 	.globl _PERCFG
                             99 	.globl _B
                            100 	.globl _T4CC1
                            101 	.globl _T4CCTL1
                            102 	.globl _T4CC0
                            103 	.globl _T4CCTL0
                            104 	.globl _T4CTL
                            105 	.globl _T4CNT
                            106 	.globl _RFIF
                            107 	.globl _IRCON2
                            108 	.globl _T1CCTL2
                            109 	.globl _T1CCTL1
                            110 	.globl _T1CCTL0
                            111 	.globl _T1CTL
                            112 	.globl _T1CNTH
                            113 	.globl _T1CNTL
                            114 	.globl _RFST
                            115 	.globl _ACC
                            116 	.globl _T1CC2H
                            117 	.globl _T1CC2L
                            118 	.globl _T1CC1H
                            119 	.globl _T1CC1L
                            120 	.globl _T1CC0H
                            121 	.globl _T1CC0L
                            122 	.globl _RFD
                            123 	.globl _TIMIF
                            124 	.globl _DMAREQ
                            125 	.globl _DMAARM
                            126 	.globl _DMA0CFGH
                            127 	.globl _DMA0CFGL
                            128 	.globl _DMA1CFGH
                            129 	.globl _DMA1CFGL
                            130 	.globl _DMAIRQ
                            131 	.globl _PSW
                            132 	.globl _T3CC1
                            133 	.globl _T3CCTL1
                            134 	.globl _T3CC0
                            135 	.globl _T3CCTL0
                            136 	.globl _T3CTL
                            137 	.globl _T3CNT
                            138 	.globl _WDCTL
                            139 	.globl _T2CON
                            140 	.globl _MEMCTR
                            141 	.globl _CLKCON
                            142 	.globl _U0GCR
                            143 	.globl _U0UCR
                            144 	.globl _T2CNF
                            145 	.globl _U0BAUD
                            146 	.globl _U0BUF
                            147 	.globl _IRCON
                            148 	.globl _SLEEP
                            149 	.globl _RNDH
                            150 	.globl _RNDL
                            151 	.globl _ADCH
                            152 	.globl _ADCL
                            153 	.globl _IP1
                            154 	.globl _IEN1
                            155 	.globl _RCCTL
                            156 	.globl _ADCCON3
                            157 	.globl _ADCCON2
                            158 	.globl _ADCCON1
                            159 	.globl _ENCCS
                            160 	.globl _ENCDO
                            161 	.globl _ENCDI
                            162 	.globl _FWDATA
                            163 	.globl _FCTL
                            164 	.globl _FADDRH
                            165 	.globl _FADDRL
                            166 	.globl _FWT
                            167 	.globl _IP0
                            168 	.globl _IEN0
                            169 	.globl _IE
                            170 	.globl _T2THD
                            171 	.globl _T2TLD
                            172 	.globl _T2CAPHPH
                            173 	.globl _T2CAPLPL
                            174 	.globl _T2OF2
                            175 	.globl _T2OF1
                            176 	.globl _T2OF0
                            177 	.globl _P2
                            178 	.globl _PSBANK
                            179 	.globl _FMAP
                            180 	.globl _T2PEROF2
                            181 	.globl _T2PEROF1
                            182 	.globl _T2PEROF0
                            183 	.globl _S1CON
                            184 	.globl _IEN2
                            185 	.globl _HSRC
                            186 	.globl _S0CON
                            187 	.globl _ST2
                            188 	.globl _ST1
                            189 	.globl _ST0
                            190 	.globl _T2CMP
                            191 	.globl __XPAGE
                            192 	.globl _DPS
                            193 	.globl _RFIM
                            194 	.globl _P1
                            195 	.globl _P0INP
                            196 	.globl _P1IEN
                            197 	.globl _PICTL
                            198 	.globl _P2IFG
                            199 	.globl _P1IFG
                            200 	.globl _P0IFG
                            201 	.globl _TCON
                            202 	.globl _PCON
                            203 	.globl _U0CSR
                            204 	.globl _DPH1
                            205 	.globl _DPL1
                            206 	.globl _DPH0
                            207 	.globl _DPL0
                            208 	.globl _SP
                            209 	.globl _P0
                            210 	.globl _ADC_SHADOW
                            211 	.globl _U1BUF_SHADOW
                            212 	.globl _RFD_SHADOW
                            213 	.globl _U0BUF_SHADOW
                            214 	.globl _RFSTATUS
                            215 	.globl _CHIPID
                            216 	.globl _CHVER
                            217 	.globl _FSMTC1
                            218 	.globl _RXFIFOCNT
                            219 	.globl _IOCFG3
                            220 	.globl _IOCFG2
                            221 	.globl _IOCFG1
                            222 	.globl _IOCFG0
                            223 	.globl _SHORTADDRL
                            224 	.globl _SHORTADDRH
                            225 	.globl _PANIDL
                            226 	.globl _PANIDH
                            227 	.globl _IEEE_ADDR7
                            228 	.globl _IEEE_ADDR6
                            229 	.globl _IEEE_ADDR5
                            230 	.globl _IEEE_ADDR4
                            231 	.globl _IEEE_ADDR3
                            232 	.globl _IEEE_ADDR2
                            233 	.globl _IEEE_ADDR1
                            234 	.globl _IEEE_ADDR0
                            235 	.globl _DACTSTL
                            236 	.globl _DACTSTH
                            237 	.globl _ADCTSTL
                            238 	.globl _ADCTSTH
                            239 	.globl _FSMSTATE
                            240 	.globl _AGCCTRLL
                            241 	.globl _AGCCTRLH
                            242 	.globl _MANORL
                            243 	.globl _MANORH
                            244 	.globl _MANANDL
                            245 	.globl _MANANDH
                            246 	.globl _FSMTCL
                            247 	.globl _FSMTCH
                            248 	.globl _RFPWR
                            249 	.globl _CSPT
                            250 	.globl _CSPCTRL
                            251 	.globl _CSPZ
                            252 	.globl _CSPY
                            253 	.globl _CSPX
                            254 	.globl _FSCTRLL
                            255 	.globl _FSCTRLH
                            256 	.globl _RXCTRL1L
                            257 	.globl _RXCTRL1H
                            258 	.globl _RXCTRL0L
                            259 	.globl _RXCTRL0H
                            260 	.globl _TXCTRLL
                            261 	.globl _TXCTRLH
                            262 	.globl _SYNCWORDL
                            263 	.globl _SYNCWORDH
                            264 	.globl _RSSIL
                            265 	.globl _RSSIH
                            266 	.globl _MDMCTRL1L
                            267 	.globl _MDMCTRL1H
                            268 	.globl _MDMCTRL0L
                            269 	.globl _MDMCTRL0H
                            270 	.globl _stunicast_open
                            271 	.globl _stunicast_close
                            272 	.globl _stunicast_receiver
                            273 	.globl _stunicast_set_timer
                            274 	.globl _stunicast_send_stubborn
                            275 	.globl _stunicast_send
                            276 	.globl _stunicast_cancel
                            277 ;--------------------------------------------------------
                            278 ; special function registers
                            279 ;--------------------------------------------------------
                            280 	.area RSEG    (ABS,DATA)
   0000                     281 	.org 0x0000
                    0080    282 _P0	=	0x0080
                    0081    283 _SP	=	0x0081
                    0082    284 _DPL0	=	0x0082
                    0083    285 _DPH0	=	0x0083
                    0084    286 _DPL1	=	0x0084
                    0085    287 _DPH1	=	0x0085
                    0086    288 _U0CSR	=	0x0086
                    0087    289 _PCON	=	0x0087
                    0088    290 _TCON	=	0x0088
                    0089    291 _P0IFG	=	0x0089
                    008A    292 _P1IFG	=	0x008a
                    008B    293 _P2IFG	=	0x008b
                    008C    294 _PICTL	=	0x008c
                    008D    295 _P1IEN	=	0x008d
                    008F    296 _P0INP	=	0x008f
                    0090    297 _P1	=	0x0090
                    0091    298 _RFIM	=	0x0091
                    0092    299 _DPS	=	0x0092
                    0093    300 __XPAGE	=	0x0093
                    0094    301 _T2CMP	=	0x0094
                    0095    302 _ST0	=	0x0095
                    0096    303 _ST1	=	0x0096
                    0097    304 _ST2	=	0x0097
                    0098    305 _S0CON	=	0x0098
                    0099    306 _HSRC	=	0x0099
                    009A    307 _IEN2	=	0x009a
                    009B    308 _S1CON	=	0x009b
                    009C    309 _T2PEROF0	=	0x009c
                    009D    310 _T2PEROF1	=	0x009d
                    009E    311 _T2PEROF2	=	0x009e
                    009F    312 _FMAP	=	0x009f
                    009F    313 _PSBANK	=	0x009f
                    00A0    314 _P2	=	0x00a0
                    00A1    315 _T2OF0	=	0x00a1
                    00A2    316 _T2OF1	=	0x00a2
                    00A3    317 _T2OF2	=	0x00a3
                    00A4    318 _T2CAPLPL	=	0x00a4
                    00A5    319 _T2CAPHPH	=	0x00a5
                    00A6    320 _T2TLD	=	0x00a6
                    00A7    321 _T2THD	=	0x00a7
                    00A8    322 _IE	=	0x00a8
                    00A8    323 _IEN0	=	0x00a8
                    00A9    324 _IP0	=	0x00a9
                    00AB    325 _FWT	=	0x00ab
                    00AC    326 _FADDRL	=	0x00ac
                    00AD    327 _FADDRH	=	0x00ad
                    00AE    328 _FCTL	=	0x00ae
                    00AF    329 _FWDATA	=	0x00af
                    00B1    330 _ENCDI	=	0x00b1
                    00B2    331 _ENCDO	=	0x00b2
                    00B3    332 _ENCCS	=	0x00b3
                    00B4    333 _ADCCON1	=	0x00b4
                    00B5    334 _ADCCON2	=	0x00b5
                    00B6    335 _ADCCON3	=	0x00b6
                    00B7    336 _RCCTL	=	0x00b7
                    00B8    337 _IEN1	=	0x00b8
                    00B9    338 _IP1	=	0x00b9
                    00BA    339 _ADCL	=	0x00ba
                    00BB    340 _ADCH	=	0x00bb
                    00BC    341 _RNDL	=	0x00bc
                    00BD    342 _RNDH	=	0x00bd
                    00BE    343 _SLEEP	=	0x00be
                    00C0    344 _IRCON	=	0x00c0
                    00C1    345 _U0BUF	=	0x00c1
                    00C2    346 _U0BAUD	=	0x00c2
                    00C3    347 _T2CNF	=	0x00c3
                    00C4    348 _U0UCR	=	0x00c4
                    00C5    349 _U0GCR	=	0x00c5
                    00C6    350 _CLKCON	=	0x00c6
                    00C7    351 _MEMCTR	=	0x00c7
                    00C8    352 _T2CON	=	0x00c8
                    00C9    353 _WDCTL	=	0x00c9
                    00CA    354 _T3CNT	=	0x00ca
                    00CB    355 _T3CTL	=	0x00cb
                    00CC    356 _T3CCTL0	=	0x00cc
                    00CD    357 _T3CC0	=	0x00cd
                    00CE    358 _T3CCTL1	=	0x00ce
                    00CF    359 _T3CC1	=	0x00cf
                    00D0    360 _PSW	=	0x00d0
                    00D1    361 _DMAIRQ	=	0x00d1
                    00D2    362 _DMA1CFGL	=	0x00d2
                    00D3    363 _DMA1CFGH	=	0x00d3
                    00D4    364 _DMA0CFGL	=	0x00d4
                    00D5    365 _DMA0CFGH	=	0x00d5
                    00D6    366 _DMAARM	=	0x00d6
                    00D7    367 _DMAREQ	=	0x00d7
                    00D8    368 _TIMIF	=	0x00d8
                    00D9    369 _RFD	=	0x00d9
                    00DA    370 _T1CC0L	=	0x00da
                    00DB    371 _T1CC0H	=	0x00db
                    00DC    372 _T1CC1L	=	0x00dc
                    00DD    373 _T1CC1H	=	0x00dd
                    00DE    374 _T1CC2L	=	0x00de
                    00DF    375 _T1CC2H	=	0x00df
                    00E0    376 _ACC	=	0x00e0
                    00E1    377 _RFST	=	0x00e1
                    00E2    378 _T1CNTL	=	0x00e2
                    00E3    379 _T1CNTH	=	0x00e3
                    00E4    380 _T1CTL	=	0x00e4
                    00E5    381 _T1CCTL0	=	0x00e5
                    00E6    382 _T1CCTL1	=	0x00e6
                    00E7    383 _T1CCTL2	=	0x00e7
                    00E8    384 _IRCON2	=	0x00e8
                    00E9    385 _RFIF	=	0x00e9
                    00EA    386 _T4CNT	=	0x00ea
                    00EB    387 _T4CTL	=	0x00eb
                    00EC    388 _T4CCTL0	=	0x00ec
                    00ED    389 _T4CC0	=	0x00ed
                    00EE    390 _T4CCTL1	=	0x00ee
                    00EF    391 _T4CC1	=	0x00ef
                    00F0    392 _B	=	0x00f0
                    00F1    393 _PERCFG	=	0x00f1
                    00F2    394 _ADCCFG	=	0x00f2
                    00F3    395 _P0SEL	=	0x00f3
                    00F4    396 _P1SEL	=	0x00f4
                    00F5    397 _P2SEL	=	0x00f5
                    00F6    398 _P1INP	=	0x00f6
                    00F7    399 _P2INP	=	0x00f7
                    00F8    400 _U1CSR	=	0x00f8
                    00F9    401 _U1BUF	=	0x00f9
                    00FA    402 _U1BAUD	=	0x00fa
                    00FB    403 _U1UCR	=	0x00fb
                    00FC    404 _U1GCR	=	0x00fc
                    00FD    405 _P0DIR	=	0x00fd
                    00FE    406 _P1DIR	=	0x00fe
                    00FF    407 _P2DIR	=	0x00ff
                            408 ;--------------------------------------------------------
                            409 ; special function bits
                            410 ;--------------------------------------------------------
                            411 	.area RSEG    (ABS,DATA)
   0000                     412 	.org 0x0000
                    0087    413 _P0_7	=	0x0087
                    0086    414 _P0_6	=	0x0086
                    0085    415 _P0_5	=	0x0085
                    0084    416 _P0_4	=	0x0084
                    0083    417 _P0_3	=	0x0083
                    0082    418 _P0_2	=	0x0082
                    0081    419 _P0_1	=	0x0081
                    0080    420 _P0_0	=	0x0080
                    008F    421 _TCON_URX1IF	=	0x008f
                    008D    422 _TCON_ADCIF	=	0x008d
                    008B    423 _TCON_URX0IF	=	0x008b
                    008A    424 _TCON_IT1	=	0x008a
                    0089    425 _TCON_RFERRIF	=	0x0089
                    0088    426 _TCON_IT0	=	0x0088
                    0090    427 _P1_0	=	0x0090
                    0091    428 _P1_1	=	0x0091
                    0092    429 _P1_2	=	0x0092
                    0093    430 _P1_3	=	0x0093
                    0094    431 _P1_4	=	0x0094
                    0095    432 _P1_5	=	0x0095
                    0096    433 _P1_6	=	0x0096
                    0097    434 _P1_7	=	0x0097
                    0099    435 _S0CON_ENCIF_1	=	0x0099
                    0098    436 _S0CON_ENCIF_0	=	0x0098
                    00A0    437 _P2_0	=	0x00a0
                    00A1    438 _P2_1	=	0x00a1
                    00A2    439 _P2_2	=	0x00a2
                    00A3    440 _P2_3	=	0x00a3
                    00A4    441 _P2_4	=	0x00a4
                    00AF    442 _EA	=	0x00af
                    00AF    443 _IEN0_EA	=	0x00af
                    00AD    444 _IEN0_STIE	=	0x00ad
                    00AC    445 _IEN0_ENCIE	=	0x00ac
                    00AB    446 _IEN0_URX1IE	=	0x00ab
                    00AA    447 _IEN0_URX0IE	=	0x00aa
                    00A9    448 _IEN0_ADCIE	=	0x00a9
                    00A8    449 _IEN0_RFERRIE	=	0x00a8
                    00BD    450 _IEN1_P0IE	=	0x00bd
                    00BC    451 _IEN1_T4IE	=	0x00bc
                    00BB    452 _IEN1_T3IE	=	0x00bb
                    00BA    453 _IEN1_T2IE	=	0x00ba
                    00B9    454 _IEN1_T1IE	=	0x00b9
                    00B8    455 _IEN1_DMAIE	=	0x00b8
                    00C7    456 _IRCON_STIF	=	0x00c7
                    00C5    457 _IRCON_P0IF	=	0x00c5
                    00C4    458 _IRCON_T4IF	=	0x00c4
                    00C3    459 _IRCON_T3IF	=	0x00c3
                    00C2    460 _IRCON_T2IF	=	0x00c2
                    00C1    461 _IRCON_T1IF	=	0x00c1
                    00C0    462 _IRCON_DMAIF	=	0x00c0
                    00D0    463 _P	=	0x00d0
                    00D1    464 _F1	=	0x00d1
                    00D2    465 _OV	=	0x00d2
                    00D3    466 _RS0	=	0x00d3
                    00D4    467 _RS1	=	0x00d4
                    00D5    468 _F0	=	0x00d5
                    00D6    469 _AC	=	0x00d6
                    00D7    470 _CY	=	0x00d7
                    00EC    471 _IRCON2_WDTIF	=	0x00ec
                    00EB    472 _IRCON2_P1IF	=	0x00eb
                    00EA    473 _IRCON2_UTX1IF	=	0x00ea
                    00E9    474 _IRCON2_UTX0IF	=	0x00e9
                    00E8    475 _IRCON2_P2IF	=	0x00e8
                            476 ;--------------------------------------------------------
                            477 ; overlayable register banks
                            478 ;--------------------------------------------------------
                            479 	.area REG_BANK_0	(REL,OVR,DATA)
   0000                     480 	.ds 8
                            481 ;--------------------------------------------------------
                            482 ; internal ram data
                            483 ;--------------------------------------------------------
                            484 	.area DSEG    (DATA)
                            485 ;--------------------------------------------------------
                            486 ; overlayable items in internal ram 
                            487 ;--------------------------------------------------------
                            488 	.area OSEG    (OVR,DATA)
                            489 ;--------------------------------------------------------
                            490 ; indirectly addressable internal ram data
                            491 ;--------------------------------------------------------
                            492 	.area ISEG    (DATA)
                            493 ;--------------------------------------------------------
                            494 ; absolute internal ram data
                            495 ;--------------------------------------------------------
                            496 	.area IABS    (ABS,DATA)
                            497 	.area IABS    (ABS,DATA)
                            498 ;--------------------------------------------------------
                            499 ; bit data
                            500 ;--------------------------------------------------------
                            501 	.area BSEG    (BIT)
                            502 ;--------------------------------------------------------
                            503 ; paged external ram data
                            504 ;--------------------------------------------------------
                            505 	.area PSEG    (PAG,XDATA)
                            506 ;--------------------------------------------------------
                            507 ; external ram data
                            508 ;--------------------------------------------------------
                            509 	.area XSEG    (XDATA)
                    DF02    510 _MDMCTRL0H	=	0xdf02
                    DF03    511 _MDMCTRL0L	=	0xdf03
                    DF04    512 _MDMCTRL1H	=	0xdf04
                    DF05    513 _MDMCTRL1L	=	0xdf05
                    DF06    514 _RSSIH	=	0xdf06
                    DF07    515 _RSSIL	=	0xdf07
                    DF08    516 _SYNCWORDH	=	0xdf08
                    DF09    517 _SYNCWORDL	=	0xdf09
                    DF0A    518 _TXCTRLH	=	0xdf0a
                    DF0B    519 _TXCTRLL	=	0xdf0b
                    DF0C    520 _RXCTRL0H	=	0xdf0c
                    DF0D    521 _RXCTRL0L	=	0xdf0d
                    DF0E    522 _RXCTRL1H	=	0xdf0e
                    DF0F    523 _RXCTRL1L	=	0xdf0f
                    DF10    524 _FSCTRLH	=	0xdf10
                    DF11    525 _FSCTRLL	=	0xdf11
                    DF12    526 _CSPX	=	0xdf12
                    DF13    527 _CSPY	=	0xdf13
                    DF14    528 _CSPZ	=	0xdf14
                    DF15    529 _CSPCTRL	=	0xdf15
                    DF16    530 _CSPT	=	0xdf16
                    DF17    531 _RFPWR	=	0xdf17
                    DF20    532 _FSMTCH	=	0xdf20
                    DF21    533 _FSMTCL	=	0xdf21
                    DF22    534 _MANANDH	=	0xdf22
                    DF23    535 _MANANDL	=	0xdf23
                    DF24    536 _MANORH	=	0xdf24
                    DF25    537 _MANORL	=	0xdf25
                    DF26    538 _AGCCTRLH	=	0xdf26
                    DF27    539 _AGCCTRLL	=	0xdf27
                    DF39    540 _FSMSTATE	=	0xdf39
                    DF3A    541 _ADCTSTH	=	0xdf3a
                    DF3B    542 _ADCTSTL	=	0xdf3b
                    DF3C    543 _DACTSTH	=	0xdf3c
                    DF3D    544 _DACTSTL	=	0xdf3d
                    DF43    545 _IEEE_ADDR0	=	0xdf43
                    DF44    546 _IEEE_ADDR1	=	0xdf44
                    DF45    547 _IEEE_ADDR2	=	0xdf45
                    DF46    548 _IEEE_ADDR3	=	0xdf46
                    DF47    549 _IEEE_ADDR4	=	0xdf47
                    DF48    550 _IEEE_ADDR5	=	0xdf48
                    DF49    551 _IEEE_ADDR6	=	0xdf49
                    DF4A    552 _IEEE_ADDR7	=	0xdf4a
                    DF4B    553 _PANIDH	=	0xdf4b
                    DF4C    554 _PANIDL	=	0xdf4c
                    DF4D    555 _SHORTADDRH	=	0xdf4d
                    DF4E    556 _SHORTADDRL	=	0xdf4e
                    DF4F    557 _IOCFG0	=	0xdf4f
                    DF50    558 _IOCFG1	=	0xdf50
                    DF51    559 _IOCFG2	=	0xdf51
                    DF52    560 _IOCFG3	=	0xdf52
                    DF53    561 _RXFIFOCNT	=	0xdf53
                    DF54    562 _FSMTC1	=	0xdf54
                    DF60    563 _CHVER	=	0xdf60
                    DF61    564 _CHIPID	=	0xdf61
                    DF62    565 _RFSTATUS	=	0xdf62
                    DFC1    566 _U0BUF_SHADOW	=	0xdfc1
                    DFD9    567 _RFD_SHADOW	=	0xdfd9
                    DFF9    568 _U1BUF_SHADOW	=	0xdff9
                    DFBA    569 _ADC_SHADOW	=	0xdfba
                            570 ;--------------------------------------------------------
                            571 ; absolute external ram data
                            572 ;--------------------------------------------------------
                            573 	.area XABS    (ABS,XDATA)
                            574 ;--------------------------------------------------------
                            575 ; external initialized ram data
                            576 ;--------------------------------------------------------
                            577 	.area XISEG   (XDATA)
                            578 	.area HOME    (CODE)
                            579 	.area GSINIT0 (CODE)
                            580 	.area GSINIT1 (CODE)
                            581 	.area GSINIT2 (CODE)
                            582 	.area GSINIT3 (CODE)
                            583 	.area GSINIT4 (CODE)
                            584 	.area GSINIT5 (CODE)
                            585 	.area GSINIT  (CODE)
                            586 	.area GSFINAL (CODE)
                            587 	.area CSEG    (CODE)
                            588 ;--------------------------------------------------------
                            589 ; global & static initialisations
                            590 ;--------------------------------------------------------
                            591 	.area HOME    (CODE)
                            592 	.area GSINIT  (CODE)
                            593 	.area GSFINAL (CODE)
                            594 	.area GSINIT  (CODE)
                            595 ;--------------------------------------------------------
                            596 ; Home
                            597 ;--------------------------------------------------------
                            598 	.area HOME    (CODE)
                            599 	.area HOME    (CODE)
                            600 ;--------------------------------------------------------
                            601 ; code
                            602 ;--------------------------------------------------------
                            603 	.area CSEG    (CODE)
                            604 ;------------------------------------------------------------
                            605 ;Allocation info for local variables in function 'recv_from_uc'
                            606 ;------------------------------------------------------------
                            607 ;from                      Allocated to stack - _bp -5
                            608 ;uc                        Allocated to registers r5 r6 r7 
                            609 ;c                         Allocated to registers r5 r6 r7 
                            610 ;------------------------------------------------------------
                            611 ;	../../core/net/rime/stunicast.c:60: recv_from_uc(struct unicast_conn *uc, const rimeaddr_t *from)
                            612 ;	-----------------------------------------
                            613 ;	 function recv_from_uc
                            614 ;	-----------------------------------------
   0000                     615 _recv_from_uc:
                    0007    616 	ar7 = 0x07
                    0006    617 	ar6 = 0x06
                    0005    618 	ar5 = 0x05
                    0004    619 	ar4 = 0x04
                    0003    620 	ar3 = 0x03
                    0002    621 	ar2 = 0x02
                    0001    622 	ar1 = 0x01
                    0000    623 	ar0 = 0x00
   0000 C0*00               624 	push	_bp
   0002 85 81*00            625 	mov	_bp,sp
   0005 AD 82               626 	mov	r5,dpl
   0007 AE 83               627 	mov	r6,dph
   0009 AF F0               628 	mov	r7,b
                            629 ;	../../core/net/rime/stunicast.c:62: register struct stunicast_conn *c = (struct stunicast_conn *)uc;
                            630 ;	../../core/net/rime/stunicast.c:66: if(c->u->recv != NULL) {
   000B 74 2A               631 	mov	a,#0x2A
   000D 2D                  632 	add	a,r5
   000E FA                  633 	mov	r2,a
   000F E4                  634 	clr	a
   0010 3E                  635 	addc	a,r6
   0011 FB                  636 	mov	r3,a
   0012 8F 04               637 	mov	ar4,r7
   0014 8A 82               638 	mov	dpl,r2
   0016 8B 83               639 	mov	dph,r3
   0018 8C F0               640 	mov	b,r4
   001A 12s00r00            641 	lcall	__gptrget
   001D FA                  642 	mov	r2,a
   001E A3                  643 	inc	dptr
   001F 12s00r00            644 	lcall	__gptrget
   0022 FB                  645 	mov	r3,a
   0023 A3                  646 	inc	dptr
   0024 12s00r00            647 	lcall	__gptrget
   0027 FC                  648 	mov	r4,a
   0028 8A 82               649 	mov	dpl,r2
   002A 8B 83               650 	mov	dph,r3
   002C 8C F0               651 	mov	b,r4
   002E 12s00r00            652 	lcall	__gptrget
   0031 FB                  653 	mov	r3,a
   0032 A3                  654 	inc	dptr
   0033 12s00r00            655 	lcall	__gptrget
   0036 FC                  656 	mov	r4,a
   0037 4B                  657 	orl	a,r3
   0038 60 31               658 	jz	00103$
                            659 ;	../../core/net/rime/stunicast.c:67: c->u->recv(c, from);
   003A C0 04               660 	push	ar4
   003C C0 03               661 	push	ar3
   003E E5*00               662 	mov	a,_bp
   0040 24 FB               663 	add	a,#0xfb
   0042 F8                  664 	mov	r0,a
   0043 E6                  665 	mov	a,@r0
   0044 C0 E0               666 	push	acc
   0046 08                  667 	inc	r0
   0047 E6                  668 	mov	a,@r0
   0048 C0 E0               669 	push	acc
   004A 08                  670 	inc	r0
   004B E6                  671 	mov	a,@r0
   004C C0 E0               672 	push	acc
   004E 74r61               673 	mov	a,#00108$
   0050 C0 E0               674 	push	acc
   0052 74s00               675 	mov	a,#(00108$ >> 8)
   0054 C0 E0               676 	push	acc
   0056 C0 03               677 	push	ar3
   0058 C0 04               678 	push	ar4
   005A 8D 82               679 	mov	dpl,r5
   005C 8E 83               680 	mov	dph,r6
   005E 8F F0               681 	mov	b,r7
   0060 22                  682 	ret
   0061                     683 00108$:
   0061 15 81               684 	dec	sp
   0063 15 81               685 	dec	sp
   0065 15 81               686 	dec	sp
   0067 D0 03               687 	pop	ar3
   0069 D0 04               688 	pop	ar4
   006B                     689 00103$:
   006B D0*00               690 	pop	_bp
   006D 22                  691 	ret
                            692 ;------------------------------------------------------------
                            693 ;Allocation info for local variables in function 'sent_by_uc'
                            694 ;------------------------------------------------------------
                            695 ;status                    Allocated to stack - _bp -4
                            696 ;num_tx                    Allocated to stack - _bp -6
                            697 ;uc                        Allocated to registers r5 r6 r7 
                            698 ;c                         Allocated to registers r5 r6 r7 
                            699 ;------------------------------------------------------------
                            700 ;	../../core/net/rime/stunicast.c:72: sent_by_uc(struct unicast_conn *uc, int status, int num_tx)
                            701 ;	-----------------------------------------
                            702 ;	 function sent_by_uc
                            703 ;	-----------------------------------------
   006E                     704 _sent_by_uc:
   006E C0*00               705 	push	_bp
   0070 85 81*00            706 	mov	_bp,sp
   0073 AD 82               707 	mov	r5,dpl
   0075 AE 83               708 	mov	r6,dph
   0077 AF F0               709 	mov	r7,b
                            710 ;	../../core/net/rime/stunicast.c:74: register struct stunicast_conn *c = (struct stunicast_conn *)uc;
                            711 ;	../../core/net/rime/stunicast.c:79: if(c->u->sent != NULL) {
   0079 74 2A               712 	mov	a,#0x2A
   007B 2D                  713 	add	a,r5
   007C FA                  714 	mov	r2,a
   007D E4                  715 	clr	a
   007E 3E                  716 	addc	a,r6
   007F FB                  717 	mov	r3,a
   0080 8F 04               718 	mov	ar4,r7
   0082 8A 82               719 	mov	dpl,r2
   0084 8B 83               720 	mov	dph,r3
   0086 8C F0               721 	mov	b,r4
   0088 12s00r00            722 	lcall	__gptrget
   008B FA                  723 	mov	r2,a
   008C A3                  724 	inc	dptr
   008D 12s00r00            725 	lcall	__gptrget
   0090 FB                  726 	mov	r3,a
   0091 A3                  727 	inc	dptr
   0092 12s00r00            728 	lcall	__gptrget
   0095 FC                  729 	mov	r4,a
   0096 74 02               730 	mov	a,#0x02
   0098 2A                  731 	add	a,r2
   0099 FA                  732 	mov	r2,a
   009A E4                  733 	clr	a
   009B 3B                  734 	addc	a,r3
   009C FB                  735 	mov	r3,a
   009D 8A 82               736 	mov	dpl,r2
   009F 8B 83               737 	mov	dph,r3
   00A1 8C F0               738 	mov	b,r4
   00A3 12s00r00            739 	lcall	__gptrget
   00A6 FB                  740 	mov	r3,a
   00A7 A3                  741 	inc	dptr
   00A8 12s00r00            742 	lcall	__gptrget
   00AB FC                  743 	mov	r4,a
   00AC 4B                  744 	orl	a,r3
   00AD 60 39               745 	jz	00103$
                            746 ;	../../core/net/rime/stunicast.c:80: c->u->sent(c, status, num_tx);
   00AF C0 04               747 	push	ar4
   00B1 C0 03               748 	push	ar3
   00B3 E5*00               749 	mov	a,_bp
   00B5 24 FA               750 	add	a,#0xfa
   00B7 F8                  751 	mov	r0,a
   00B8 E6                  752 	mov	a,@r0
   00B9 C0 E0               753 	push	acc
   00BB 08                  754 	inc	r0
   00BC E6                  755 	mov	a,@r0
   00BD C0 E0               756 	push	acc
   00BF E5*00               757 	mov	a,_bp
   00C1 24 FC               758 	add	a,#0xfc
   00C3 F8                  759 	mov	r0,a
   00C4 E6                  760 	mov	a,@r0
   00C5 C0 E0               761 	push	acc
   00C7 08                  762 	inc	r0
   00C8 E6                  763 	mov	a,@r0
   00C9 C0 E0               764 	push	acc
   00CB 74rDE               765 	mov	a,#00108$
   00CD C0 E0               766 	push	acc
   00CF 74s00               767 	mov	a,#(00108$ >> 8)
   00D1 C0 E0               768 	push	acc
   00D3 C0 03               769 	push	ar3
   00D5 C0 04               770 	push	ar4
   00D7 8D 82               771 	mov	dpl,r5
   00D9 8E 83               772 	mov	dph,r6
   00DB 8F F0               773 	mov	b,r7
   00DD 22                  774 	ret
   00DE                     775 00108$:
   00DE E5 81               776 	mov	a,sp
   00E0 24 FC               777 	add	a,#0xfc
   00E2 F5 81               778 	mov	sp,a
   00E4 D0 03               779 	pop	ar3
   00E6 D0 04               780 	pop	ar4
   00E8                     781 00103$:
   00E8 D0*00               782 	pop	_bp
   00EA 22                  783 	ret
                            784 ;------------------------------------------------------------
                            785 ;Allocation info for local variables in function 'stunicast_open'
                            786 ;------------------------------------------------------------
                            787 ;channel                   Allocated to stack - _bp -4
                            788 ;u                         Allocated to stack - _bp -7
                            789 ;c                         Allocated to registers r5 r6 r7 
                            790 ;------------------------------------------------------------
                            791 ;	../../core/net/rime/stunicast.c:88: stunicast_open(struct stunicast_conn *c, uint16_t channel,
                            792 ;	-----------------------------------------
                            793 ;	 function stunicast_open
                            794 ;	-----------------------------------------
   00EB                     795 _stunicast_open:
   00EB C0*00               796 	push	_bp
   00ED 85 81*00            797 	mov	_bp,sp
   00F0 AD 82               798 	mov	r5,dpl
   00F2 AE 83               799 	mov	r6,dph
   00F4 AF F0               800 	mov	r7,b
                            801 ;	../../core/net/rime/stunicast.c:91: unicast_open(&c->c, channel, &stunicast);
   00F6 C0 07               802 	push	ar7
   00F8 C0 06               803 	push	ar6
   00FA C0 05               804 	push	ar5
   00FC 74r00               805 	mov	a,#_stunicast
   00FE C0 E0               806 	push	acc
   0100 74s00               807 	mov	a,#(_stunicast >> 8)
   0102 C0 E0               808 	push	acc
   0104 74 80               809 	mov	a,#0x80
   0106 C0 E0               810 	push	acc
   0108 E5*00               811 	mov	a,_bp
   010A 24 FC               812 	add	a,#0xfc
   010C F8                  813 	mov	r0,a
   010D E6                  814 	mov	a,@r0
   010E C0 E0               815 	push	acc
   0110 08                  816 	inc	r0
   0111 E6                  817 	mov	a,@r0
   0112 C0 E0               818 	push	acc
   0114 8D 82               819 	mov	dpl,r5
   0116 8E 83               820 	mov	dph,r6
   0118 8F F0               821 	mov	b,r7
   011A 12s00r00            822 	lcall	_unicast_open
   011D E5 81               823 	mov	a,sp
   011F 24 FB               824 	add	a,#0xfb
   0121 F5 81               825 	mov	sp,a
   0123 D0 05               826 	pop	ar5
   0125 D0 06               827 	pop	ar6
   0127 D0 07               828 	pop	ar7
                            829 ;	../../core/net/rime/stunicast.c:92: c->u = u;
   0129 74 2A               830 	mov	a,#0x2A
   012B 2D                  831 	add	a,r5
   012C FD                  832 	mov	r5,a
   012D E4                  833 	clr	a
   012E 3E                  834 	addc	a,r6
   012F FE                  835 	mov	r6,a
   0130 8D 82               836 	mov	dpl,r5
   0132 8E 83               837 	mov	dph,r6
   0134 8F F0               838 	mov	b,r7
   0136 E5*00               839 	mov	a,_bp
   0138 24 F9               840 	add	a,#0xf9
   013A F8                  841 	mov	r0,a
   013B E6                  842 	mov	a,@r0
   013C 12s00r00            843 	lcall	__gptrput
   013F A3                  844 	inc	dptr
   0140 08                  845 	inc	r0
   0141 E6                  846 	mov	a,@r0
   0142 12s00r00            847 	lcall	__gptrput
   0145 A3                  848 	inc	dptr
   0146 08                  849 	inc	r0
   0147 E6                  850 	mov	a,@r0
   0148 12s00r00            851 	lcall	__gptrput
   014B D0*00               852 	pop	_bp
   014D 22                  853 	ret
                            854 ;------------------------------------------------------------
                            855 ;Allocation info for local variables in function 'stunicast_close'
                            856 ;------------------------------------------------------------
                            857 ;c                         Allocated to registers r5 r6 r7 
                            858 ;------------------------------------------------------------
                            859 ;	../../core/net/rime/stunicast.c:96: stunicast_close(struct stunicast_conn *c)
                            860 ;	-----------------------------------------
                            861 ;	 function stunicast_close
                            862 ;	-----------------------------------------
   014E                     863 _stunicast_close:
                            864 ;	../../core/net/rime/stunicast.c:98: unicast_close(&c->c);
   014E AD 82               865 	mov	r5,dpl
   0150 AE 83               866 	mov	r6,dph
   0152 AF F0               867 	mov	r7,b
   0154 C0 07               868 	push	ar7
   0156 C0 06               869 	push	ar6
   0158 C0 05               870 	push	ar5
   015A 12s00r00            871 	lcall	_unicast_close
   015D D0 05               872 	pop	ar5
   015F D0 06               873 	pop	ar6
   0161 D0 07               874 	pop	ar7
                            875 ;	../../core/net/rime/stunicast.c:99: stunicast_cancel(c);
   0163 8D 82               876 	mov	dpl,r5
   0165 8E 83               877 	mov	dph,r6
   0167 8F F0               878 	mov	b,r7
   0169 02s03r8D            879 	ljmp	_stunicast_cancel
                            880 ;------------------------------------------------------------
                            881 ;Allocation info for local variables in function 'stunicast_receiver'
                            882 ;------------------------------------------------------------
                            883 ;c                         Allocated to registers r5 r6 r7 
                            884 ;------------------------------------------------------------
                            885 ;	../../core/net/rime/stunicast.c:103: stunicast_receiver(struct stunicast_conn *c)
                            886 ;	-----------------------------------------
                            887 ;	 function stunicast_receiver
                            888 ;	-----------------------------------------
   016C                     889 _stunicast_receiver:
   016C AD 82               890 	mov	r5,dpl
   016E AE 83               891 	mov	r6,dph
   0170 AF F0               892 	mov	r7,b
                            893 ;	../../core/net/rime/stunicast.c:105: return &c->receiver;
   0172 74 2D               894 	mov	a,#0x2D
   0174 2D                  895 	add	a,r5
   0175 FD                  896 	mov	r5,a
   0176 E4                  897 	clr	a
   0177 3E                  898 	addc	a,r6
   0178 FE                  899 	mov	r6,a
   0179 8D 82               900 	mov	dpl,r5
   017B 8E 83               901 	mov	dph,r6
   017D 8F F0               902 	mov	b,r7
   017F 22                  903 	ret
                            904 ;------------------------------------------------------------
                            905 ;Allocation info for local variables in function 'send'
                            906 ;------------------------------------------------------------
                            907 ;ptr                       Allocated to registers r5 r6 r7 
                            908 ;c                         Allocated to registers r5 r6 r7 
                            909 ;------------------------------------------------------------
                            910 ;	../../core/net/rime/stunicast.c:109: send(void *ptr)
                            911 ;	-----------------------------------------
                            912 ;	 function send
                            913 ;	-----------------------------------------
   0180                     914 _send:
   0180 AD 82               915 	mov	r5,dpl
   0182 AE 83               916 	mov	r6,dph
   0184 AF F0               917 	mov	r7,b
                            918 ;	../../core/net/rime/stunicast.c:111: struct stunicast_conn *c = ptr;
                            919 ;	../../core/net/rime/stunicast.c:116: if(c->buf) {
   0186 74 27               920 	mov	a,#0x27
   0188 2D                  921 	add	a,r5
   0189 FA                  922 	mov	r2,a
   018A E4                  923 	clr	a
   018B 3E                  924 	addc	a,r6
   018C FB                  925 	mov	r3,a
   018D 8F 04               926 	mov	ar4,r7
   018F 8A 82               927 	mov	dpl,r2
   0191 8B 83               928 	mov	dph,r3
   0193 8C F0               929 	mov	b,r4
   0195 12s00r00            930 	lcall	__gptrget
   0198 FA                  931 	mov	r2,a
   0199 A3                  932 	inc	dptr
   019A 12s00r00            933 	lcall	__gptrget
   019D FB                  934 	mov	r3,a
   019E A3                  935 	inc	dptr
   019F 12s00r00            936 	lcall	__gptrget
   01A2 FC                  937 	mov	r4,a
   01A3 EA                  938 	mov	a,r2
   01A4 4B                  939 	orl	a,r3
   01A5 60 53               940 	jz	00103$
                            941 ;	../../core/net/rime/stunicast.c:117: queuebuf_to_packetbuf(c->buf);
   01A7 8A 82               942 	mov	dpl,r2
   01A9 8B 83               943 	mov	dph,r3
   01AB 8C F0               944 	mov	b,r4
   01AD C0 07               945 	push	ar7
   01AF C0 06               946 	push	ar6
   01B1 C0 05               947 	push	ar5
   01B3 12s00r00            948 	lcall	_queuebuf_to_packetbuf
   01B6 D0 05               949 	pop	ar5
   01B8 D0 06               950 	pop	ar6
   01BA D0 07               951 	pop	ar7
                            952 ;	../../core/net/rime/stunicast.c:118: unicast_send(&c->c, &c->receiver);
   01BC 74 2D               953 	mov	a,#0x2D
   01BE 2D                  954 	add	a,r5
   01BF FA                  955 	mov	r2,a
   01C0 E4                  956 	clr	a
   01C1 3E                  957 	addc	a,r6
   01C2 FB                  958 	mov	r3,a
   01C3 8F 04               959 	mov	ar4,r7
   01C5 C0 07               960 	push	ar7
   01C7 C0 06               961 	push	ar6
   01C9 C0 05               962 	push	ar5
   01CB C0 02               963 	push	ar2
   01CD C0 03               964 	push	ar3
   01CF C0 04               965 	push	ar4
   01D1 8D 82               966 	mov	dpl,r5
   01D3 8E 83               967 	mov	dph,r6
   01D5 8F F0               968 	mov	b,r7
   01D7 12s00r00            969 	lcall	_unicast_send
   01DA 15 81               970 	dec	sp
   01DC 15 81               971 	dec	sp
   01DE 15 81               972 	dec	sp
   01E0 D0 05               973 	pop	ar5
   01E2 D0 06               974 	pop	ar6
   01E4 D0 07               975 	pop	ar7
                            976 ;	../../core/net/rime/stunicast.c:119: stunicast_set_timer(c, CLOCK_SECOND);
   01E6 74 80               977 	mov	a,#0x80
   01E8 C0 E0               978 	push	acc
   01EA E4                  979 	clr	a
   01EB C0 E0               980 	push	acc
   01ED 8D 82               981 	mov	dpl,r5
   01EF 8E 83               982 	mov	dph,r6
   01F1 8F F0               983 	mov	b,r7
   01F3 12s01rFB            984 	lcall	_stunicast_set_timer
   01F6 15 81               985 	dec	sp
   01F8 15 81               986 	dec	sp
   01FA                     987 00103$:
   01FA 22                  988 	ret
                            989 ;------------------------------------------------------------
                            990 ;Allocation info for local variables in function 'stunicast_set_timer'
                            991 ;------------------------------------------------------------
                            992 ;t                         Allocated to stack - _bp -4
                            993 ;c                         Allocated to registers r5 r6 r7 
                            994 ;------------------------------------------------------------
                            995 ;	../../core/net/rime/stunicast.c:127: stunicast_set_timer(struct stunicast_conn *c, clock_time_t t)
                            996 ;	-----------------------------------------
                            997 ;	 function stunicast_set_timer
                            998 ;	-----------------------------------------
   01FB                     999 _stunicast_set_timer:
   01FB C0*00              1000 	push	_bp
   01FD 85 81*00           1001 	mov	_bp,sp
   0200 AD 82              1002 	mov	r5,dpl
   0202 AE 83              1003 	mov	r6,dph
   0204 AF F0              1004 	mov	r7,b
                           1005 ;	../../core/net/rime/stunicast.c:129: ctimer_set(&c->t, t, send, c);
   0206 8D 02              1006 	mov	ar2,r5
   0208 8E 03              1007 	mov	ar3,r6
   020A 8F 04              1008 	mov	ar4,r7
   020C 74 12              1009 	mov	a,#0x12
   020E 2D                 1010 	add	a,r5
   020F FD                 1011 	mov	r5,a
   0210 E4                 1012 	clr	a
   0211 3E                 1013 	addc	a,r6
   0212 FE                 1014 	mov	r6,a
   0213 C0 02              1015 	push	ar2
   0215 C0 03              1016 	push	ar3
   0217 C0 04              1017 	push	ar4
   0219 74r80              1018 	mov	a,#_send
   021B C0 E0              1019 	push	acc
   021D 74s01              1020 	mov	a,#(_send >> 8)
   021F C0 E0              1021 	push	acc
   0221 E5*00              1022 	mov	a,_bp
   0223 24 FC              1023 	add	a,#0xfc
   0225 F8                 1024 	mov	r0,a
   0226 E6                 1025 	mov	a,@r0
   0227 C0 E0              1026 	push	acc
   0229 08                 1027 	inc	r0
   022A E6                 1028 	mov	a,@r0
   022B C0 E0              1029 	push	acc
   022D 8D 82              1030 	mov	dpl,r5
   022F 8E 83              1031 	mov	dph,r6
   0231 8F F0              1032 	mov	b,r7
   0233 12s00r00           1033 	lcall	_ctimer_set
   0236 E5 81              1034 	mov	a,sp
   0238 24 F9              1035 	add	a,#0xf9
   023A F5 81              1036 	mov	sp,a
   023C D0*00              1037 	pop	_bp
   023E 22                 1038 	ret
                           1039 ;------------------------------------------------------------
                           1040 ;Allocation info for local variables in function 'stunicast_send_stubborn'
                           1041 ;------------------------------------------------------------
                           1042 ;receiver                  Allocated to stack - _bp -5
                           1043 ;rxmittime                 Allocated to stack - _bp -7
                           1044 ;c                         Allocated to stack - _bp +1
                           1045 ;sloc0                     Allocated to stack - _bp +4
                           1046 ;------------------------------------------------------------
                           1047 ;	../../core/net/rime/stunicast.c:133: stunicast_send_stubborn(struct stunicast_conn *c, const rimeaddr_t *receiver,
                           1048 ;	-----------------------------------------
                           1049 ;	 function stunicast_send_stubborn
                           1050 ;	-----------------------------------------
   023F                    1051 _stunicast_send_stubborn:
   023F C0*00              1052 	push	_bp
   0241 85 81*00           1053 	mov	_bp,sp
   0244 C0 82              1054 	push	dpl
   0246 C0 83              1055 	push	dph
   0248 C0 F0              1056 	push	b
                           1057 ;	../../core/net/rime/stunicast.c:136: if(c->buf != NULL) {
   024A A8*00              1058 	mov	r0,_bp
   024C 08                 1059 	inc	r0
   024D 74 27              1060 	mov	a,#0x27
   024F 26                 1061 	add	a,@r0
   0250 FA                 1062 	mov	r2,a
   0251 E4                 1063 	clr	a
   0252 08                 1064 	inc	r0
   0253 36                 1065 	addc	a,@r0
   0254 FB                 1066 	mov	r3,a
   0255 08                 1067 	inc	r0
   0256 86 04              1068 	mov	ar4,@r0
   0258 8A 82              1069 	mov	dpl,r2
   025A 8B 83              1070 	mov	dph,r3
   025C 8C F0              1071 	mov	b,r4
   025E 12s00r00           1072 	lcall	__gptrget
   0261 FF                 1073 	mov	r7,a
   0262 A3                 1074 	inc	dptr
   0263 12s00r00           1075 	lcall	__gptrget
   0266 FE                 1076 	mov	r6,a
   0267 A3                 1077 	inc	dptr
   0268 12s00r00           1078 	lcall	__gptrget
   026B FD                 1079 	mov	r5,a
   026C EF                 1080 	mov	a,r7
   026D 4E                 1081 	orl	a,r6
   026E 60 15              1082 	jz	00102$
                           1083 ;	../../core/net/rime/stunicast.c:137: queuebuf_free(c->buf);
   0270 8F 82              1084 	mov	dpl,r7
   0272 8E 83              1085 	mov	dph,r6
   0274 8D F0              1086 	mov	b,r5
   0276 C0 04              1087 	push	ar4
   0278 C0 03              1088 	push	ar3
   027A C0 02              1089 	push	ar2
   027C 12s00r00           1090 	lcall	_queuebuf_free
   027F D0 02              1091 	pop	ar2
   0281 D0 03              1092 	pop	ar3
   0283 D0 04              1093 	pop	ar4
   0285                    1094 00102$:
                           1095 ;	../../core/net/rime/stunicast.c:139: c->buf = queuebuf_new_from_packetbuf();
   0285 C0 04              1096 	push	ar4
   0287 C0 03              1097 	push	ar3
   0289 C0 02              1098 	push	ar2
   028B 12s00r00           1099 	lcall	_queuebuf_new_from_packetbuf
   028E AD 82              1100 	mov	r5,dpl
   0290 AE 83              1101 	mov	r6,dph
   0292 AF F0              1102 	mov	r7,b
   0294 D0 02              1103 	pop	ar2
   0296 D0 03              1104 	pop	ar3
   0298 D0 04              1105 	pop	ar4
   029A 8A 82              1106 	mov	dpl,r2
   029C 8B 83              1107 	mov	dph,r3
   029E 8C F0              1108 	mov	b,r4
   02A0 ED                 1109 	mov	a,r5
   02A1 12s00r00           1110 	lcall	__gptrput
   02A4 A3                 1111 	inc	dptr
   02A5 EE                 1112 	mov	a,r6
   02A6 12s00r00           1113 	lcall	__gptrput
   02A9 A3                 1114 	inc	dptr
   02AA EF                 1115 	mov	a,r7
   02AB 12s00r00           1116 	lcall	__gptrput
                           1117 ;	../../core/net/rime/stunicast.c:140: if(c->buf == NULL) {
   02AE ED                 1118 	mov	a,r5
   02AF 4E                 1119 	orl	a,r6
   02B0 70 06              1120 	jnz	00104$
                           1121 ;	../../core/net/rime/stunicast.c:141: return 0;
   02B2 90 00 00           1122 	mov	dptr,#0x0000
   02B5 02s03r52           1123 	ljmp	00105$
   02B8                    1124 00104$:
                           1125 ;	../../core/net/rime/stunicast.c:143: rimeaddr_copy(&c->receiver, receiver);
   02B8 A8*00              1126 	mov	r0,_bp
   02BA 08                 1127 	inc	r0
   02BB 74 2D              1128 	mov	a,#0x2D
   02BD 26                 1129 	add	a,@r0
   02BE FD                 1130 	mov	r5,a
   02BF E4                 1131 	clr	a
   02C0 08                 1132 	inc	r0
   02C1 36                 1133 	addc	a,@r0
   02C2 FE                 1134 	mov	r6,a
   02C3 08                 1135 	inc	r0
   02C4 86 07              1136 	mov	ar7,@r0
   02C6 E5*00              1137 	mov	a,_bp
   02C8 24 FB              1138 	add	a,#0xfb
   02CA F8                 1139 	mov	r0,a
   02CB E6                 1140 	mov	a,@r0
   02CC C0 E0              1141 	push	acc
   02CE 08                 1142 	inc	r0
   02CF E6                 1143 	mov	a,@r0
   02D0 C0 E0              1144 	push	acc
   02D2 08                 1145 	inc	r0
   02D3 E6                 1146 	mov	a,@r0
   02D4 C0 E0              1147 	push	acc
   02D6 8D 82              1148 	mov	dpl,r5
   02D8 8E 83              1149 	mov	dph,r6
   02DA 8F F0              1150 	mov	b,r7
   02DC 12s00r00           1151 	lcall	_rimeaddr_copy
   02DF 15 81              1152 	dec	sp
   02E1 15 81              1153 	dec	sp
   02E3 15 81              1154 	dec	sp
                           1155 ;	../../core/net/rime/stunicast.c:144: ctimer_set(&c->t, rxmittime, send, c);
   02E5 A8*00              1156 	mov	r0,_bp
   02E7 08                 1157 	inc	r0
   02E8 86 05              1158 	mov	ar5,@r0
   02EA 08                 1159 	inc	r0
   02EB 86 06              1160 	mov	ar6,@r0
   02ED 08                 1161 	inc	r0
   02EE 86 07              1162 	mov	ar7,@r0
   02F0 A8*00              1163 	mov	r0,_bp
   02F2 08                 1164 	inc	r0
   02F3 74 12              1165 	mov	a,#0x12
   02F5 26                 1166 	add	a,@r0
   02F6 FA                 1167 	mov	r2,a
   02F7 E4                 1168 	clr	a
   02F8 08                 1169 	inc	r0
   02F9 36                 1170 	addc	a,@r0
   02FA FB                 1171 	mov	r3,a
   02FB 08                 1172 	inc	r0
   02FC 86 04              1173 	mov	ar4,@r0
   02FE C0 05              1174 	push	ar5
   0300 C0 06              1175 	push	ar6
   0302 C0 07              1176 	push	ar7
   0304 74r80              1177 	mov	a,#_send
   0306 C0 E0              1178 	push	acc
   0308 74s01              1179 	mov	a,#(_send >> 8)
   030A C0 E0              1180 	push	acc
   030C E5*00              1181 	mov	a,_bp
   030E 24 F9              1182 	add	a,#0xf9
   0310 F8                 1183 	mov	r0,a
   0311 E6                 1184 	mov	a,@r0
   0312 C0 E0              1185 	push	acc
   0314 08                 1186 	inc	r0
   0315 E6                 1187 	mov	a,@r0
   0316 C0 E0              1188 	push	acc
   0318 8A 82              1189 	mov	dpl,r2
   031A 8B 83              1190 	mov	dph,r3
   031C 8C F0              1191 	mov	b,r4
   031E 12s00r00           1192 	lcall	_ctimer_set
   0321 E5 81              1193 	mov	a,sp
   0323 24 F9              1194 	add	a,#0xf9
   0325 F5 81              1195 	mov	sp,a
                           1196 ;	../../core/net/rime/stunicast.c:149: unicast_send(&c->c, &c->receiver);
   0327 A8*00              1197 	mov	r0,_bp
   0329 08                 1198 	inc	r0
   032A 74 2D              1199 	mov	a,#0x2D
   032C 26                 1200 	add	a,@r0
   032D FD                 1201 	mov	r5,a
   032E E4                 1202 	clr	a
   032F 08                 1203 	inc	r0
   0330 36                 1204 	addc	a,@r0
   0331 FE                 1205 	mov	r6,a
   0332 08                 1206 	inc	r0
   0333 86 07              1207 	mov	ar7,@r0
   0335 C0 05              1208 	push	ar5
   0337 C0 06              1209 	push	ar6
   0339 C0 07              1210 	push	ar7
   033B A8*00              1211 	mov	r0,_bp
   033D 08                 1212 	inc	r0
   033E 86 82              1213 	mov	dpl,@r0
   0340 08                 1214 	inc	r0
   0341 86 83              1215 	mov	dph,@r0
   0343 08                 1216 	inc	r0
   0344 86 F0              1217 	mov	b,@r0
   0346 12s00r00           1218 	lcall	_unicast_send
   0349 15 81              1219 	dec	sp
   034B 15 81              1220 	dec	sp
   034D 15 81              1221 	dec	sp
                           1222 ;	../../core/net/rime/stunicast.c:154: return 1;
   034F 90 00 01           1223 	mov	dptr,#0x0001
   0352                    1224 00105$:
   0352 85*00 81           1225 	mov	sp,_bp
   0355 D0*00              1226 	pop	_bp
   0357 22                 1227 	ret
                           1228 ;------------------------------------------------------------
                           1229 ;Allocation info for local variables in function 'stunicast_send'
                           1230 ;------------------------------------------------------------
                           1231 ;receiver                  Allocated to stack - _bp -5
                           1232 ;c                         Allocated to registers r5 r6 r7 
                           1233 ;------------------------------------------------------------
                           1234 ;	../../core/net/rime/stunicast.c:159: stunicast_send(struct stunicast_conn *c, const rimeaddr_t *receiver)
                           1235 ;	-----------------------------------------
                           1236 ;	 function stunicast_send
                           1237 ;	-----------------------------------------
   0358                    1238 _stunicast_send:
   0358 C0*00              1239 	push	_bp
   035A 85 81*00           1240 	mov	_bp,sp
   035D AD 82              1241 	mov	r5,dpl
   035F AE 83              1242 	mov	r6,dph
   0361 AF F0              1243 	mov	r7,b
                           1244 ;	../../core/net/rime/stunicast.c:164: return unicast_send(&c->c, receiver);
   0363 E5*00              1245 	mov	a,_bp
   0365 24 FB              1246 	add	a,#0xfb
   0367 F8                 1247 	mov	r0,a
   0368 E6                 1248 	mov	a,@r0
   0369 C0 E0              1249 	push	acc
   036B 08                 1250 	inc	r0
   036C E6                 1251 	mov	a,@r0
   036D C0 E0              1252 	push	acc
   036F 08                 1253 	inc	r0
   0370 E6                 1254 	mov	a,@r0
   0371 C0 E0              1255 	push	acc
   0373 8D 82              1256 	mov	dpl,r5
   0375 8E 83              1257 	mov	dph,r6
   0377 8F F0              1258 	mov	b,r7
   0379 12s00r00           1259 	lcall	_unicast_send
   037C AE 82              1260 	mov	r6,dpl
   037E AF 83              1261 	mov	r7,dph
   0380 15 81              1262 	dec	sp
   0382 15 81              1263 	dec	sp
   0384 15 81              1264 	dec	sp
   0386 8E 82              1265 	mov	dpl,r6
   0388 8F 83              1266 	mov	dph,r7
   038A D0*00              1267 	pop	_bp
   038C 22                 1268 	ret
                           1269 ;------------------------------------------------------------
                           1270 ;Allocation info for local variables in function 'stunicast_cancel'
                           1271 ;------------------------------------------------------------
                           1272 ;c                         Allocated to registers r5 r6 r7 
                           1273 ;------------------------------------------------------------
                           1274 ;	../../core/net/rime/stunicast.c:168: stunicast_cancel(struct stunicast_conn *c)
                           1275 ;	-----------------------------------------
                           1276 ;	 function stunicast_cancel
                           1277 ;	-----------------------------------------
   038D                    1278 _stunicast_cancel:
   038D AD 82              1279 	mov	r5,dpl
   038F AE 83              1280 	mov	r6,dph
   0391 AF F0              1281 	mov	r7,b
                           1282 ;	../../core/net/rime/stunicast.c:170: ctimer_stop(&c->t);
   0393 74 12              1283 	mov	a,#0x12
   0395 2D                 1284 	add	a,r5
   0396 FA                 1285 	mov	r2,a
   0397 E4                 1286 	clr	a
   0398 3E                 1287 	addc	a,r6
   0399 FB                 1288 	mov	r3,a
   039A 8F 04              1289 	mov	ar4,r7
   039C 8A 82              1290 	mov	dpl,r2
   039E 8B 83              1291 	mov	dph,r3
   03A0 8C F0              1292 	mov	b,r4
   03A2 C0 07              1293 	push	ar7
   03A4 C0 06              1294 	push	ar6
   03A6 C0 05              1295 	push	ar5
   03A8 12s00r00           1296 	lcall	_ctimer_stop
   03AB D0 05              1297 	pop	ar5
   03AD D0 06              1298 	pop	ar6
   03AF D0 07              1299 	pop	ar7
                           1300 ;	../../core/net/rime/stunicast.c:171: if(c->buf != NULL) {
   03B1 74 27              1301 	mov	a,#0x27
   03B3 2D                 1302 	add	a,r5
   03B4 FD                 1303 	mov	r5,a
   03B5 E4                 1304 	clr	a
   03B6 3E                 1305 	addc	a,r6
   03B7 FE                 1306 	mov	r6,a
   03B8 8D 82              1307 	mov	dpl,r5
   03BA 8E 83              1308 	mov	dph,r6
   03BC 8F F0              1309 	mov	b,r7
   03BE 12s00r00           1310 	lcall	__gptrget
   03C1 FA                 1311 	mov	r2,a
   03C2 A3                 1312 	inc	dptr
   03C3 12s00r00           1313 	lcall	__gptrget
   03C6 FB                 1314 	mov	r3,a
   03C7 A3                 1315 	inc	dptr
   03C8 12s00r00           1316 	lcall	__gptrget
   03CB FC                 1317 	mov	r4,a
   03CC EA                 1318 	mov	a,r2
   03CD 4B                 1319 	orl	a,r3
   03CE 60 29              1320 	jz	00103$
                           1321 ;	../../core/net/rime/stunicast.c:172: queuebuf_free(c->buf);
   03D0 8A 82              1322 	mov	dpl,r2
   03D2 8B 83              1323 	mov	dph,r3
   03D4 8C F0              1324 	mov	b,r4
   03D6 C0 07              1325 	push	ar7
   03D8 C0 06              1326 	push	ar6
   03DA C0 05              1327 	push	ar5
   03DC 12s00r00           1328 	lcall	_queuebuf_free
   03DF D0 05              1329 	pop	ar5
   03E1 D0 06              1330 	pop	ar6
   03E3 D0 07              1331 	pop	ar7
                           1332 ;	../../core/net/rime/stunicast.c:173: c->buf = NULL;
   03E5 8D 82              1333 	mov	dpl,r5
   03E7 8E 83              1334 	mov	dph,r6
   03E9 8F F0              1335 	mov	b,r7
   03EB E4                 1336 	clr	a
   03EC 12s00r00           1337 	lcall	__gptrput
   03EF A3                 1338 	inc	dptr
   03F0 E4                 1339 	clr	a
   03F1 12s00r00           1340 	lcall	__gptrput
   03F4 A3                 1341 	inc	dptr
   03F5 E4                 1342 	clr	a
   03F6 02s00r00           1343 	ljmp	__gptrput
   03F9                    1344 00103$:
   03F9 22                 1345 	ret
                           1346 	.area CSEG    (CODE)
                           1347 	.area CONST   (CODE)
   0000                    1348 _stunicast:
   0000r00s00              1349 	.byte _recv_from_uc,(_recv_from_uc >> 8)
   0002r6Es00              1350 	.byte _sent_by_uc,(_sent_by_uc >> 8)
                           1351 	.area XINIT   (CODE)
                           1352 	.area CABS    (ABS,CODE)
