                              1 ;--------------------------------------------------------
                              2 ; File Created by SDCC : free open source ANSI-C Compiler
                              3 ; Version 3.1.1 #7100 (Apr  1 2013) (Linux)
                              4 ; This file was generated Tue Apr 23 09:41:25 2013
                              5 ;--------------------------------------------------------
                              6 	.module uip_debug
                              7 	.optsdcc -mmcs51 --model-large
                              8 	
                              9 ;--------------------------------------------------------
                             10 ; Public variables in this module
                             11 ;--------------------------------------------------------
                             12 	.globl _printf
                             13 	.globl _IRCON2_P2IF
                             14 	.globl _IRCON2_UTX0IF
                             15 	.globl _IRCON2_UTX1IF
                             16 	.globl _IRCON2_P1IF
                             17 	.globl _IRCON2_WDTIF
                             18 	.globl _CY
                             19 	.globl _AC
                             20 	.globl _F0
                             21 	.globl _RS1
                             22 	.globl _RS0
                             23 	.globl _OV
                             24 	.globl _F1
                             25 	.globl _P
                             26 	.globl _IRCON_DMAIF
                             27 	.globl _IRCON_T1IF
                             28 	.globl _IRCON_T2IF
                             29 	.globl _IRCON_T3IF
                             30 	.globl _IRCON_T4IF
                             31 	.globl _IRCON_P0IF
                             32 	.globl _IRCON_STIF
                             33 	.globl _IEN1_DMAIE
                             34 	.globl _IEN1_T1IE
                             35 	.globl _IEN1_T2IE
                             36 	.globl _IEN1_T3IE
                             37 	.globl _IEN1_T4IE
                             38 	.globl _IEN1_P0IE
                             39 	.globl _IEN0_RFERRIE
                             40 	.globl _IEN0_ADCIE
                             41 	.globl _IEN0_URX0IE
                             42 	.globl _IEN0_URX1IE
                             43 	.globl _IEN0_ENCIE
                             44 	.globl _IEN0_STIE
                             45 	.globl _IEN0_EA
                             46 	.globl _EA
                             47 	.globl _P2_4
                             48 	.globl _P2_3
                             49 	.globl _P2_2
                             50 	.globl _P2_1
                             51 	.globl _P2_0
                             52 	.globl _S0CON_ENCIF_0
                             53 	.globl _S0CON_ENCIF_1
                             54 	.globl _P1_7
                             55 	.globl _P1_6
                             56 	.globl _P1_5
                             57 	.globl _P1_4
                             58 	.globl _P1_3
                             59 	.globl _P1_2
                             60 	.globl _P1_1
                             61 	.globl _P1_0
                             62 	.globl _TCON_IT0
                             63 	.globl _TCON_RFERRIF
                             64 	.globl _TCON_IT1
                             65 	.globl _TCON_URX0IF
                             66 	.globl _TCON_ADCIF
                             67 	.globl _TCON_URX1IF
                             68 	.globl _P0_0
                             69 	.globl _P0_1
                             70 	.globl _P0_2
                             71 	.globl _P0_3
                             72 	.globl _P0_4
                             73 	.globl _P0_5
                             74 	.globl _P0_6
                             75 	.globl _P0_7
                             76 	.globl _P2DIR
                             77 	.globl _P1DIR
                             78 	.globl _P0DIR
                             79 	.globl _U1GCR
                             80 	.globl _U1UCR
                             81 	.globl _U1BAUD
                             82 	.globl _U1BUF
                             83 	.globl _U1CSR
                             84 	.globl _P2INP
                             85 	.globl _P1INP
                             86 	.globl _P2SEL
                             87 	.globl _P1SEL
                             88 	.globl _P0SEL
                             89 	.globl _ADCCFG
                             90 	.globl _PERCFG
                             91 	.globl _B
                             92 	.globl _T4CC1
                             93 	.globl _T4CCTL1
                             94 	.globl _T4CC0
                             95 	.globl _T4CCTL0
                             96 	.globl _T4CTL
                             97 	.globl _T4CNT
                             98 	.globl _RFIF
                             99 	.globl _IRCON2
                            100 	.globl _T1CCTL2
                            101 	.globl _T1CCTL1
                            102 	.globl _T1CCTL0
                            103 	.globl _T1CTL
                            104 	.globl _T1CNTH
                            105 	.globl _T1CNTL
                            106 	.globl _RFST
                            107 	.globl _ACC
                            108 	.globl _T1CC2H
                            109 	.globl _T1CC2L
                            110 	.globl _T1CC1H
                            111 	.globl _T1CC1L
                            112 	.globl _T1CC0H
                            113 	.globl _T1CC0L
                            114 	.globl _RFD
                            115 	.globl _TIMIF
                            116 	.globl _DMAREQ
                            117 	.globl _DMAARM
                            118 	.globl _DMA0CFGH
                            119 	.globl _DMA0CFGL
                            120 	.globl _DMA1CFGH
                            121 	.globl _DMA1CFGL
                            122 	.globl _DMAIRQ
                            123 	.globl _PSW
                            124 	.globl _T3CC1
                            125 	.globl _T3CCTL1
                            126 	.globl _T3CC0
                            127 	.globl _T3CCTL0
                            128 	.globl _T3CTL
                            129 	.globl _T3CNT
                            130 	.globl _WDCTL
                            131 	.globl _T2CON
                            132 	.globl _MEMCTR
                            133 	.globl _CLKCON
                            134 	.globl _U0GCR
                            135 	.globl _U0UCR
                            136 	.globl _T2CNF
                            137 	.globl _U0BAUD
                            138 	.globl _U0BUF
                            139 	.globl _IRCON
                            140 	.globl _SLEEP
                            141 	.globl _RNDH
                            142 	.globl _RNDL
                            143 	.globl _ADCH
                            144 	.globl _ADCL
                            145 	.globl _IP1
                            146 	.globl _IEN1
                            147 	.globl _RCCTL
                            148 	.globl _ADCCON3
                            149 	.globl _ADCCON2
                            150 	.globl _ADCCON1
                            151 	.globl _ENCCS
                            152 	.globl _ENCDO
                            153 	.globl _ENCDI
                            154 	.globl _FWDATA
                            155 	.globl _FCTL
                            156 	.globl _FADDRH
                            157 	.globl _FADDRL
                            158 	.globl _FWT
                            159 	.globl _IP0
                            160 	.globl _IEN0
                            161 	.globl _IE
                            162 	.globl _T2THD
                            163 	.globl _T2TLD
                            164 	.globl _T2CAPHPH
                            165 	.globl _T2CAPLPL
                            166 	.globl _T2OF2
                            167 	.globl _T2OF1
                            168 	.globl _T2OF0
                            169 	.globl _P2
                            170 	.globl _PSBANK
                            171 	.globl _FMAP
                            172 	.globl _T2PEROF2
                            173 	.globl _T2PEROF1
                            174 	.globl _T2PEROF0
                            175 	.globl _S1CON
                            176 	.globl _IEN2
                            177 	.globl _HSRC
                            178 	.globl _S0CON
                            179 	.globl _ST2
                            180 	.globl _ST1
                            181 	.globl _ST0
                            182 	.globl _T2CMP
                            183 	.globl __XPAGE
                            184 	.globl _DPS
                            185 	.globl _RFIM
                            186 	.globl _P1
                            187 	.globl _P0INP
                            188 	.globl _P1IEN
                            189 	.globl _PICTL
                            190 	.globl _P2IFG
                            191 	.globl _P1IFG
                            192 	.globl _P0IFG
                            193 	.globl _TCON
                            194 	.globl _PCON
                            195 	.globl _U0CSR
                            196 	.globl _DPH1
                            197 	.globl _DPL1
                            198 	.globl _DPH0
                            199 	.globl _DPL0
                            200 	.globl _SP
                            201 	.globl _P0
                            202 	.globl _ADC_SHADOW
                            203 	.globl _U1BUF_SHADOW
                            204 	.globl _RFD_SHADOW
                            205 	.globl _U0BUF_SHADOW
                            206 	.globl _RFSTATUS
                            207 	.globl _CHIPID
                            208 	.globl _CHVER
                            209 	.globl _FSMTC1
                            210 	.globl _RXFIFOCNT
                            211 	.globl _IOCFG3
                            212 	.globl _IOCFG2
                            213 	.globl _IOCFG1
                            214 	.globl _IOCFG0
                            215 	.globl _SHORTADDRL
                            216 	.globl _SHORTADDRH
                            217 	.globl _PANIDL
                            218 	.globl _PANIDH
                            219 	.globl _IEEE_ADDR7
                            220 	.globl _IEEE_ADDR6
                            221 	.globl _IEEE_ADDR5
                            222 	.globl _IEEE_ADDR4
                            223 	.globl _IEEE_ADDR3
                            224 	.globl _IEEE_ADDR2
                            225 	.globl _IEEE_ADDR1
                            226 	.globl _IEEE_ADDR0
                            227 	.globl _DACTSTL
                            228 	.globl _DACTSTH
                            229 	.globl _ADCTSTL
                            230 	.globl _ADCTSTH
                            231 	.globl _FSMSTATE
                            232 	.globl _AGCCTRLL
                            233 	.globl _AGCCTRLH
                            234 	.globl _MANORL
                            235 	.globl _MANORH
                            236 	.globl _MANANDL
                            237 	.globl _MANANDH
                            238 	.globl _FSMTCL
                            239 	.globl _FSMTCH
                            240 	.globl _RFPWR
                            241 	.globl _CSPT
                            242 	.globl _CSPCTRL
                            243 	.globl _CSPZ
                            244 	.globl _CSPY
                            245 	.globl _CSPX
                            246 	.globl _FSCTRLL
                            247 	.globl _FSCTRLH
                            248 	.globl _RXCTRL1L
                            249 	.globl _RXCTRL1H
                            250 	.globl _RXCTRL0L
                            251 	.globl _RXCTRL0H
                            252 	.globl _TXCTRLL
                            253 	.globl _TXCTRLH
                            254 	.globl _SYNCWORDL
                            255 	.globl _SYNCWORDH
                            256 	.globl _RSSIL
                            257 	.globl _RSSIH
                            258 	.globl _MDMCTRL1L
                            259 	.globl _MDMCTRL1H
                            260 	.globl _MDMCTRL0L
                            261 	.globl _MDMCTRL0H
                            262 	.globl _uip_debug_ipaddr_print
                            263 	.globl _uip_debug_lladdr_print
                            264 ;--------------------------------------------------------
                            265 ; special function registers
                            266 ;--------------------------------------------------------
                            267 	.area RSEG    (ABS,DATA)
   0000                     268 	.org 0x0000
                    0080    269 _P0	=	0x0080
                    0081    270 _SP	=	0x0081
                    0082    271 _DPL0	=	0x0082
                    0083    272 _DPH0	=	0x0083
                    0084    273 _DPL1	=	0x0084
                    0085    274 _DPH1	=	0x0085
                    0086    275 _U0CSR	=	0x0086
                    0087    276 _PCON	=	0x0087
                    0088    277 _TCON	=	0x0088
                    0089    278 _P0IFG	=	0x0089
                    008A    279 _P1IFG	=	0x008a
                    008B    280 _P2IFG	=	0x008b
                    008C    281 _PICTL	=	0x008c
                    008D    282 _P1IEN	=	0x008d
                    008F    283 _P0INP	=	0x008f
                    0090    284 _P1	=	0x0090
                    0091    285 _RFIM	=	0x0091
                    0092    286 _DPS	=	0x0092
                    0093    287 __XPAGE	=	0x0093
                    0094    288 _T2CMP	=	0x0094
                    0095    289 _ST0	=	0x0095
                    0096    290 _ST1	=	0x0096
                    0097    291 _ST2	=	0x0097
                    0098    292 _S0CON	=	0x0098
                    0099    293 _HSRC	=	0x0099
                    009A    294 _IEN2	=	0x009a
                    009B    295 _S1CON	=	0x009b
                    009C    296 _T2PEROF0	=	0x009c
                    009D    297 _T2PEROF1	=	0x009d
                    009E    298 _T2PEROF2	=	0x009e
                    009F    299 _FMAP	=	0x009f
                    009F    300 _PSBANK	=	0x009f
                    00A0    301 _P2	=	0x00a0
                    00A1    302 _T2OF0	=	0x00a1
                    00A2    303 _T2OF1	=	0x00a2
                    00A3    304 _T2OF2	=	0x00a3
                    00A4    305 _T2CAPLPL	=	0x00a4
                    00A5    306 _T2CAPHPH	=	0x00a5
                    00A6    307 _T2TLD	=	0x00a6
                    00A7    308 _T2THD	=	0x00a7
                    00A8    309 _IE	=	0x00a8
                    00A8    310 _IEN0	=	0x00a8
                    00A9    311 _IP0	=	0x00a9
                    00AB    312 _FWT	=	0x00ab
                    00AC    313 _FADDRL	=	0x00ac
                    00AD    314 _FADDRH	=	0x00ad
                    00AE    315 _FCTL	=	0x00ae
                    00AF    316 _FWDATA	=	0x00af
                    00B1    317 _ENCDI	=	0x00b1
                    00B2    318 _ENCDO	=	0x00b2
                    00B3    319 _ENCCS	=	0x00b3
                    00B4    320 _ADCCON1	=	0x00b4
                    00B5    321 _ADCCON2	=	0x00b5
                    00B6    322 _ADCCON3	=	0x00b6
                    00B7    323 _RCCTL	=	0x00b7
                    00B8    324 _IEN1	=	0x00b8
                    00B9    325 _IP1	=	0x00b9
                    00BA    326 _ADCL	=	0x00ba
                    00BB    327 _ADCH	=	0x00bb
                    00BC    328 _RNDL	=	0x00bc
                    00BD    329 _RNDH	=	0x00bd
                    00BE    330 _SLEEP	=	0x00be
                    00C0    331 _IRCON	=	0x00c0
                    00C1    332 _U0BUF	=	0x00c1
                    00C2    333 _U0BAUD	=	0x00c2
                    00C3    334 _T2CNF	=	0x00c3
                    00C4    335 _U0UCR	=	0x00c4
                    00C5    336 _U0GCR	=	0x00c5
                    00C6    337 _CLKCON	=	0x00c6
                    00C7    338 _MEMCTR	=	0x00c7
                    00C8    339 _T2CON	=	0x00c8
                    00C9    340 _WDCTL	=	0x00c9
                    00CA    341 _T3CNT	=	0x00ca
                    00CB    342 _T3CTL	=	0x00cb
                    00CC    343 _T3CCTL0	=	0x00cc
                    00CD    344 _T3CC0	=	0x00cd
                    00CE    345 _T3CCTL1	=	0x00ce
                    00CF    346 _T3CC1	=	0x00cf
                    00D0    347 _PSW	=	0x00d0
                    00D1    348 _DMAIRQ	=	0x00d1
                    00D2    349 _DMA1CFGL	=	0x00d2
                    00D3    350 _DMA1CFGH	=	0x00d3
                    00D4    351 _DMA0CFGL	=	0x00d4
                    00D5    352 _DMA0CFGH	=	0x00d5
                    00D6    353 _DMAARM	=	0x00d6
                    00D7    354 _DMAREQ	=	0x00d7
                    00D8    355 _TIMIF	=	0x00d8
                    00D9    356 _RFD	=	0x00d9
                    00DA    357 _T1CC0L	=	0x00da
                    00DB    358 _T1CC0H	=	0x00db
                    00DC    359 _T1CC1L	=	0x00dc
                    00DD    360 _T1CC1H	=	0x00dd
                    00DE    361 _T1CC2L	=	0x00de
                    00DF    362 _T1CC2H	=	0x00df
                    00E0    363 _ACC	=	0x00e0
                    00E1    364 _RFST	=	0x00e1
                    00E2    365 _T1CNTL	=	0x00e2
                    00E3    366 _T1CNTH	=	0x00e3
                    00E4    367 _T1CTL	=	0x00e4
                    00E5    368 _T1CCTL0	=	0x00e5
                    00E6    369 _T1CCTL1	=	0x00e6
                    00E7    370 _T1CCTL2	=	0x00e7
                    00E8    371 _IRCON2	=	0x00e8
                    00E9    372 _RFIF	=	0x00e9
                    00EA    373 _T4CNT	=	0x00ea
                    00EB    374 _T4CTL	=	0x00eb
                    00EC    375 _T4CCTL0	=	0x00ec
                    00ED    376 _T4CC0	=	0x00ed
                    00EE    377 _T4CCTL1	=	0x00ee
                    00EF    378 _T4CC1	=	0x00ef
                    00F0    379 _B	=	0x00f0
                    00F1    380 _PERCFG	=	0x00f1
                    00F2    381 _ADCCFG	=	0x00f2
                    00F3    382 _P0SEL	=	0x00f3
                    00F4    383 _P1SEL	=	0x00f4
                    00F5    384 _P2SEL	=	0x00f5
                    00F6    385 _P1INP	=	0x00f6
                    00F7    386 _P2INP	=	0x00f7
                    00F8    387 _U1CSR	=	0x00f8
                    00F9    388 _U1BUF	=	0x00f9
                    00FA    389 _U1BAUD	=	0x00fa
                    00FB    390 _U1UCR	=	0x00fb
                    00FC    391 _U1GCR	=	0x00fc
                    00FD    392 _P0DIR	=	0x00fd
                    00FE    393 _P1DIR	=	0x00fe
                    00FF    394 _P2DIR	=	0x00ff
                            395 ;--------------------------------------------------------
                            396 ; special function bits
                            397 ;--------------------------------------------------------
                            398 	.area RSEG    (ABS,DATA)
   0000                     399 	.org 0x0000
                    0087    400 _P0_7	=	0x0087
                    0086    401 _P0_6	=	0x0086
                    0085    402 _P0_5	=	0x0085
                    0084    403 _P0_4	=	0x0084
                    0083    404 _P0_3	=	0x0083
                    0082    405 _P0_2	=	0x0082
                    0081    406 _P0_1	=	0x0081
                    0080    407 _P0_0	=	0x0080
                    008F    408 _TCON_URX1IF	=	0x008f
                    008D    409 _TCON_ADCIF	=	0x008d
                    008B    410 _TCON_URX0IF	=	0x008b
                    008A    411 _TCON_IT1	=	0x008a
                    0089    412 _TCON_RFERRIF	=	0x0089
                    0088    413 _TCON_IT0	=	0x0088
                    0090    414 _P1_0	=	0x0090
                    0091    415 _P1_1	=	0x0091
                    0092    416 _P1_2	=	0x0092
                    0093    417 _P1_3	=	0x0093
                    0094    418 _P1_4	=	0x0094
                    0095    419 _P1_5	=	0x0095
                    0096    420 _P1_6	=	0x0096
                    0097    421 _P1_7	=	0x0097
                    0099    422 _S0CON_ENCIF_1	=	0x0099
                    0098    423 _S0CON_ENCIF_0	=	0x0098
                    00A0    424 _P2_0	=	0x00a0
                    00A1    425 _P2_1	=	0x00a1
                    00A2    426 _P2_2	=	0x00a2
                    00A3    427 _P2_3	=	0x00a3
                    00A4    428 _P2_4	=	0x00a4
                    00AF    429 _EA	=	0x00af
                    00AF    430 _IEN0_EA	=	0x00af
                    00AD    431 _IEN0_STIE	=	0x00ad
                    00AC    432 _IEN0_ENCIE	=	0x00ac
                    00AB    433 _IEN0_URX1IE	=	0x00ab
                    00AA    434 _IEN0_URX0IE	=	0x00aa
                    00A9    435 _IEN0_ADCIE	=	0x00a9
                    00A8    436 _IEN0_RFERRIE	=	0x00a8
                    00BD    437 _IEN1_P0IE	=	0x00bd
                    00BC    438 _IEN1_T4IE	=	0x00bc
                    00BB    439 _IEN1_T3IE	=	0x00bb
                    00BA    440 _IEN1_T2IE	=	0x00ba
                    00B9    441 _IEN1_T1IE	=	0x00b9
                    00B8    442 _IEN1_DMAIE	=	0x00b8
                    00C7    443 _IRCON_STIF	=	0x00c7
                    00C5    444 _IRCON_P0IF	=	0x00c5
                    00C4    445 _IRCON_T4IF	=	0x00c4
                    00C3    446 _IRCON_T3IF	=	0x00c3
                    00C2    447 _IRCON_T2IF	=	0x00c2
                    00C1    448 _IRCON_T1IF	=	0x00c1
                    00C0    449 _IRCON_DMAIF	=	0x00c0
                    00D0    450 _P	=	0x00d0
                    00D1    451 _F1	=	0x00d1
                    00D2    452 _OV	=	0x00d2
                    00D3    453 _RS0	=	0x00d3
                    00D4    454 _RS1	=	0x00d4
                    00D5    455 _F0	=	0x00d5
                    00D6    456 _AC	=	0x00d6
                    00D7    457 _CY	=	0x00d7
                    00EC    458 _IRCON2_WDTIF	=	0x00ec
                    00EB    459 _IRCON2_P1IF	=	0x00eb
                    00EA    460 _IRCON2_UTX1IF	=	0x00ea
                    00E9    461 _IRCON2_UTX0IF	=	0x00e9
                    00E8    462 _IRCON2_P2IF	=	0x00e8
                            463 ;--------------------------------------------------------
                            464 ; overlayable register banks
                            465 ;--------------------------------------------------------
                            466 	.area REG_BANK_0	(REL,OVR,DATA)
   0000                     467 	.ds 8
                            468 ;--------------------------------------------------------
                            469 ; internal ram data
                            470 ;--------------------------------------------------------
                            471 	.area DSEG    (DATA)
                            472 ;--------------------------------------------------------
                            473 ; overlayable items in internal ram 
                            474 ;--------------------------------------------------------
                            475 	.area OSEG    (OVR,DATA)
                            476 ;--------------------------------------------------------
                            477 ; indirectly addressable internal ram data
                            478 ;--------------------------------------------------------
                            479 	.area ISEG    (DATA)
                            480 ;--------------------------------------------------------
                            481 ; absolute internal ram data
                            482 ;--------------------------------------------------------
                            483 	.area IABS    (ABS,DATA)
                            484 	.area IABS    (ABS,DATA)
                            485 ;--------------------------------------------------------
                            486 ; bit data
                            487 ;--------------------------------------------------------
                            488 	.area BSEG    (BIT)
                            489 ;--------------------------------------------------------
                            490 ; paged external ram data
                            491 ;--------------------------------------------------------
                            492 	.area PSEG    (PAG,XDATA)
                            493 ;--------------------------------------------------------
                            494 ; external ram data
                            495 ;--------------------------------------------------------
                            496 	.area XSEG    (XDATA)
                    DF02    497 _MDMCTRL0H	=	0xdf02
                    DF03    498 _MDMCTRL0L	=	0xdf03
                    DF04    499 _MDMCTRL1H	=	0xdf04
                    DF05    500 _MDMCTRL1L	=	0xdf05
                    DF06    501 _RSSIH	=	0xdf06
                    DF07    502 _RSSIL	=	0xdf07
                    DF08    503 _SYNCWORDH	=	0xdf08
                    DF09    504 _SYNCWORDL	=	0xdf09
                    DF0A    505 _TXCTRLH	=	0xdf0a
                    DF0B    506 _TXCTRLL	=	0xdf0b
                    DF0C    507 _RXCTRL0H	=	0xdf0c
                    DF0D    508 _RXCTRL0L	=	0xdf0d
                    DF0E    509 _RXCTRL1H	=	0xdf0e
                    DF0F    510 _RXCTRL1L	=	0xdf0f
                    DF10    511 _FSCTRLH	=	0xdf10
                    DF11    512 _FSCTRLL	=	0xdf11
                    DF12    513 _CSPX	=	0xdf12
                    DF13    514 _CSPY	=	0xdf13
                    DF14    515 _CSPZ	=	0xdf14
                    DF15    516 _CSPCTRL	=	0xdf15
                    DF16    517 _CSPT	=	0xdf16
                    DF17    518 _RFPWR	=	0xdf17
                    DF20    519 _FSMTCH	=	0xdf20
                    DF21    520 _FSMTCL	=	0xdf21
                    DF22    521 _MANANDH	=	0xdf22
                    DF23    522 _MANANDL	=	0xdf23
                    DF24    523 _MANORH	=	0xdf24
                    DF25    524 _MANORL	=	0xdf25
                    DF26    525 _AGCCTRLH	=	0xdf26
                    DF27    526 _AGCCTRLL	=	0xdf27
                    DF39    527 _FSMSTATE	=	0xdf39
                    DF3A    528 _ADCTSTH	=	0xdf3a
                    DF3B    529 _ADCTSTL	=	0xdf3b
                    DF3C    530 _DACTSTH	=	0xdf3c
                    DF3D    531 _DACTSTL	=	0xdf3d
                    DF43    532 _IEEE_ADDR0	=	0xdf43
                    DF44    533 _IEEE_ADDR1	=	0xdf44
                    DF45    534 _IEEE_ADDR2	=	0xdf45
                    DF46    535 _IEEE_ADDR3	=	0xdf46
                    DF47    536 _IEEE_ADDR4	=	0xdf47
                    DF48    537 _IEEE_ADDR5	=	0xdf48
                    DF49    538 _IEEE_ADDR6	=	0xdf49
                    DF4A    539 _IEEE_ADDR7	=	0xdf4a
                    DF4B    540 _PANIDH	=	0xdf4b
                    DF4C    541 _PANIDL	=	0xdf4c
                    DF4D    542 _SHORTADDRH	=	0xdf4d
                    DF4E    543 _SHORTADDRL	=	0xdf4e
                    DF4F    544 _IOCFG0	=	0xdf4f
                    DF50    545 _IOCFG1	=	0xdf50
                    DF51    546 _IOCFG2	=	0xdf51
                    DF52    547 _IOCFG3	=	0xdf52
                    DF53    548 _RXFIFOCNT	=	0xdf53
                    DF54    549 _FSMTC1	=	0xdf54
                    DF60    550 _CHVER	=	0xdf60
                    DF61    551 _CHIPID	=	0xdf61
                    DF62    552 _RFSTATUS	=	0xdf62
                    DFC1    553 _U0BUF_SHADOW	=	0xdfc1
                    DFD9    554 _RFD_SHADOW	=	0xdfd9
                    DFF9    555 _U1BUF_SHADOW	=	0xdff9
                    DFBA    556 _ADC_SHADOW	=	0xdfba
                            557 ;--------------------------------------------------------
                            558 ; absolute external ram data
                            559 ;--------------------------------------------------------
                            560 	.area XABS    (ABS,XDATA)
                            561 ;--------------------------------------------------------
                            562 ; external initialized ram data
                            563 ;--------------------------------------------------------
                            564 	.area XISEG   (XDATA)
                            565 	.area HOME    (CODE)
                            566 	.area GSINIT0 (CODE)
                            567 	.area GSINIT1 (CODE)
                            568 	.area GSINIT2 (CODE)
                            569 	.area GSINIT3 (CODE)
                            570 	.area GSINIT4 (CODE)
                            571 	.area GSINIT5 (CODE)
                            572 	.area GSINIT  (CODE)
                            573 	.area GSFINAL (CODE)
                            574 	.area CSEG    (CODE)
                            575 ;--------------------------------------------------------
                            576 ; global & static initialisations
                            577 ;--------------------------------------------------------
                            578 	.area HOME    (CODE)
                            579 	.area GSINIT  (CODE)
                            580 	.area GSFINAL (CODE)
                            581 	.area GSINIT  (CODE)
                            582 ;--------------------------------------------------------
                            583 ; Home
                            584 ;--------------------------------------------------------
                            585 	.area HOME    (CODE)
                            586 	.area HOME    (CODE)
                            587 ;--------------------------------------------------------
                            588 ; code
                            589 ;--------------------------------------------------------
                            590 	.area CSEG    (CODE)
                            591 ;------------------------------------------------------------
                            592 ;Allocation info for local variables in function 'uip_debug_ipaddr_print'
                            593 ;------------------------------------------------------------
                            594 ;addr                      Allocated to stack - _bp +1
                            595 ;sloc0                     Allocated to stack - _bp +4
                            596 ;sloc1                     Allocated to stack - _bp +7
                            597 ;sloc2                     Allocated to stack - _bp +8
                            598 ;sloc3                     Allocated to stack - _bp +4
                            599 ;------------------------------------------------------------
                            600 ;	../../core/net/uip-debug.c:44: uip_debug_ipaddr_print(const uip_ipaddr_t *addr)
                            601 ;	-----------------------------------------
                            602 ;	 function uip_debug_ipaddr_print
                            603 ;	-----------------------------------------
   0000                     604 _uip_debug_ipaddr_print:
                    0007    605 	ar7 = 0x07
                    0006    606 	ar6 = 0x06
                    0005    607 	ar5 = 0x05
                    0004    608 	ar4 = 0x04
                    0003    609 	ar3 = 0x03
                    0002    610 	ar2 = 0x02
                    0001    611 	ar1 = 0x01
                    0000    612 	ar0 = 0x00
   0000 C0*00               613 	push	_bp
   0002 85 81*00            614 	mov	_bp,sp
   0005 C0 82               615 	push	dpl
   0007 C0 83               616 	push	dph
   0009 C0 F0               617 	push	b
   000B 05 81               618 	inc	sp
   000D 05 81               619 	inc	sp
   000F 05 81               620 	inc	sp
                            621 ;	../../core/net/uip-debug.c:66: PRINTA("%u.%u.%u.%u", addr->u8[0], addr->u8[1], addr->u8[2], addr->u8[3]);
   0011 A8*00               622 	mov	r0,_bp
   0013 08                  623 	inc	r0
   0014 74 03               624 	mov	a,#0x03
   0016 26                  625 	add	a,@r0
   0017 FA                  626 	mov	r2,a
   0018 E4                  627 	clr	a
   0019 08                  628 	inc	r0
   001A 36                  629 	addc	a,@r0
   001B FB                  630 	mov	r3,a
   001C 08                  631 	inc	r0
   001D 86 04               632 	mov	ar4,@r0
   001F 8A 82               633 	mov	dpl,r2
   0021 8B 83               634 	mov	dph,r3
   0023 8C F0               635 	mov	b,r4
   0025 12s00r00            636 	lcall	__gptrget
   0028 FA                  637 	mov	r2,a
   0029 7C 00               638 	mov	r4,#0x00
   002B A8*00               639 	mov	r0,_bp
   002D 08                  640 	inc	r0
   002E 74 02               641 	mov	a,#0x02
   0030 26                  642 	add	a,@r0
   0031 FF                  643 	mov	r7,a
   0032 E4                  644 	clr	a
   0033 08                  645 	inc	r0
   0034 36                  646 	addc	a,@r0
   0035 FE                  647 	mov	r6,a
   0036 08                  648 	inc	r0
   0037 86 05               649 	mov	ar5,@r0
   0039 8F 82               650 	mov	dpl,r7
   003B 8E 83               651 	mov	dph,r6
   003D 8D F0               652 	mov	b,r5
   003F 12s00r00            653 	lcall	__gptrget
   0042 FF                  654 	mov	r7,a
   0043 7E 00               655 	mov	r6,#0x00
   0045 A8*00               656 	mov	r0,_bp
   0047 08                  657 	inc	r0
   0048 E5*00               658 	mov	a,_bp
   004A 24 04               659 	add	a,#0x04
   004C F9                  660 	mov	r1,a
   004D 74 01               661 	mov	a,#0x01
   004F 26                  662 	add	a,@r0
   0050 F7                  663 	mov	@r1,a
   0051 E4                  664 	clr	a
   0052 08                  665 	inc	r0
   0053 36                  666 	addc	a,@r0
   0054 09                  667 	inc	r1
   0055 F7                  668 	mov	@r1,a
   0056 08                  669 	inc	r0
   0057 09                  670 	inc	r1
   0058 E6                  671 	mov	a,@r0
   0059 F7                  672 	mov	@r1,a
   005A E5*00               673 	mov	a,_bp
   005C 24 04               674 	add	a,#0x04
   005E F8                  675 	mov	r0,a
   005F 86 82               676 	mov	dpl,@r0
   0061 08                  677 	inc	r0
   0062 86 83               678 	mov	dph,@r0
   0064 08                  679 	inc	r0
   0065 86 F0               680 	mov	b,@r0
   0067 12s00r00            681 	lcall	__gptrget
   006A FD                  682 	mov	r5,a
   006B E5*00               683 	mov	a,_bp
   006D 24 04               684 	add	a,#0x04
   006F F8                  685 	mov	r0,a
   0070 A6 05               686 	mov	@r0,ar5
   0072 08                  687 	inc	r0
   0073 76 00               688 	mov	@r0,#0x00
   0075 A8*00               689 	mov	r0,_bp
   0077 08                  690 	inc	r0
   0078 86 82               691 	mov	dpl,@r0
   007A 08                  692 	inc	r0
   007B 86 83               693 	mov	dph,@r0
   007D 08                  694 	inc	r0
   007E 86 F0               695 	mov	b,@r0
   0080 12s00r00            696 	lcall	__gptrget
   0083 FD                  697 	mov	r5,a
   0084 7B 00               698 	mov	r3,#0x00
   0086 C0 02               699 	push	ar2
   0088 C0 04               700 	push	ar4
   008A C0 07               701 	push	ar7
   008C C0 06               702 	push	ar6
   008E E5*00               703 	mov	a,_bp
   0090 24 04               704 	add	a,#0x04
   0092 F8                  705 	mov	r0,a
   0093 E6                  706 	mov	a,@r0
   0094 C0 E0               707 	push	acc
   0096 08                  708 	inc	r0
   0097 E6                  709 	mov	a,@r0
   0098 C0 E0               710 	push	acc
   009A C0 05               711 	push	ar5
   009C C0 03               712 	push	ar3
   009E 74r00               713 	mov	a,#__str_0
   00A0 C0 E0               714 	push	acc
   00A2 74s00               715 	mov	a,#(__str_0 >> 8)
   00A4 C0 E0               716 	push	acc
   00A6 74 80               717 	mov	a,#0x80
   00A8 C0 E0               718 	push	acc
   00AA 12s00r00            719 	lcall	_printf
   00AD E5 81               720 	mov	a,sp
   00AF 24 F5               721 	add	a,#0xf5
   00B1 F5 81               722 	mov	sp,a
   00B3 85*00 81            723 	mov	sp,_bp
   00B6 D0*00               724 	pop	_bp
   00B8 22                  725 	ret
                            726 ;------------------------------------------------------------
                            727 ;Allocation info for local variables in function 'uip_debug_lladdr_print'
                            728 ;------------------------------------------------------------
                            729 ;addr                      Allocated to registers r5 r6 r7 
                            730 ;i                         Allocated to registers r3 r4 
                            731 ;------------------------------------------------------------
                            732 ;	../../core/net/uip-debug.c:71: uip_debug_lladdr_print(const uip_lladdr_t *addr)
                            733 ;	-----------------------------------------
                            734 ;	 function uip_debug_lladdr_print
                            735 ;	-----------------------------------------
   00B9                     736 _uip_debug_lladdr_print:
   00B9 AD 82               737 	mov	r5,dpl
   00BB AE 83               738 	mov	r6,dph
   00BD AF F0               739 	mov	r7,b
                            740 ;	../../core/net/uip-debug.c:74: for(i = 0; i < sizeof(uip_lladdr_t); i++) {
   00BF 7B 00               741 	mov	r3,#0x00
   00C1 7C 00               742 	mov	r4,#0x00
   00C3                     743 00103$:
   00C3 C3                  744 	clr	c
   00C4 EB                  745 	mov	a,r3
   00C5 94 06               746 	subb	a,#0x06
   00C7 EC                  747 	mov	a,r4
   00C8 94 00               748 	subb	a,#0x00
   00CA 50 75               749 	jnc	00107$
                            750 ;	../../core/net/uip-debug.c:75: if(i > 0) {
   00CC EB                  751 	mov	a,r3
   00CD 4C                  752 	orl	a,r4
   00CE 60 29               753 	jz	00102$
                            754 ;	../../core/net/uip-debug.c:76: PRINTA(":");
   00D0 C0 07               755 	push	ar7
   00D2 C0 06               756 	push	ar6
   00D4 C0 05               757 	push	ar5
   00D6 C0 04               758 	push	ar4
   00D8 C0 03               759 	push	ar3
   00DA 74r0C               760 	mov	a,#__str_1
   00DC C0 E0               761 	push	acc
   00DE 74s00               762 	mov	a,#(__str_1 >> 8)
   00E0 C0 E0               763 	push	acc
   00E2 74 80               764 	mov	a,#0x80
   00E4 C0 E0               765 	push	acc
   00E6 12s00r00            766 	lcall	_printf
   00E9 15 81               767 	dec	sp
   00EB 15 81               768 	dec	sp
   00ED 15 81               769 	dec	sp
   00EF D0 03               770 	pop	ar3
   00F1 D0 04               771 	pop	ar4
   00F3 D0 05               772 	pop	ar5
   00F5 D0 06               773 	pop	ar6
   00F7 D0 07               774 	pop	ar7
   00F9                     775 00102$:
                            776 ;	../../core/net/uip-debug.c:78: PRINTA("%02x", addr->addr[i]);
   00F9 EB                  777 	mov	a,r3
   00FA 2D                  778 	add	a,r5
   00FB F8                  779 	mov	r0,a
   00FC EC                  780 	mov	a,r4
   00FD 3E                  781 	addc	a,r6
   00FE F9                  782 	mov	r1,a
   00FF 8F 02               783 	mov	ar2,r7
   0101 88 82               784 	mov	dpl,r0
   0103 89 83               785 	mov	dph,r1
   0105 8A F0               786 	mov	b,r2
   0107 12s00r00            787 	lcall	__gptrget
   010A F8                  788 	mov	r0,a
   010B 7A 00               789 	mov	r2,#0x00
   010D C0 07               790 	push	ar7
   010F C0 06               791 	push	ar6
   0111 C0 05               792 	push	ar5
   0113 C0 04               793 	push	ar4
   0115 C0 03               794 	push	ar3
   0117 C0 00               795 	push	ar0
   0119 C0 02               796 	push	ar2
   011B 74r0E               797 	mov	a,#__str_2
   011D C0 E0               798 	push	acc
   011F 74s00               799 	mov	a,#(__str_2 >> 8)
   0121 C0 E0               800 	push	acc
   0123 74 80               801 	mov	a,#0x80
   0125 C0 E0               802 	push	acc
   0127 12s00r00            803 	lcall	_printf
   012A E5 81               804 	mov	a,sp
   012C 24 FB               805 	add	a,#0xfb
   012E F5 81               806 	mov	sp,a
   0130 D0 03               807 	pop	ar3
   0132 D0 04               808 	pop	ar4
   0134 D0 05               809 	pop	ar5
   0136 D0 06               810 	pop	ar6
   0138 D0 07               811 	pop	ar7
                            812 ;	../../core/net/uip-debug.c:74: for(i = 0; i < sizeof(uip_lladdr_t); i++) {
   013A 0B                  813 	inc	r3
   013B BB 00 85            814 	cjne	r3,#0x00,00103$
   013E 0C                  815 	inc	r4
   013F 80 82               816 	sjmp	00103$
   0141                     817 00107$:
   0141 22                  818 	ret
                            819 	.area CSEG    (CODE)
                            820 	.area CONST   (CODE)
   0000                     821 __str_0:
   0000 25 75 2E 25 75 2E   822 	.ascii "%u.%u.%u.%u"
        25 75 2E 25 75
   000B 00                  823 	.db 0x00
   000C                     824 __str_1:
   000C 3A                  825 	.ascii ":"
   000D 00                  826 	.db 0x00
   000E                     827 __str_2:
   000E 25 30 32 78         828 	.ascii "%02x"
   0012 00                  829 	.db 0x00
                            830 	.area XINIT   (CODE)
                            831 	.area CABS    (ABS,CODE)
